[2021-10-06 16:19:55,165] {scheduler_job.py:182} INFO - Started process (PID=40) to work on /opt/airflow/dags/P.py
[2021-10-06 16:19:55,167] {scheduler_job.py:633} INFO - Processing file /opt/airflow/dags/P.py for tasks to queue
[2021-10-06 16:19:55,168] {logging_mixin.py:104} INFO - [2021-10-06 16:19:55,167] {dagbag.py:487} INFO - Filling up the DagBag from /opt/airflow/dags/P.py
[2021-10-06 16:19:56,117] {scheduler_job.py:643} INFO - DAG(s) dict_keys(['Pipeline']) retrieved from /opt/airflow/dags/P.py
[2021-10-06 16:19:58,587] {logging_mixin.py:104} INFO - [2021-10-06 16:19:58,586] {dag.py:1832} INFO - Sync 1 DAGs
[2021-10-06 16:19:58,594] {logging_mixin.py:104} INFO - [2021-10-06 16:19:58,593] {dag.py:1851} INFO - Creating ORM DAG for Pipeline
[2021-10-06 16:19:58,598] {logging_mixin.py:104} INFO - [2021-10-06 16:19:58,598] {dag.py:2305} INFO - Setting next_dagrun for Pipeline to 2021-10-06 00:00:00+00:00
[2021-10-06 16:19:58,609] {scheduler_job.py:190} INFO - Processing /opt/airflow/dags/P.py took 3.447 seconds
[2021-10-06 16:20:29,026] {scheduler_job.py:182} INFO - Started process (PID=179) to work on /opt/airflow/dags/P.py
[2021-10-06 16:20:29,027] {scheduler_job.py:633} INFO - Processing file /opt/airflow/dags/P.py for tasks to queue
[2021-10-06 16:20:29,027] {logging_mixin.py:104} INFO - [2021-10-06 16:20:29,027] {dagbag.py:487} INFO - Filling up the DagBag from /opt/airflow/dags/P.py
[2021-10-06 16:20:29,299] {scheduler_job.py:643} INFO - DAG(s) dict_keys(['Pipeline']) retrieved from /opt/airflow/dags/P.py
[2021-10-06 16:20:29,313] {logging_mixin.py:104} INFO - [2021-10-06 16:20:29,313] {dag.py:1832} INFO - Sync 1 DAGs
[2021-10-06 16:20:29,322] {logging_mixin.py:104} INFO - [2021-10-06 16:20:29,322] {dag.py:2305} INFO - Setting next_dagrun for Pipeline to 2021-10-06 00:00:00+00:00
[2021-10-06 16:20:29,333] {scheduler_job.py:190} INFO - Processing /opt/airflow/dags/P.py took 0.310 seconds
[2021-10-06 16:20:59,600] {scheduler_job.py:182} INFO - Started process (PID=293) to work on /opt/airflow/dags/P.py
[2021-10-06 16:20:59,602] {scheduler_job.py:633} INFO - Processing file /opt/airflow/dags/P.py for tasks to queue
[2021-10-06 16:20:59,603] {logging_mixin.py:104} INFO - [2021-10-06 16:20:59,602] {dagbag.py:487} INFO - Filling up the DagBag from /opt/airflow/dags/P.py
[2021-10-06 16:20:59,871] {scheduler_job.py:643} INFO - DAG(s) dict_keys(['Pipeline']) retrieved from /opt/airflow/dags/P.py
[2021-10-06 16:20:59,885] {logging_mixin.py:104} INFO - [2021-10-06 16:20:59,885] {dag.py:1832} INFO - Sync 1 DAGs
[2021-10-06 16:20:59,894] {logging_mixin.py:104} INFO - [2021-10-06 16:20:59,894] {dag.py:2305} INFO - Setting next_dagrun for Pipeline to 2021-10-06 00:00:00+00:00
[2021-10-06 16:20:59,905] {scheduler_job.py:190} INFO - Processing /opt/airflow/dags/P.py took 0.306 seconds
[2021-10-06 16:21:29,981] {scheduler_job.py:182} INFO - Started process (PID=378) to work on /opt/airflow/dags/P.py
[2021-10-06 16:21:29,981] {scheduler_job.py:633} INFO - Processing file /opt/airflow/dags/P.py for tasks to queue
[2021-10-06 16:21:29,982] {logging_mixin.py:104} INFO - [2021-10-06 16:21:29,982] {dagbag.py:487} INFO - Filling up the DagBag from /opt/airflow/dags/P.py
[2021-10-06 16:21:30,218] {scheduler_job.py:643} INFO - DAG(s) dict_keys(['Pipeline']) retrieved from /opt/airflow/dags/P.py
[2021-10-06 16:21:30,229] {logging_mixin.py:104} INFO - [2021-10-06 16:21:30,229] {dag.py:1832} INFO - Sync 1 DAGs
[2021-10-06 16:21:30,237] {logging_mixin.py:104} INFO - [2021-10-06 16:21:30,237] {dag.py:2305} INFO - Setting next_dagrun for Pipeline to 2021-10-06 00:00:00+00:00
[2021-10-06 16:21:30,247] {scheduler_job.py:190} INFO - Processing /opt/airflow/dags/P.py took 0.269 seconds
[2021-10-06 16:22:01,004] {scheduler_job.py:182} INFO - Started process (PID=486) to work on /opt/airflow/dags/P.py
[2021-10-06 16:22:01,005] {scheduler_job.py:633} INFO - Processing file /opt/airflow/dags/P.py for tasks to queue
[2021-10-06 16:22:01,006] {logging_mixin.py:104} INFO - [2021-10-06 16:22:01,006] {dagbag.py:487} INFO - Filling up the DagBag from /opt/airflow/dags/P.py
[2021-10-06 16:22:01,257] {scheduler_job.py:643} INFO - DAG(s) dict_keys(['Pipeline']) retrieved from /opt/airflow/dags/P.py
[2021-10-06 16:22:01,271] {logging_mixin.py:104} INFO - [2021-10-06 16:22:01,271] {dag.py:1832} INFO - Sync 1 DAGs
[2021-10-06 16:22:01,281] {logging_mixin.py:104} INFO - [2021-10-06 16:22:01,281] {dag.py:2305} INFO - Setting next_dagrun for Pipeline to 2021-10-06 00:00:00+00:00
[2021-10-06 16:22:01,289] {scheduler_job.py:190} INFO - Processing /opt/airflow/dags/P.py took 0.287 seconds
[2021-10-06 16:22:31,610] {scheduler_job.py:182} INFO - Started process (PID=596) to work on /opt/airflow/dags/P.py
[2021-10-06 16:22:31,611] {scheduler_job.py:633} INFO - Processing file /opt/airflow/dags/P.py for tasks to queue
[2021-10-06 16:22:31,612] {logging_mixin.py:104} INFO - [2021-10-06 16:22:31,612] {dagbag.py:487} INFO - Filling up the DagBag from /opt/airflow/dags/P.py
[2021-10-06 16:22:31,838] {scheduler_job.py:643} INFO - DAG(s) dict_keys(['Pipeline']) retrieved from /opt/airflow/dags/P.py
[2021-10-06 16:22:31,849] {logging_mixin.py:104} INFO - [2021-10-06 16:22:31,848] {dag.py:1832} INFO - Sync 1 DAGs
[2021-10-06 16:22:31,856] {logging_mixin.py:104} INFO - [2021-10-06 16:22:31,856] {dag.py:2305} INFO - Setting next_dagrun for Pipeline to 2021-10-06 00:00:00+00:00
[2021-10-06 16:22:31,866] {scheduler_job.py:190} INFO - Processing /opt/airflow/dags/P.py took 0.259 seconds
[2021-10-06 16:23:02,700] {scheduler_job.py:182} INFO - Started process (PID=680) to work on /opt/airflow/dags/P.py
[2021-10-06 16:23:02,701] {scheduler_job.py:633} INFO - Processing file /opt/airflow/dags/P.py for tasks to queue
[2021-10-06 16:23:02,702] {logging_mixin.py:104} INFO - [2021-10-06 16:23:02,702] {dagbag.py:487} INFO - Filling up the DagBag from /opt/airflow/dags/P.py
[2021-10-06 16:23:02,955] {scheduler_job.py:643} INFO - DAG(s) dict_keys(['Pipeline']) retrieved from /opt/airflow/dags/P.py
[2021-10-06 16:23:02,968] {logging_mixin.py:104} INFO - [2021-10-06 16:23:02,968] {dag.py:1832} INFO - Sync 1 DAGs
[2021-10-06 16:23:02,977] {logging_mixin.py:104} INFO - [2021-10-06 16:23:02,977] {dag.py:2305} INFO - Setting next_dagrun for Pipeline to 2021-10-06 00:00:00+00:00
[2021-10-06 16:23:02,987] {scheduler_job.py:190} INFO - Processing /opt/airflow/dags/P.py took 0.289 seconds
[2021-10-06 16:23:33,204] {scheduler_job.py:182} INFO - Started process (PID=788) to work on /opt/airflow/dags/P.py
[2021-10-06 16:23:33,205] {scheduler_job.py:633} INFO - Processing file /opt/airflow/dags/P.py for tasks to queue
[2021-10-06 16:23:33,206] {logging_mixin.py:104} INFO - [2021-10-06 16:23:33,206] {dagbag.py:487} INFO - Filling up the DagBag from /opt/airflow/dags/P.py
[2021-10-06 16:23:33,492] {scheduler_job.py:643} INFO - DAG(s) dict_keys(['Pipeline']) retrieved from /opt/airflow/dags/P.py
[2021-10-06 16:23:33,508] {logging_mixin.py:104} INFO - [2021-10-06 16:23:33,507] {dag.py:1832} INFO - Sync 1 DAGs
[2021-10-06 16:23:33,519] {logging_mixin.py:104} INFO - [2021-10-06 16:23:33,519] {dag.py:2305} INFO - Setting next_dagrun for Pipeline to 2021-10-06 00:00:00+00:00
[2021-10-06 16:23:33,528] {scheduler_job.py:190} INFO - Processing /opt/airflow/dags/P.py took 0.327 seconds
