[2021-10-06 16:19:55,108] {dag_processing.py:604} INFO - Processing files using up to 2 processes at a time 
[2021-10-06 16:19:55,108] {dag_processing.py:605} INFO - Process each file at most once every 30 seconds
[2021-10-06 16:19:55,108] {dag_processing.py:607} INFO - Checking for new files in /opt/airflow/dags every 300 seconds
[2021-10-06 16:19:55,109] {dag_processing.py:755} INFO - Searching for files in /opt/airflow/dags
[2021-10-06 16:19:55,124] {dag_processing.py:758} INFO - There are 32 files in /opt/airflow/dags
[2021-10-06 16:19:55,156] {dag_processing.py:1123} INFO - Finding 'running' jobs without a recent heartbeat
[2021-10-06 16:19:55,157] {dag_processing.py:1127} INFO - Failing jobs without heartbeat after 2021-10-06 16:14:55.157137+00:00
[2021-10-06 16:19:55,182] {dag_processing.py:862} INFO - 
================================================================================
DAG File Processing Stats

File Path                                                                                                           PID  Runtime      # DAGs    # Errors  Last Runtime    Last Run
----------------------------------------------------------------------------------------------------------------  -----  ---------  --------  ----------  --------------  ----------
/opt/airflow/dags/P.py                                                                                               40  0.02s             0           0
/home/airflow/.local/lib/python3.6/site-packages/airflow/example_dags/example_passing_params_via_test_command.py     41  0.02s             0           0
/home/airflow/.local/lib/python3.6/site-packages/airflow/example_dags/example_short_circuit_operator.py                                    0           0
/home/airflow/.local/lib/python3.6/site-packages/airflow/example_dags/example_xcom.py                                                      0           0
/home/airflow/.local/lib/python3.6/site-packages/airflow/example_dags/example_kubernetes_executor.py                                       0           0
/home/airflow/.local/lib/python3.6/site-packages/airflow/example_dags/example_branch_labels.py                                             0           0
/home/airflow/.local/lib/python3.6/site-packages/airflow/example_dags/example_dag_decorator.py                                             0           0
/home/airflow/.local/lib/python3.6/site-packages/airflow/example_dags/example_task_group.py                                                0           0
/home/airflow/.local/lib/python3.6/site-packages/airflow/example_dags/example_complex.py                                                   0           0
/home/airflow/.local/lib/python3.6/site-packages/airflow/example_dags/example_kubernetes_executor_config.py                                0           0
/home/airflow/.local/lib/python3.6/site-packages/airflow/example_dags/tutorial_etl_dag.py                                                  0           0
/home/airflow/.local/lib/python3.6/site-packages/airflow/example_dags/example_skip_dag.py                                                  0           0
/home/airflow/.local/lib/python3.6/site-packages/airflow/example_dags/test_utils.py                                                        0           0
/home/airflow/.local/lib/python3.6/site-packages/airflow/example_dags/tutorial_taskflow_api_etl.py                                         0           0
/home/airflow/.local/lib/python3.6/site-packages/airflow/example_dags/tutorial.py                                                          0           0
/home/airflow/.local/lib/python3.6/site-packages/airflow/example_dags/example_branch_day_of_week_operator.py                               0           0
/home/airflow/.local/lib/python3.6/site-packages/airflow/example_dags/example_latest_only.py                                               0           0
/home/airflow/.local/lib/python3.6/site-packages/airflow/example_dags/example_python_operator.py                                           0           0
/home/airflow/.local/lib/python3.6/site-packages/airflow/example_dags/tutorial_taskflow_api_etl_virtualenv.py                              0           0
/home/airflow/.local/lib/python3.6/site-packages/airflow/example_dags/example_branch_operator.py                                           0           0
/home/airflow/.local/lib/python3.6/site-packages/airflow/example_dags/example_nested_branch_dag.py                                         0           0
/home/airflow/.local/lib/python3.6/site-packages/airflow/example_dags/example_bash_operator.py                                             0           0
/home/airflow/.local/lib/python3.6/site-packages/airflow/example_dags/example_branch_datetime_operator.py                                  0           0
/home/airflow/.local/lib/python3.6/site-packages/airflow/example_dags/example_task_group_decorator.py                                      0           0
/home/airflow/.local/lib/python3.6/site-packages/airflow/example_dags/example_branch_python_dop_operator_3.py                              0           0
/home/airflow/.local/lib/python3.6/site-packages/airflow/example_dags/example_trigger_controller_dag.py                                    0           0
/home/airflow/.local/lib/python3.6/site-packages/airflow/example_dags/example_latest_only_with_trigger.py                                  0           0
/home/airflow/.local/lib/python3.6/site-packages/airflow/example_dags/example_trigger_target_dag.py                                        0           0
/home/airflow/.local/lib/python3.6/site-packages/airflow/example_dags/example_subdag_operator.py                                           0           0
/home/airflow/.local/lib/python3.6/site-packages/airflow/example_dags/example_external_task_marker_dag.py                                  0           0
/home/airflow/.local/lib/python3.6/site-packages/airflow/example_dags/example_xcomargs.py                                                  0           0
/home/airflow/.local/lib/python3.6/site-packages/airflow/example_dags/subdags/subdag.py                                                    0           0
================================================================================
[2021-10-06 16:20:05,330] {dag_processing.py:1123} INFO - Finding 'running' jobs without a recent heartbeat
[2021-10-06 16:20:05,330] {dag_processing.py:1127} INFO - Failing jobs without heartbeat after 2021-10-06 16:15:05.330598+00:00
[2021-10-06 16:20:15,946] {dag_processing.py:1123} INFO - Finding 'running' jobs without a recent heartbeat
[2021-10-06 16:20:15,947] {dag_processing.py:1127} INFO - Failing jobs without heartbeat after 2021-10-06 16:15:15.947107+00:00
[2021-10-06 16:20:25,442] {dag_processing.py:862} INFO - 
================================================================================
DAG File Processing Stats

File Path                                                                                                         PID    Runtime      # DAGs    # Errors  Last Runtime    Last Run
----------------------------------------------------------------------------------------------------------------  -----  ---------  --------  ----------  --------------  -------------------
/home/airflow/.local/lib/python3.6/site-packages/airflow/example_dags/subdags/subdag.py                                                    0           0  0.03s           2021-10-06T16:20:22
/opt/airflow/dags/P.py                                                                                                                     1           0  3.47s           2021-10-06T16:19:58
/home/airflow/.local/lib/python3.6/site-packages/airflow/example_dags/example_passing_params_via_test_command.py                           1           0  3.49s           2021-10-06T16:19:58
/home/airflow/.local/lib/python3.6/site-packages/airflow/example_dags/example_short_circuit_operator.py                                    1           0  1.88s           2021-10-06T16:20:00
/home/airflow/.local/lib/python3.6/site-packages/airflow/example_dags/example_xcom.py                                                      1           0  1.84s           2021-10-06T16:20:00
/home/airflow/.local/lib/python3.6/site-packages/airflow/example_dags/example_kubernetes_executor.py                                       1           0  2.05s           2021-10-06T16:20:02
/home/airflow/.local/lib/python3.6/site-packages/airflow/example_dags/example_branch_labels.py                                             1           0  2.06s           2021-10-06T16:20:02
/home/airflow/.local/lib/python3.6/site-packages/airflow/example_dags/example_dag_decorator.py                                             1           0  1.79s           2021-10-06T16:20:04
/home/airflow/.local/lib/python3.6/site-packages/airflow/example_dags/example_task_group.py                                                1           0  1.77s           2021-10-06T16:20:04
/home/airflow/.local/lib/python3.6/site-packages/airflow/example_dags/example_complex.py                                                   1           0  2.22s           2021-10-06T16:20:06
/home/airflow/.local/lib/python3.6/site-packages/airflow/example_dags/example_kubernetes_executor_config.py                                1           0  2.42s           2021-10-06T16:20:06
/home/airflow/.local/lib/python3.6/site-packages/airflow/example_dags/tutorial_etl_dag.py                                                  1           0  1.98s           2021-10-06T16:20:08
/home/airflow/.local/lib/python3.6/site-packages/airflow/example_dags/example_skip_dag.py                                                  1           0  1.94s           2021-10-06T16:20:08
/home/airflow/.local/lib/python3.6/site-packages/airflow/example_dags/test_utils.py                                                        1           0  1.59s           2021-10-06T16:20:10
/home/airflow/.local/lib/python3.6/site-packages/airflow/example_dags/tutorial_taskflow_api_etl.py                                         1           0  1.60s           2021-10-06T16:20:10
/home/airflow/.local/lib/python3.6/site-packages/airflow/example_dags/tutorial.py                                                          1           0  1.58s           2021-10-06T16:20:11
/home/airflow/.local/lib/python3.6/site-packages/airflow/example_dags/example_branch_day_of_week_operator.py                               1           0  1.58s           2021-10-06T16:20:11
/home/airflow/.local/lib/python3.6/site-packages/airflow/example_dags/example_latest_only.py                                               1           0  1.66s           2021-10-06T16:20:13
/home/airflow/.local/lib/python3.6/site-packages/airflow/example_dags/example_python_operator.py                                           1           0  1.78s           2021-10-06T16:20:13
/home/airflow/.local/lib/python3.6/site-packages/airflow/example_dags/tutorial_taskflow_api_etl_virtualenv.py                              1           0  1.58s           2021-10-06T16:20:14
/home/airflow/.local/lib/python3.6/site-packages/airflow/example_dags/example_branch_operator.py                                           1           0  1.55s           2021-10-06T16:20:15
/home/airflow/.local/lib/python3.6/site-packages/airflow/example_dags/example_nested_branch_dag.py                                         1           0  1.49s           2021-10-06T16:20:16
/home/airflow/.local/lib/python3.6/site-packages/airflow/example_dags/example_bash_operator.py                                             1           0  1.50s           2021-10-06T16:20:16
/home/airflow/.local/lib/python3.6/site-packages/airflow/example_dags/example_branch_datetime_operator.py                                  1           0  1.56s           2021-10-06T16:20:17
/home/airflow/.local/lib/python3.6/site-packages/airflow/example_dags/example_task_group_decorator.py                                      1           0  1.61s           2021-10-06T16:20:18
/home/airflow/.local/lib/python3.6/site-packages/airflow/example_dags/example_branch_python_dop_operator_3.py                              1           0  1.46s           2021-10-06T16:20:19
/home/airflow/.local/lib/python3.6/site-packages/airflow/example_dags/example_trigger_controller_dag.py                                    1           0  1.47s           2021-10-06T16:20:19
/home/airflow/.local/lib/python3.6/site-packages/airflow/example_dags/example_latest_only_with_trigger.py                                  1           0  1.53s           2021-10-06T16:20:20
/home/airflow/.local/lib/python3.6/site-packages/airflow/example_dags/example_trigger_target_dag.py                                        1           0  1.59s           2021-10-06T16:20:21
/home/airflow/.local/lib/python3.6/site-packages/airflow/example_dags/example_external_task_marker_dag.py                                  2           0  1.58s           2021-10-06T16:20:22
/home/airflow/.local/lib/python3.6/site-packages/airflow/example_dags/example_xcomargs.py                                                  2           0  1.77s           2021-10-06T16:20:24
/home/airflow/.local/lib/python3.6/site-packages/airflow/example_dags/example_subdag_operator.py                                           3           0  1.68s           2021-10-06T16:20:22
================================================================================
[2021-10-06 16:20:25,998] {dag_processing.py:1123} INFO - Finding 'running' jobs without a recent heartbeat
[2021-10-06 16:20:25,998] {dag_processing.py:1127} INFO - Failing jobs without heartbeat after 2021-10-06 16:15:25.998816+00:00
[2021-10-06 16:20:36,336] {dag_processing.py:1123} INFO - Finding 'running' jobs without a recent heartbeat
[2021-10-06 16:20:36,337] {dag_processing.py:1127} INFO - Failing jobs without heartbeat after 2021-10-06 16:15:36.337161+00:00
[2021-10-06 16:20:46,921] {dag_processing.py:1123} INFO - Finding 'running' jobs without a recent heartbeat
[2021-10-06 16:20:46,921] {dag_processing.py:1127} INFO - Failing jobs without heartbeat after 2021-10-06 16:15:46.921600+00:00
[2021-10-06 16:20:55,570] {dag_processing.py:862} INFO - 
================================================================================
DAG File Processing Stats

File Path                                                                                                         PID    Runtime      # DAGs    # Errors  Last Runtime    Last Run
----------------------------------------------------------------------------------------------------------------  -----  ---------  --------  ----------  --------------  -------------------
/home/airflow/.local/lib/python3.6/site-packages/airflow/example_dags/subdags/subdag.py                                                    0           0  0.03s           2021-10-06T16:20:53
/opt/airflow/dags/P.py                                                                                                                     1           0  0.33s           2021-10-06T16:20:29
/home/airflow/.local/lib/python3.6/site-packages/airflow/example_dags/example_passing_params_via_test_command.py                           1           0  0.08s           2021-10-06T16:20:29
/home/airflow/.local/lib/python3.6/site-packages/airflow/example_dags/example_short_circuit_operator.py                                    1           0  0.07s           2021-10-06T16:20:31
/home/airflow/.local/lib/python3.6/site-packages/airflow/example_dags/example_xcom.py                                                      1           0  0.07s           2021-10-06T16:20:31
/home/airflow/.local/lib/python3.6/site-packages/airflow/example_dags/example_kubernetes_executor.py                                       1           0  0.07s           2021-10-06T16:20:33
/home/airflow/.local/lib/python3.6/site-packages/airflow/example_dags/example_branch_labels.py                                             1           0  0.07s           2021-10-06T16:20:33
/home/airflow/.local/lib/python3.6/site-packages/airflow/example_dags/example_dag_decorator.py                                             1           0  0.30s           2021-10-06T16:20:35
/home/airflow/.local/lib/python3.6/site-packages/airflow/example_dags/example_task_group.py                                                1           0  0.14s           2021-10-06T16:20:35
/home/airflow/.local/lib/python3.6/site-packages/airflow/example_dags/example_complex.py                                                   1           0  0.08s           2021-10-06T16:20:37
/home/airflow/.local/lib/python3.6/site-packages/airflow/example_dags/example_kubernetes_executor_config.py                                1           0  0.07s           2021-10-06T16:20:37
/home/airflow/.local/lib/python3.6/site-packages/airflow/example_dags/tutorial_etl_dag.py                                                  1           0  0.07s           2021-10-06T16:20:39
/home/airflow/.local/lib/python3.6/site-packages/airflow/example_dags/example_skip_dag.py                                                  1           0  0.07s           2021-10-06T16:20:39
/home/airflow/.local/lib/python3.6/site-packages/airflow/example_dags/test_utils.py                                                        1           0  0.07s           2021-10-06T16:20:40
/home/airflow/.local/lib/python3.6/site-packages/airflow/example_dags/tutorial_taskflow_api_etl.py                                         1           0  0.28s           2021-10-06T16:20:40
/home/airflow/.local/lib/python3.6/site-packages/airflow/example_dags/tutorial.py                                                          1           0  0.08s           2021-10-06T16:20:41
/home/airflow/.local/lib/python3.6/site-packages/airflow/example_dags/example_branch_day_of_week_operator.py                               1           0  0.07s           2021-10-06T16:20:42
/home/airflow/.local/lib/python3.6/site-packages/airflow/example_dags/example_latest_only.py                                               1           0  0.07s           2021-10-06T16:20:43
/home/airflow/.local/lib/python3.6/site-packages/airflow/example_dags/example_python_operator.py                                           1           0  0.07s           2021-10-06T16:20:43
/home/airflow/.local/lib/python3.6/site-packages/airflow/example_dags/tutorial_taskflow_api_etl_virtualenv.py                              1           0  0.37s           2021-10-06T16:20:46
/home/airflow/.local/lib/python3.6/site-packages/airflow/example_dags/example_branch_operator.py                                           1           0  0.10s           2021-10-06T16:20:45
/home/airflow/.local/lib/python3.6/site-packages/airflow/example_dags/example_nested_branch_dag.py                                         1           0  0.08s           2021-10-06T16:20:47
/home/airflow/.local/lib/python3.6/site-packages/airflow/example_dags/example_bash_operator.py                                             1           0  0.08s           2021-10-06T16:20:47
/home/airflow/.local/lib/python3.6/site-packages/airflow/example_dags/example_branch_datetime_operator.py                                  1           0  0.12s           2021-10-06T16:20:48
/home/airflow/.local/lib/python3.6/site-packages/airflow/example_dags/example_task_group_decorator.py                                      1           0  0.30s           2021-10-06T16:20:49
/home/airflow/.local/lib/python3.6/site-packages/airflow/example_dags/example_branch_python_dop_operator_3.py                              1           0  0.08s           2021-10-06T16:20:50
/home/airflow/.local/lib/python3.6/site-packages/airflow/example_dags/example_trigger_controller_dag.py                                    1           0  0.07s           2021-10-06T16:20:50
/home/airflow/.local/lib/python3.6/site-packages/airflow/example_dags/example_latest_only_with_trigger.py                                  1           0  0.07s           2021-10-06T16:20:51
/home/airflow/.local/lib/python3.6/site-packages/airflow/example_dags/example_trigger_target_dag.py                                        1           0  0.08s           2021-10-06T16:20:52
/home/airflow/.local/lib/python3.6/site-packages/airflow/example_dags/example_external_task_marker_dag.py                                  2           0  0.26s           2021-10-06T16:20:53
/home/airflow/.local/lib/python3.6/site-packages/airflow/example_dags/example_xcomargs.py                                                  2           0  0.25s           2021-10-06T16:20:54
/home/airflow/.local/lib/python3.6/site-packages/airflow/example_dags/example_subdag_operator.py                                           3           0  0.08s           2021-10-06T16:20:53
================================================================================
[2021-10-06 16:20:57,575] {dag_processing.py:1123} INFO - Finding 'running' jobs without a recent heartbeat
[2021-10-06 16:20:57,576] {dag_processing.py:1127} INFO - Failing jobs without heartbeat after 2021-10-06 16:15:57.576132+00:00
[2021-10-06 16:21:07,907] {dag_processing.py:1123} INFO - Finding 'running' jobs without a recent heartbeat
[2021-10-06 16:21:07,909] {dag_processing.py:1127} INFO - Failing jobs without heartbeat after 2021-10-06 16:16:07.909831+00:00
[2021-10-06 16:21:18,324] {dag_processing.py:1123} INFO - Finding 'running' jobs without a recent heartbeat
[2021-10-06 16:21:18,325] {dag_processing.py:1127} INFO - Failing jobs without heartbeat after 2021-10-06 16:16:18.325128+00:00
[2021-10-06 16:21:25,867] {dag_processing.py:862} INFO - 
================================================================================
DAG File Processing Stats

File Path                                                                                                         PID    Runtime      # DAGs    # Errors  Last Runtime    Last Run
----------------------------------------------------------------------------------------------------------------  -----  ---------  --------  ----------  --------------  -------------------
/home/airflow/.local/lib/python3.6/site-packages/airflow/example_dags/subdags/subdag.py                                                    0           0  0.03s           2021-10-06T16:21:23
/opt/airflow/dags/P.py                                                                                                                     1           0  0.32s           2021-10-06T16:20:59
/home/airflow/.local/lib/python3.6/site-packages/airflow/example_dags/example_passing_params_via_test_command.py                           1           0  0.08s           2021-10-06T16:20:59
/home/airflow/.local/lib/python3.6/site-packages/airflow/example_dags/example_short_circuit_operator.py                                    1           0  0.13s           2021-10-06T16:21:01
/home/airflow/.local/lib/python3.6/site-packages/airflow/example_dags/example_xcom.py                                                      1           0  0.09s           2021-10-06T16:21:01
/home/airflow/.local/lib/python3.6/site-packages/airflow/example_dags/example_kubernetes_executor.py                                       1           0  0.08s           2021-10-06T16:21:03
/home/airflow/.local/lib/python3.6/site-packages/airflow/example_dags/example_branch_labels.py                                             1           0  0.08s           2021-10-06T16:21:03
/home/airflow/.local/lib/python3.6/site-packages/airflow/example_dags/example_dag_decorator.py                                             1           0  0.27s           2021-10-06T16:21:06
/home/airflow/.local/lib/python3.6/site-packages/airflow/example_dags/example_task_group.py                                                1           0  0.07s           2021-10-06T16:21:05
/home/airflow/.local/lib/python3.6/site-packages/airflow/example_dags/example_complex.py                                                   1           0  0.08s           2021-10-06T16:21:07
/home/airflow/.local/lib/python3.6/site-packages/airflow/example_dags/example_kubernetes_executor_config.py                                1           0  0.07s           2021-10-06T16:21:07
/home/airflow/.local/lib/python3.6/site-packages/airflow/example_dags/tutorial_etl_dag.py                                                  1           0  0.07s           2021-10-06T16:21:10
/home/airflow/.local/lib/python3.6/site-packages/airflow/example_dags/example_skip_dag.py                                                  1           0  0.07s           2021-10-06T16:21:10
/home/airflow/.local/lib/python3.6/site-packages/airflow/example_dags/test_utils.py                                                        1           0  0.06s           2021-10-06T16:21:11
/home/airflow/.local/lib/python3.6/site-packages/airflow/example_dags/tutorial_taskflow_api_etl.py                                         1           0  0.28s           2021-10-06T16:21:11
/home/airflow/.local/lib/python3.6/site-packages/airflow/example_dags/tutorial.py                                                          1           0  0.08s           2021-10-06T16:21:12
/home/airflow/.local/lib/python3.6/site-packages/airflow/example_dags/example_branch_day_of_week_operator.py                               1           0  0.07s           2021-10-06T16:21:13
/home/airflow/.local/lib/python3.6/site-packages/airflow/example_dags/example_latest_only.py                                               1           0  0.07s           2021-10-06T16:21:14
/home/airflow/.local/lib/python3.6/site-packages/airflow/example_dags/example_python_operator.py                                           1           0  0.07s           2021-10-06T16:21:14
/home/airflow/.local/lib/python3.6/site-packages/airflow/example_dags/tutorial_taskflow_api_etl_virtualenv.py                              1           0  0.27s           2021-10-06T16:21:17
/home/airflow/.local/lib/python3.6/site-packages/airflow/example_dags/example_branch_operator.py                                           1           0  0.07s           2021-10-06T16:21:16
/home/airflow/.local/lib/python3.6/site-packages/airflow/example_dags/example_nested_branch_dag.py                                         1           0  0.07s           2021-10-06T16:21:17
/home/airflow/.local/lib/python3.6/site-packages/airflow/example_dags/example_bash_operator.py                                             1           0  0.07s           2021-10-06T16:21:17
/home/airflow/.local/lib/python3.6/site-packages/airflow/example_dags/example_branch_datetime_operator.py                                  1           0  0.07s           2021-10-06T16:21:18
/home/airflow/.local/lib/python3.6/site-packages/airflow/example_dags/example_task_group_decorator.py                                      1           0  0.29s           2021-10-06T16:21:19
/home/airflow/.local/lib/python3.6/site-packages/airflow/example_dags/example_branch_python_dop_operator_3.py                              1           0  0.07s           2021-10-06T16:21:20
/home/airflow/.local/lib/python3.6/site-packages/airflow/example_dags/example_trigger_controller_dag.py                                    1           0  0.06s           2021-10-06T16:21:20
/home/airflow/.local/lib/python3.6/site-packages/airflow/example_dags/example_latest_only_with_trigger.py                                  1           0  0.07s           2021-10-06T16:21:21
/home/airflow/.local/lib/python3.6/site-packages/airflow/example_dags/example_trigger_target_dag.py                                        1           0  0.08s           2021-10-06T16:21:22
/home/airflow/.local/lib/python3.6/site-packages/airflow/example_dags/example_external_task_marker_dag.py                                  2           0  0.27s           2021-10-06T16:21:23
/home/airflow/.local/lib/python3.6/site-packages/airflow/example_dags/example_xcomargs.py                                                  2           0  0.29s           2021-10-06T16:21:25
/home/airflow/.local/lib/python3.6/site-packages/airflow/example_dags/example_subdag_operator.py                                           3           0  0.09s           2021-10-06T16:21:23
================================================================================
[2021-10-06 16:21:28,880] {dag_processing.py:1123} INFO - Finding 'running' jobs without a recent heartbeat
[2021-10-06 16:21:28,880] {dag_processing.py:1127} INFO - Failing jobs without heartbeat after 2021-10-06 16:16:28.880743+00:00
[2021-10-06 16:21:39,156] {dag_processing.py:1123} INFO - Finding 'running' jobs without a recent heartbeat
[2021-10-06 16:21:39,156] {dag_processing.py:1127} INFO - Failing jobs without heartbeat after 2021-10-06 16:16:39.156753+00:00
[2021-10-06 16:21:49,678] {dag_processing.py:1123} INFO - Finding 'running' jobs without a recent heartbeat
[2021-10-06 16:21:49,679] {dag_processing.py:1127} INFO - Failing jobs without heartbeat after 2021-10-06 16:16:49.679368+00:00
[2021-10-06 16:21:55,963] {dag_processing.py:862} INFO - 
================================================================================
DAG File Processing Stats

File Path                                                                                                           PID  Runtime      # DAGs    # Errors  Last Runtime    Last Run
----------------------------------------------------------------------------------------------------------------  -----  ---------  --------  ----------  --------------  -------------------
/home/airflow/.local/lib/python3.6/site-packages/airflow/example_dags/subdags/subdag.py                                                    0           0  0.03s           2021-10-06T16:21:53
/opt/airflow/dags/P.py                                                                                                                     1           0  0.28s           2021-10-06T16:21:30
/home/airflow/.local/lib/python3.6/site-packages/airflow/example_dags/example_passing_params_via_test_command.py                           1           0  0.07s           2021-10-06T16:21:29
/home/airflow/.local/lib/python3.6/site-packages/airflow/example_dags/example_short_circuit_operator.py                                    1           0  0.08s           2021-10-06T16:21:32
/home/airflow/.local/lib/python3.6/site-packages/airflow/example_dags/example_xcom.py                                                      1           0  0.08s           2021-10-06T16:21:32
/home/airflow/.local/lib/python3.6/site-packages/airflow/example_dags/example_kubernetes_executor.py                                       1           0  0.07s           2021-10-06T16:21:34
/home/airflow/.local/lib/python3.6/site-packages/airflow/example_dags/example_branch_labels.py                                             1           0  0.07s           2021-10-06T16:21:34
/home/airflow/.local/lib/python3.6/site-packages/airflow/example_dags/example_dag_decorator.py                                             1           0  0.26s           2021-10-06T16:21:37
/home/airflow/.local/lib/python3.6/site-packages/airflow/example_dags/example_task_group.py                                                1           0  0.07s           2021-10-06T16:21:36
/home/airflow/.local/lib/python3.6/site-packages/airflow/example_dags/example_complex.py                                                   1           0  0.07s           2021-10-06T16:21:38
/home/airflow/.local/lib/python3.6/site-packages/airflow/example_dags/example_kubernetes_executor_config.py                                1           0  0.07s           2021-10-06T16:21:38
/home/airflow/.local/lib/python3.6/site-packages/airflow/example_dags/tutorial_etl_dag.py                                                  1           0  0.08s           2021-10-06T16:21:40
/home/airflow/.local/lib/python3.6/site-packages/airflow/example_dags/example_skip_dag.py                                                  1           0  0.08s           2021-10-06T16:21:40
/home/airflow/.local/lib/python3.6/site-packages/airflow/example_dags/test_utils.py                                                        1           0  0.06s           2021-10-06T16:21:41
/home/airflow/.local/lib/python3.6/site-packages/airflow/example_dags/tutorial_taskflow_api_etl.py                                         1           0  0.35s           2021-10-06T16:21:42
/home/airflow/.local/lib/python3.6/site-packages/airflow/example_dags/tutorial.py                                                          1           0  0.17s           2021-10-06T16:21:42
/home/airflow/.local/lib/python3.6/site-packages/airflow/example_dags/example_branch_day_of_week_operator.py                               1           0  0.06s           2021-10-06T16:21:43
/home/airflow/.local/lib/python3.6/site-packages/airflow/example_dags/example_latest_only.py                                               1           0  0.07s           2021-10-06T16:21:44
/home/airflow/.local/lib/python3.6/site-packages/airflow/example_dags/example_python_operator.py                                           1           0  0.07s           2021-10-06T16:21:44
/home/airflow/.local/lib/python3.6/site-packages/airflow/example_dags/tutorial_taskflow_api_etl_virtualenv.py                              1           0  0.07s           2021-10-06T16:21:47
/home/airflow/.local/lib/python3.6/site-packages/airflow/example_dags/example_branch_operator.py                                           1           0  0.07s           2021-10-06T16:21:46
/home/airflow/.local/lib/python3.6/site-packages/airflow/example_dags/example_nested_branch_dag.py                                         1           0  0.07s           2021-10-06T16:21:47
/home/airflow/.local/lib/python3.6/site-packages/airflow/example_dags/example_bash_operator.py                                             1           0  0.07s           2021-10-06T16:21:47
/home/airflow/.local/lib/python3.6/site-packages/airflow/example_dags/example_branch_datetime_operator.py                                  1           0  0.09s           2021-10-06T16:21:48
/home/airflow/.local/lib/python3.6/site-packages/airflow/example_dags/example_task_group_decorator.py                                      1           0  0.26s           2021-10-06T16:21:49
/home/airflow/.local/lib/python3.6/site-packages/airflow/example_dags/example_branch_python_dop_operator_3.py                              1           0  0.09s           2021-10-06T16:21:50
/home/airflow/.local/lib/python3.6/site-packages/airflow/example_dags/example_trigger_controller_dag.py                                    1           0  0.07s           2021-10-06T16:21:50
/home/airflow/.local/lib/python3.6/site-packages/airflow/example_dags/example_latest_only_with_trigger.py                                  1           0  0.07s           2021-10-06T16:21:51
/home/airflow/.local/lib/python3.6/site-packages/airflow/example_dags/example_trigger_target_dag.py                                        1           0  0.07s           2021-10-06T16:21:52
/home/airflow/.local/lib/python3.6/site-packages/airflow/example_dags/example_external_task_marker_dag.py                                  2           0  0.07s           2021-10-06T16:21:53
/home/airflow/.local/lib/python3.6/site-packages/airflow/example_dags/example_xcomargs.py                           469  0.00s             2           0  0.29s           2021-10-06T16:21:25
/home/airflow/.local/lib/python3.6/site-packages/airflow/example_dags/example_subdag_operator.py                                           3           0  0.09s           2021-10-06T16:21:53
================================================================================
[2021-10-06 16:21:59,979] {dag_processing.py:1123} INFO - Finding 'running' jobs without a recent heartbeat
[2021-10-06 16:21:59,980] {dag_processing.py:1127} INFO - Failing jobs without heartbeat after 2021-10-06 16:16:59.980239+00:00
[2021-10-06 16:22:10,334] {dag_processing.py:1123} INFO - Finding 'running' jobs without a recent heartbeat
[2021-10-06 16:22:10,335] {dag_processing.py:1127} INFO - Failing jobs without heartbeat after 2021-10-06 16:17:10.335328+00:00
[2021-10-06 16:22:20,988] {dag_processing.py:1123} INFO - Finding 'running' jobs without a recent heartbeat
[2021-10-06 16:22:20,988] {dag_processing.py:1127} INFO - Failing jobs without heartbeat after 2021-10-06 16:17:20.988744+00:00
[2021-10-06 16:22:26,300] {dag_processing.py:862} INFO - 
================================================================================
DAG File Processing Stats

File Path                                                                                                           PID  Runtime      # DAGs    # Errors  Last Runtime    Last Run
----------------------------------------------------------------------------------------------------------------  -----  ---------  --------  ----------  --------------  -------------------
/home/airflow/.local/lib/python3.6/site-packages/airflow/example_dags/subdags/subdag.py                                                    0           0  0.03s           2021-10-06T16:22:24
/opt/airflow/dags/P.py                                                                                                                     1           0  0.30s           2021-10-06T16:22:01
/home/airflow/.local/lib/python3.6/site-packages/airflow/example_dags/example_passing_params_via_test_command.py                           1           0  0.08s           2021-10-06T16:22:00
/home/airflow/.local/lib/python3.6/site-packages/airflow/example_dags/example_short_circuit_operator.py                                    1           0  0.07s           2021-10-06T16:22:02
/home/airflow/.local/lib/python3.6/site-packages/airflow/example_dags/example_xcom.py                                                      1           0  0.07s           2021-10-06T16:22:02
/home/airflow/.local/lib/python3.6/site-packages/airflow/example_dags/example_kubernetes_executor.py                                       1           0  0.07s           2021-10-06T16:22:04
/home/airflow/.local/lib/python3.6/site-packages/airflow/example_dags/example_branch_labels.py                                             1           0  0.07s           2021-10-06T16:22:04
/home/airflow/.local/lib/python3.6/site-packages/airflow/example_dags/example_dag_decorator.py                                             1           0  0.27s           2021-10-06T16:22:08
/home/airflow/.local/lib/python3.6/site-packages/airflow/example_dags/example_task_group.py                                                1           0  0.07s           2021-10-06T16:22:06
/home/airflow/.local/lib/python3.6/site-packages/airflow/example_dags/example_complex.py                                                   1           0  0.08s           2021-10-06T16:22:08
/home/airflow/.local/lib/python3.6/site-packages/airflow/example_dags/example_kubernetes_executor_config.py                                1           0  0.07s           2021-10-06T16:22:08
/home/airflow/.local/lib/python3.6/site-packages/airflow/example_dags/tutorial_etl_dag.py                                                  1           0  0.07s           2021-10-06T16:22:10
/home/airflow/.local/lib/python3.6/site-packages/airflow/example_dags/example_skip_dag.py                                                  1           0  0.07s           2021-10-06T16:22:10
/home/airflow/.local/lib/python3.6/site-packages/airflow/example_dags/test_utils.py                                                        1           0  0.06s           2021-10-06T16:22:11
/home/airflow/.local/lib/python3.6/site-packages/airflow/example_dags/tutorial_taskflow_api_etl.py                                         1           0  0.29s           2021-10-06T16:22:13
/home/airflow/.local/lib/python3.6/site-packages/airflow/example_dags/tutorial.py                                                          1           0  0.07s           2021-10-06T16:22:13
/home/airflow/.local/lib/python3.6/site-packages/airflow/example_dags/example_branch_day_of_week_operator.py                               1           0  0.08s           2021-10-06T16:22:13
/home/airflow/.local/lib/python3.6/site-packages/airflow/example_dags/example_latest_only.py                                               1           0  0.07s           2021-10-06T16:22:14
/home/airflow/.local/lib/python3.6/site-packages/airflow/example_dags/example_python_operator.py                                           1           0  0.07s           2021-10-06T16:22:14
/home/airflow/.local/lib/python3.6/site-packages/airflow/example_dags/tutorial_taskflow_api_etl_virtualenv.py                              1           0  0.28s           2021-10-06T16:22:18
/home/airflow/.local/lib/python3.6/site-packages/airflow/example_dags/example_branch_operator.py                                           1           0  0.07s           2021-10-06T16:22:16
/home/airflow/.local/lib/python3.6/site-packages/airflow/example_dags/example_nested_branch_dag.py                                         1           0  0.08s           2021-10-06T16:22:17
/home/airflow/.local/lib/python3.6/site-packages/airflow/example_dags/example_bash_operator.py                                             1           0  0.07s           2021-10-06T16:22:17
/home/airflow/.local/lib/python3.6/site-packages/airflow/example_dags/example_branch_datetime_operator.py                                  1           0  0.07s           2021-10-06T16:22:18
/home/airflow/.local/lib/python3.6/site-packages/airflow/example_dags/example_task_group_decorator.py                                      1           0  0.29s           2021-10-06T16:22:20
/home/airflow/.local/lib/python3.6/site-packages/airflow/example_dags/example_branch_python_dop_operator_3.py                              1           0  0.10s           2021-10-06T16:22:21
/home/airflow/.local/lib/python3.6/site-packages/airflow/example_dags/example_trigger_controller_dag.py                                    1           0  0.07s           2021-10-06T16:22:21
/home/airflow/.local/lib/python3.6/site-packages/airflow/example_dags/example_latest_only_with_trigger.py                                  1           0  0.06s           2021-10-06T16:22:22
/home/airflow/.local/lib/python3.6/site-packages/airflow/example_dags/example_trigger_target_dag.py                                        1           0  0.07s           2021-10-06T16:22:23
/home/airflow/.local/lib/python3.6/site-packages/airflow/example_dags/example_external_task_marker_dag.py                                  2           0  0.30s           2021-10-06T16:22:24
/home/airflow/.local/lib/python3.6/site-packages/airflow/example_dags/example_xcomargs.py                           568  0.00s             2           0  0.30s           2021-10-06T16:21:56
/home/airflow/.local/lib/python3.6/site-packages/airflow/example_dags/example_subdag_operator.py                                           3           0  0.10s           2021-10-06T16:22:24
================================================================================
[2021-10-06 16:22:31,587] {dag_processing.py:1123} INFO - Finding 'running' jobs without a recent heartbeat
[2021-10-06 16:22:31,587] {dag_processing.py:1127} INFO - Failing jobs without heartbeat after 2021-10-06 16:17:31.587959+00:00
[2021-10-06 16:22:41,906] {dag_processing.py:1123} INFO - Finding 'running' jobs without a recent heartbeat
[2021-10-06 16:22:41,907] {dag_processing.py:1127} INFO - Failing jobs without heartbeat after 2021-10-06 16:17:41.907162+00:00
[2021-10-06 16:22:52,512] {dag_processing.py:1123} INFO - Finding 'running' jobs without a recent heartbeat
[2021-10-06 16:22:52,512] {dag_processing.py:1127} INFO - Failing jobs without heartbeat after 2021-10-06 16:17:52.512767+00:00
[2021-10-06 16:22:56,649] {dag_processing.py:862} INFO - 
================================================================================
DAG File Processing Stats

File Path                                                                                                           PID  Runtime      # DAGs    # Errors  Last Runtime    Last Run
----------------------------------------------------------------------------------------------------------------  -----  ---------  --------  ----------  --------------  -------------------
/home/airflow/.local/lib/python3.6/site-packages/airflow/example_dags/subdags/subdag.py                                                    0           0  0.03s           2021-10-06T16:22:54
/opt/airflow/dags/P.py                                                                                                                     1           0  0.28s           2021-10-06T16:22:31
/home/airflow/.local/lib/python3.6/site-packages/airflow/example_dags/example_passing_params_via_test_command.py                           1           0  0.13s           2021-10-06T16:22:30
/home/airflow/.local/lib/python3.6/site-packages/airflow/example_dags/example_short_circuit_operator.py                                    1           0  0.07s           2021-10-06T16:22:32
/home/airflow/.local/lib/python3.6/site-packages/airflow/example_dags/example_xcom.py                                                      1           0  0.07s           2021-10-06T16:22:32
/home/airflow/.local/lib/python3.6/site-packages/airflow/example_dags/example_kubernetes_executor.py                                       1           0  0.07s           2021-10-06T16:22:34
/home/airflow/.local/lib/python3.6/site-packages/airflow/example_dags/example_branch_labels.py                                             1           0  0.07s           2021-10-06T16:22:34
/home/airflow/.local/lib/python3.6/site-packages/airflow/example_dags/example_dag_decorator.py                                             1           0  0.27s           2021-10-06T16:22:39
/home/airflow/.local/lib/python3.6/site-packages/airflow/example_dags/example_task_group.py                                                1           0  0.07s           2021-10-06T16:22:36
/home/airflow/.local/lib/python3.6/site-packages/airflow/example_dags/example_complex.py                                                   1           0  0.07s           2021-10-06T16:22:38
/home/airflow/.local/lib/python3.6/site-packages/airflow/example_dags/example_kubernetes_executor_config.py                                1           0  0.07s           2021-10-06T16:22:38
/home/airflow/.local/lib/python3.6/site-packages/airflow/example_dags/tutorial_etl_dag.py                                                  1           0  0.08s           2021-10-06T16:22:40
/home/airflow/.local/lib/python3.6/site-packages/airflow/example_dags/example_skip_dag.py                                                  1           0  0.07s           2021-10-06T16:22:40
/home/airflow/.local/lib/python3.6/site-packages/airflow/example_dags/test_utils.py                                                        1           0  0.10s           2021-10-06T16:22:42
/home/airflow/.local/lib/python3.6/site-packages/airflow/example_dags/tutorial_taskflow_api_etl.py                                         1           0  0.26s           2021-10-06T16:22:44
/home/airflow/.local/lib/python3.6/site-packages/airflow/example_dags/tutorial.py                                                          1           0  0.07s           2021-10-06T16:22:44
/home/airflow/.local/lib/python3.6/site-packages/airflow/example_dags/example_branch_day_of_week_operator.py                               1           0  0.06s           2021-10-06T16:22:44
/home/airflow/.local/lib/python3.6/site-packages/airflow/example_dags/example_latest_only.py                                               1           0  0.07s           2021-10-06T16:22:45
/home/airflow/.local/lib/python3.6/site-packages/airflow/example_dags/example_python_operator.py                                           1           0  0.06s           2021-10-06T16:22:45
/home/airflow/.local/lib/python3.6/site-packages/airflow/example_dags/tutorial_taskflow_api_etl_virtualenv.py                              1           0  0.30s           2021-10-06T16:22:48
/home/airflow/.local/lib/python3.6/site-packages/airflow/example_dags/example_branch_operator.py                                           1           0  0.08s           2021-10-06T16:22:47
/home/airflow/.local/lib/python3.6/site-packages/airflow/example_dags/example_nested_branch_dag.py                                         1           0  0.08s           2021-10-06T16:22:48
/home/airflow/.local/lib/python3.6/site-packages/airflow/example_dags/example_bash_operator.py                                             1           0  0.07s           2021-10-06T16:22:48
/home/airflow/.local/lib/python3.6/site-packages/airflow/example_dags/example_branch_datetime_operator.py                                  1           0  0.07s           2021-10-06T16:22:49
/home/airflow/.local/lib/python3.6/site-packages/airflow/example_dags/example_task_group_decorator.py                                      1           0  0.28s           2021-10-06T16:22:50
/home/airflow/.local/lib/python3.6/site-packages/airflow/example_dags/example_branch_python_dop_operator_3.py                              1           0  0.08s           2021-10-06T16:22:51
/home/airflow/.local/lib/python3.6/site-packages/airflow/example_dags/example_trigger_controller_dag.py                                    1           0  0.07s           2021-10-06T16:22:51
/home/airflow/.local/lib/python3.6/site-packages/airflow/example_dags/example_latest_only_with_trigger.py                                  1           0  0.10s           2021-10-06T16:22:52
/home/airflow/.local/lib/python3.6/site-packages/airflow/example_dags/example_trigger_target_dag.py                                        1           0  0.07s           2021-10-06T16:22:53
/home/airflow/.local/lib/python3.6/site-packages/airflow/example_dags/example_external_task_marker_dag.py                                  2           0  0.08s           2021-10-06T16:22:54
/home/airflow/.local/lib/python3.6/site-packages/airflow/example_dags/example_xcomargs.py                           678  0.00s             2           0  0.28s           2021-10-06T16:22:26
/home/airflow/.local/lib/python3.6/site-packages/airflow/example_dags/example_subdag_operator.py                                           3           0  0.10s           2021-10-06T16:22:54
================================================================================
[2021-10-06 16:23:02,679] {dag_processing.py:1123} INFO - Finding 'running' jobs without a recent heartbeat
[2021-10-06 16:23:02,679] {dag_processing.py:1127} INFO - Failing jobs without heartbeat after 2021-10-06 16:18:02.679960+00:00
[2021-10-06 16:23:13,215] {dag_processing.py:1123} INFO - Finding 'running' jobs without a recent heartbeat
[2021-10-06 16:23:13,215] {dag_processing.py:1127} INFO - Failing jobs without heartbeat after 2021-10-06 16:18:13.215774+00:00
[2021-10-06 16:23:23,735] {dag_processing.py:1123} INFO - Finding 'running' jobs without a recent heartbeat
[2021-10-06 16:23:23,736] {dag_processing.py:1127} INFO - Failing jobs without heartbeat after 2021-10-06 16:18:23.736256+00:00
[2021-10-06 16:23:26,936] {dag_processing.py:862} INFO - 
================================================================================
DAG File Processing Stats

File Path                                                                                                         PID    Runtime      # DAGs    # Errors  Last Runtime    Last Run
----------------------------------------------------------------------------------------------------------------  -----  ---------  --------  ----------  --------------  -------------------
/home/airflow/.local/lib/python3.6/site-packages/airflow/example_dags/subdags/subdag.py                                                    0           0  0.03s           2021-10-06T16:23:24
/opt/airflow/dags/P.py                                                                                                                     1           0  0.31s           2021-10-06T16:23:02
/home/airflow/.local/lib/python3.6/site-packages/airflow/example_dags/example_passing_params_via_test_command.py                           1           0  0.07s           2021-10-06T16:23:00
/home/airflow/.local/lib/python3.6/site-packages/airflow/example_dags/example_short_circuit_operator.py                                    1           0  0.07s           2021-10-06T16:23:02
/home/airflow/.local/lib/python3.6/site-packages/airflow/example_dags/example_xcom.py                                                      1           0  0.07s           2021-10-06T16:23:02
/home/airflow/.local/lib/python3.6/site-packages/airflow/example_dags/example_kubernetes_executor.py                                       1           0  0.07s           2021-10-06T16:23:04
/home/airflow/.local/lib/python3.6/site-packages/airflow/example_dags/example_branch_labels.py                                             1           0  0.07s           2021-10-06T16:23:04
/home/airflow/.local/lib/python3.6/site-packages/airflow/example_dags/example_dag_decorator.py                                             1           0  0.26s           2021-10-06T16:23:09
/home/airflow/.local/lib/python3.6/site-packages/airflow/example_dags/example_task_group.py                                                1           0  0.07s           2021-10-06T16:23:06
/home/airflow/.local/lib/python3.6/site-packages/airflow/example_dags/example_complex.py                                                   1           0  0.08s           2021-10-06T16:23:09
/home/airflow/.local/lib/python3.6/site-packages/airflow/example_dags/example_kubernetes_executor_config.py                                1           0  0.07s           2021-10-06T16:23:09
/home/airflow/.local/lib/python3.6/site-packages/airflow/example_dags/tutorial_etl_dag.py                                                  1           0  0.09s           2021-10-06T16:23:11
/home/airflow/.local/lib/python3.6/site-packages/airflow/example_dags/example_skip_dag.py                                                  1           0  0.08s           2021-10-06T16:23:11
/home/airflow/.local/lib/python3.6/site-packages/airflow/example_dags/test_utils.py                                                        1           0  0.14s           2021-10-06T16:23:12
/home/airflow/.local/lib/python3.6/site-packages/airflow/example_dags/tutorial_taskflow_api_etl.py                                         1           0  0.28s           2021-10-06T16:23:14
/home/airflow/.local/lib/python3.6/site-packages/airflow/example_dags/tutorial.py                                                          1           0  0.08s           2021-10-06T16:23:14
/home/airflow/.local/lib/python3.6/site-packages/airflow/example_dags/example_branch_day_of_week_operator.py                               1           0  0.08s           2021-10-06T16:23:14
/home/airflow/.local/lib/python3.6/site-packages/airflow/example_dags/example_latest_only.py                                               1           0  0.10s           2021-10-06T16:23:15
/home/airflow/.local/lib/python3.6/site-packages/airflow/example_dags/example_python_operator.py                                           1           0  0.10s           2021-10-06T16:23:15
/home/airflow/.local/lib/python3.6/site-packages/airflow/example_dags/tutorial_taskflow_api_etl_virtualenv.py                              1           0  0.27s           2021-10-06T16:23:18
/home/airflow/.local/lib/python3.6/site-packages/airflow/example_dags/example_branch_operator.py                                           1           0  0.08s           2021-10-06T16:23:17
/home/airflow/.local/lib/python3.6/site-packages/airflow/example_dags/example_nested_branch_dag.py                                         1           0  0.08s           2021-10-06T16:23:18
/home/airflow/.local/lib/python3.6/site-packages/airflow/example_dags/example_bash_operator.py                                             1           0  0.07s           2021-10-06T16:23:18
/home/airflow/.local/lib/python3.6/site-packages/airflow/example_dags/example_branch_datetime_operator.py                                  1           0  0.08s           2021-10-06T16:23:19
/home/airflow/.local/lib/python3.6/site-packages/airflow/example_dags/example_task_group_decorator.py                                      1           0  0.40s           2021-10-06T16:23:21
/home/airflow/.local/lib/python3.6/site-packages/airflow/example_dags/example_branch_python_dop_operator_3.py                              1           0  0.13s           2021-10-06T16:23:21
/home/airflow/.local/lib/python3.6/site-packages/airflow/example_dags/example_trigger_controller_dag.py                                    1           0  0.07s           2021-10-06T16:23:21
/home/airflow/.local/lib/python3.6/site-packages/airflow/example_dags/example_latest_only_with_trigger.py                                  1           0  0.07s           2021-10-06T16:23:22
/home/airflow/.local/lib/python3.6/site-packages/airflow/example_dags/example_trigger_target_dag.py                                        1           0  0.10s           2021-10-06T16:23:23
/home/airflow/.local/lib/python3.6/site-packages/airflow/example_dags/example_external_task_marker_dag.py                                  2           0  0.27s           2021-10-06T16:23:25
/home/airflow/.local/lib/python3.6/site-packages/airflow/example_dags/example_xcomargs.py                                                  2           0  0.31s           2021-10-06T16:22:56
/home/airflow/.local/lib/python3.6/site-packages/airflow/example_dags/example_subdag_operator.py                                           3           0  0.09s           2021-10-06T16:23:24
================================================================================
[2021-10-06 16:23:34,336] {dag_processing.py:1123} INFO - Finding 'running' jobs without a recent heartbeat
[2021-10-06 16:23:34,336] {dag_processing.py:1127} INFO - Failing jobs without heartbeat after 2021-10-06 16:18:34.336814+00:00
