[2021-10-06 16:20:00,499] {scheduler_job.py:182} INFO - Started process (PID=58) to work on /home/airflow/.local/lib/python3.6/site-packages/airflow/example_dags/example_kubernetes_executor.py
[2021-10-06 16:20:00,500] {scheduler_job.py:633} INFO - Processing file /home/airflow/.local/lib/python3.6/site-packages/airflow/example_dags/example_kubernetes_executor.py for tasks to queue
[2021-10-06 16:20:00,501] {logging_mixin.py:104} INFO - [2021-10-06 16:20:00,501] {dagbag.py:487} INFO - Filling up the DagBag from /home/airflow/.local/lib/python3.6/site-packages/airflow/example_dags/example_kubernetes_executor.py
[2021-10-06 16:20:00,513] {scheduler_job.py:643} INFO - DAG(s) dict_keys(['example_kubernetes_executor']) retrieved from /home/airflow/.local/lib/python3.6/site-packages/airflow/example_dags/example_kubernetes_executor.py
[2021-10-06 16:20:02,499] {logging_mixin.py:104} INFO - [2021-10-06 16:20:02,498] {dag.py:1832} INFO - Sync 1 DAGs
[2021-10-06 16:20:02,508] {logging_mixin.py:104} INFO - [2021-10-06 16:20:02,508] {dag.py:1851} INFO - Creating ORM DAG for example_kubernetes_executor
[2021-10-06 16:20:02,512] {logging_mixin.py:104} INFO - [2021-10-06 16:20:02,512] {dag.py:2305} INFO - Setting next_dagrun for example_kubernetes_executor to None
[2021-10-06 16:20:02,522] {scheduler_job.py:190} INFO - Processing /home/airflow/.local/lib/python3.6/site-packages/airflow/example_dags/example_kubernetes_executor.py took 2.026 seconds
[2021-10-06 16:20:33,137] {scheduler_job.py:182} INFO - Started process (PID=183) to work on /home/airflow/.local/lib/python3.6/site-packages/airflow/example_dags/example_kubernetes_executor.py
[2021-10-06 16:20:33,138] {scheduler_job.py:633} INFO - Processing file /home/airflow/.local/lib/python3.6/site-packages/airflow/example_dags/example_kubernetes_executor.py for tasks to queue
[2021-10-06 16:20:33,139] {logging_mixin.py:104} INFO - [2021-10-06 16:20:33,139] {dagbag.py:487} INFO - Filling up the DagBag from /home/airflow/.local/lib/python3.6/site-packages/airflow/example_dags/example_kubernetes_executor.py
[2021-10-06 16:20:33,149] {scheduler_job.py:643} INFO - DAG(s) dict_keys(['example_kubernetes_executor']) retrieved from /home/airflow/.local/lib/python3.6/site-packages/airflow/example_dags/example_kubernetes_executor.py
[2021-10-06 16:20:33,166] {logging_mixin.py:104} INFO - [2021-10-06 16:20:33,166] {dag.py:1832} INFO - Sync 1 DAGs
[2021-10-06 16:20:33,179] {logging_mixin.py:104} INFO - [2021-10-06 16:20:33,179] {dag.py:2305} INFO - Setting next_dagrun for example_kubernetes_executor to None
[2021-10-06 16:20:33,192] {scheduler_job.py:190} INFO - Processing /home/airflow/.local/lib/python3.6/site-packages/airflow/example_dags/example_kubernetes_executor.py took 0.057 seconds
[2021-10-06 16:21:03,755] {scheduler_job.py:182} INFO - Started process (PID=297) to work on /home/airflow/.local/lib/python3.6/site-packages/airflow/example_dags/example_kubernetes_executor.py
[2021-10-06 16:21:03,756] {scheduler_job.py:633} INFO - Processing file /home/airflow/.local/lib/python3.6/site-packages/airflow/example_dags/example_kubernetes_executor.py for tasks to queue
[2021-10-06 16:21:03,757] {logging_mixin.py:104} INFO - [2021-10-06 16:21:03,757] {dagbag.py:487} INFO - Filling up the DagBag from /home/airflow/.local/lib/python3.6/site-packages/airflow/example_dags/example_kubernetes_executor.py
[2021-10-06 16:21:03,768] {scheduler_job.py:643} INFO - DAG(s) dict_keys(['example_kubernetes_executor']) retrieved from /home/airflow/.local/lib/python3.6/site-packages/airflow/example_dags/example_kubernetes_executor.py
[2021-10-06 16:21:03,789] {logging_mixin.py:104} INFO - [2021-10-06 16:21:03,789] {dag.py:1832} INFO - Sync 1 DAGs
[2021-10-06 16:21:03,801] {logging_mixin.py:104} INFO - [2021-10-06 16:21:03,801] {dag.py:2305} INFO - Setting next_dagrun for example_kubernetes_executor to None
[2021-10-06 16:21:03,813] {scheduler_job.py:190} INFO - Processing /home/airflow/.local/lib/python3.6/site-packages/airflow/example_dags/example_kubernetes_executor.py took 0.061 seconds
[2021-10-06 16:21:34,003] {scheduler_job.py:182} INFO - Started process (PID=406) to work on /home/airflow/.local/lib/python3.6/site-packages/airflow/example_dags/example_kubernetes_executor.py
[2021-10-06 16:21:34,004] {scheduler_job.py:633} INFO - Processing file /home/airflow/.local/lib/python3.6/site-packages/airflow/example_dags/example_kubernetes_executor.py for tasks to queue
[2021-10-06 16:21:34,005] {logging_mixin.py:104} INFO - [2021-10-06 16:21:34,005] {dagbag.py:487} INFO - Filling up the DagBag from /home/airflow/.local/lib/python3.6/site-packages/airflow/example_dags/example_kubernetes_executor.py
[2021-10-06 16:21:34,014] {scheduler_job.py:643} INFO - DAG(s) dict_keys(['example_kubernetes_executor']) retrieved from /home/airflow/.local/lib/python3.6/site-packages/airflow/example_dags/example_kubernetes_executor.py
[2021-10-06 16:21:34,032] {logging_mixin.py:104} INFO - [2021-10-06 16:21:34,032] {dag.py:1832} INFO - Sync 1 DAGs
[2021-10-06 16:21:34,044] {logging_mixin.py:104} INFO - [2021-10-06 16:21:34,043] {dag.py:2305} INFO - Setting next_dagrun for example_kubernetes_executor to None
[2021-10-06 16:21:34,056] {scheduler_job.py:190} INFO - Processing /home/airflow/.local/lib/python3.6/site-packages/airflow/example_dags/example_kubernetes_executor.py took 0.055 seconds
[2021-10-06 16:22:04,100] {scheduler_job.py:182} INFO - Started process (PID=489) to work on /home/airflow/.local/lib/python3.6/site-packages/airflow/example_dags/example_kubernetes_executor.py
[2021-10-06 16:22:04,101] {scheduler_job.py:633} INFO - Processing file /home/airflow/.local/lib/python3.6/site-packages/airflow/example_dags/example_kubernetes_executor.py for tasks to queue
[2021-10-06 16:22:04,102] {logging_mixin.py:104} INFO - [2021-10-06 16:22:04,102] {dagbag.py:487} INFO - Filling up the DagBag from /home/airflow/.local/lib/python3.6/site-packages/airflow/example_dags/example_kubernetes_executor.py
[2021-10-06 16:22:04,112] {scheduler_job.py:643} INFO - DAG(s) dict_keys(['example_kubernetes_executor']) retrieved from /home/airflow/.local/lib/python3.6/site-packages/airflow/example_dags/example_kubernetes_executor.py
[2021-10-06 16:22:04,128] {logging_mixin.py:104} INFO - [2021-10-06 16:22:04,127] {dag.py:1832} INFO - Sync 1 DAGs
[2021-10-06 16:22:04,139] {logging_mixin.py:104} INFO - [2021-10-06 16:22:04,139] {dag.py:2305} INFO - Setting next_dagrun for example_kubernetes_executor to None
[2021-10-06 16:22:04,151] {scheduler_job.py:190} INFO - Processing /home/airflow/.local/lib/python3.6/site-packages/airflow/example_dags/example_kubernetes_executor.py took 0.053 seconds
[2021-10-06 16:22:34,653] {scheduler_job.py:182} INFO - Started process (PID=599) to work on /home/airflow/.local/lib/python3.6/site-packages/airflow/example_dags/example_kubernetes_executor.py
[2021-10-06 16:22:34,654] {scheduler_job.py:633} INFO - Processing file /home/airflow/.local/lib/python3.6/site-packages/airflow/example_dags/example_kubernetes_executor.py for tasks to queue
[2021-10-06 16:22:34,655] {logging_mixin.py:104} INFO - [2021-10-06 16:22:34,655] {dagbag.py:487} INFO - Filling up the DagBag from /home/airflow/.local/lib/python3.6/site-packages/airflow/example_dags/example_kubernetes_executor.py
[2021-10-06 16:22:34,664] {scheduler_job.py:643} INFO - DAG(s) dict_keys(['example_kubernetes_executor']) retrieved from /home/airflow/.local/lib/python3.6/site-packages/airflow/example_dags/example_kubernetes_executor.py
[2021-10-06 16:22:34,682] {logging_mixin.py:104} INFO - [2021-10-06 16:22:34,681] {dag.py:1832} INFO - Sync 1 DAGs
[2021-10-06 16:22:34,695] {logging_mixin.py:104} INFO - [2021-10-06 16:22:34,695] {dag.py:2305} INFO - Setting next_dagrun for example_kubernetes_executor to None
[2021-10-06 16:22:34,705] {scheduler_job.py:190} INFO - Processing /home/airflow/.local/lib/python3.6/site-packages/airflow/example_dags/example_kubernetes_executor.py took 0.054 seconds
[2021-10-06 16:23:04,914] {scheduler_job.py:182} INFO - Started process (PID=709) to work on /home/airflow/.local/lib/python3.6/site-packages/airflow/example_dags/example_kubernetes_executor.py
[2021-10-06 16:23:04,915] {scheduler_job.py:633} INFO - Processing file /home/airflow/.local/lib/python3.6/site-packages/airflow/example_dags/example_kubernetes_executor.py for tasks to queue
[2021-10-06 16:23:04,915] {logging_mixin.py:104} INFO - [2021-10-06 16:23:04,915] {dagbag.py:487} INFO - Filling up the DagBag from /home/airflow/.local/lib/python3.6/site-packages/airflow/example_dags/example_kubernetes_executor.py
[2021-10-06 16:23:04,925] {scheduler_job.py:643} INFO - DAG(s) dict_keys(['example_kubernetes_executor']) retrieved from /home/airflow/.local/lib/python3.6/site-packages/airflow/example_dags/example_kubernetes_executor.py
[2021-10-06 16:23:04,942] {logging_mixin.py:104} INFO - [2021-10-06 16:23:04,942] {dag.py:1832} INFO - Sync 1 DAGs
[2021-10-06 16:23:04,954] {logging_mixin.py:104} INFO - [2021-10-06 16:23:04,954] {dag.py:2305} INFO - Setting next_dagrun for example_kubernetes_executor to None
[2021-10-06 16:23:04,963] {scheduler_job.py:190} INFO - Processing /home/airflow/.local/lib/python3.6/site-packages/airflow/example_dags/example_kubernetes_executor.py took 0.052 seconds
[2021-10-06 16:23:35,359] {scheduler_job.py:182} INFO - Started process (PID=791) to work on /home/airflow/.local/lib/python3.6/site-packages/airflow/example_dags/example_kubernetes_executor.py
[2021-10-06 16:23:35,360] {scheduler_job.py:633} INFO - Processing file /home/airflow/.local/lib/python3.6/site-packages/airflow/example_dags/example_kubernetes_executor.py for tasks to queue
[2021-10-06 16:23:35,361] {logging_mixin.py:104} INFO - [2021-10-06 16:23:35,361] {dagbag.py:487} INFO - Filling up the DagBag from /home/airflow/.local/lib/python3.6/site-packages/airflow/example_dags/example_kubernetes_executor.py
[2021-10-06 16:23:35,371] {scheduler_job.py:643} INFO - DAG(s) dict_keys(['example_kubernetes_executor']) retrieved from /home/airflow/.local/lib/python3.6/site-packages/airflow/example_dags/example_kubernetes_executor.py
[2021-10-06 16:23:35,389] {logging_mixin.py:104} INFO - [2021-10-06 16:23:35,389] {dag.py:1832} INFO - Sync 1 DAGs
[2021-10-06 16:23:35,402] {logging_mixin.py:104} INFO - [2021-10-06 16:23:35,402] {dag.py:2305} INFO - Setting next_dagrun for example_kubernetes_executor to None
[2021-10-06 16:23:35,411] {scheduler_job.py:190} INFO - Processing /home/airflow/.local/lib/python3.6/site-packages/airflow/example_dags/example_kubernetes_executor.py took 0.055 seconds
