[2021-10-06 16:20:19,471] {scheduler_job.py:182} INFO - Started process (PID=142) to work on /home/airflow/.local/lib/python3.6/site-packages/airflow/example_dags/example_latest_only_with_trigger.py
[2021-10-06 16:20:19,472] {scheduler_job.py:633} INFO - Processing file /home/airflow/.local/lib/python3.6/site-packages/airflow/example_dags/example_latest_only_with_trigger.py for tasks to queue
[2021-10-06 16:20:19,472] {logging_mixin.py:104} INFO - [2021-10-06 16:20:19,472] {dagbag.py:487} INFO - Filling up the DagBag from /home/airflow/.local/lib/python3.6/site-packages/airflow/example_dags/example_latest_only_with_trigger.py
[2021-10-06 16:20:19,482] {scheduler_job.py:643} INFO - DAG(s) dict_keys(['latest_only_with_trigger']) retrieved from /home/airflow/.local/lib/python3.6/site-packages/airflow/example_dags/example_latest_only_with_trigger.py
[2021-10-06 16:20:20,962] {logging_mixin.py:104} INFO - [2021-10-06 16:20:20,961] {dag.py:1832} INFO - Sync 1 DAGs
[2021-10-06 16:20:20,969] {logging_mixin.py:104} INFO - [2021-10-06 16:20:20,968] {dag.py:1851} INFO - Creating ORM DAG for latest_only_with_trigger
[2021-10-06 16:20:20,973] {logging_mixin.py:104} INFO - [2021-10-06 16:20:20,973] {dag.py:2305} INFO - Setting next_dagrun for latest_only_with_trigger to 2021-10-04 00:00:00+00:00
[2021-10-06 16:20:20,982] {scheduler_job.py:190} INFO - Processing /home/airflow/.local/lib/python3.6/site-packages/airflow/example_dags/example_latest_only_with_trigger.py took 1.514 seconds
[2021-10-06 16:20:51,235] {scheduler_job.py:182} INFO - Started process (PID=261) to work on /home/airflow/.local/lib/python3.6/site-packages/airflow/example_dags/example_latest_only_with_trigger.py
[2021-10-06 16:20:51,236] {scheduler_job.py:633} INFO - Processing file /home/airflow/.local/lib/python3.6/site-packages/airflow/example_dags/example_latest_only_with_trigger.py for tasks to queue
[2021-10-06 16:20:51,237] {logging_mixin.py:104} INFO - [2021-10-06 16:20:51,237] {dagbag.py:487} INFO - Filling up the DagBag from /home/airflow/.local/lib/python3.6/site-packages/airflow/example_dags/example_latest_only_with_trigger.py
[2021-10-06 16:20:51,247] {scheduler_job.py:643} INFO - DAG(s) dict_keys(['latest_only_with_trigger']) retrieved from /home/airflow/.local/lib/python3.6/site-packages/airflow/example_dags/example_latest_only_with_trigger.py
[2021-10-06 16:20:51,263] {logging_mixin.py:104} INFO - [2021-10-06 16:20:51,263] {dag.py:1832} INFO - Sync 1 DAGs
[2021-10-06 16:20:51,277] {logging_mixin.py:104} INFO - [2021-10-06 16:20:51,277] {dag.py:2305} INFO - Setting next_dagrun for latest_only_with_trigger to 2021-10-04 00:00:00+00:00
[2021-10-06 16:20:51,287] {scheduler_job.py:190} INFO - Processing /home/airflow/.local/lib/python3.6/site-packages/airflow/example_dags/example_latest_only_with_trigger.py took 0.055 seconds
[2021-10-06 16:21:21,492] {scheduler_job.py:182} INFO - Started process (PID=355) to work on /home/airflow/.local/lib/python3.6/site-packages/airflow/example_dags/example_latest_only_with_trigger.py
[2021-10-06 16:21:21,493] {scheduler_job.py:633} INFO - Processing file /home/airflow/.local/lib/python3.6/site-packages/airflow/example_dags/example_latest_only_with_trigger.py for tasks to queue
[2021-10-06 16:21:21,494] {logging_mixin.py:104} INFO - [2021-10-06 16:21:21,494] {dagbag.py:487} INFO - Filling up the DagBag from /home/airflow/.local/lib/python3.6/site-packages/airflow/example_dags/example_latest_only_with_trigger.py
[2021-10-06 16:21:21,503] {scheduler_job.py:643} INFO - DAG(s) dict_keys(['latest_only_with_trigger']) retrieved from /home/airflow/.local/lib/python3.6/site-packages/airflow/example_dags/example_latest_only_with_trigger.py
[2021-10-06 16:21:21,519] {logging_mixin.py:104} INFO - [2021-10-06 16:21:21,519] {dag.py:1832} INFO - Sync 1 DAGs
[2021-10-06 16:21:21,530] {logging_mixin.py:104} INFO - [2021-10-06 16:21:21,530] {dag.py:2305} INFO - Setting next_dagrun for latest_only_with_trigger to 2021-10-04 00:00:00+00:00
[2021-10-06 16:21:21,541] {scheduler_job.py:190} INFO - Processing /home/airflow/.local/lib/python3.6/site-packages/airflow/example_dags/example_latest_only_with_trigger.py took 0.052 seconds
[2021-10-06 16:21:51,798] {scheduler_job.py:182} INFO - Started process (PID=454) to work on /home/airflow/.local/lib/python3.6/site-packages/airflow/example_dags/example_latest_only_with_trigger.py
[2021-10-06 16:21:51,799] {scheduler_job.py:633} INFO - Processing file /home/airflow/.local/lib/python3.6/site-packages/airflow/example_dags/example_latest_only_with_trigger.py for tasks to queue
[2021-10-06 16:21:51,800] {logging_mixin.py:104} INFO - [2021-10-06 16:21:51,799] {dagbag.py:487} INFO - Filling up the DagBag from /home/airflow/.local/lib/python3.6/site-packages/airflow/example_dags/example_latest_only_with_trigger.py
[2021-10-06 16:21:51,808] {scheduler_job.py:643} INFO - DAG(s) dict_keys(['latest_only_with_trigger']) retrieved from /home/airflow/.local/lib/python3.6/site-packages/airflow/example_dags/example_latest_only_with_trigger.py
[2021-10-06 16:21:51,823] {logging_mixin.py:104} INFO - [2021-10-06 16:21:51,823] {dag.py:1832} INFO - Sync 1 DAGs
[2021-10-06 16:21:51,835] {logging_mixin.py:104} INFO - [2021-10-06 16:21:51,835] {dag.py:2305} INFO - Setting next_dagrun for latest_only_with_trigger to 2021-10-04 00:00:00+00:00
[2021-10-06 16:21:51,846] {scheduler_job.py:190} INFO - Processing /home/airflow/.local/lib/python3.6/site-packages/airflow/example_dags/example_latest_only_with_trigger.py took 0.050 seconds
[2021-10-06 16:22:22,100] {scheduler_job.py:182} INFO - Started process (PID=563) to work on /home/airflow/.local/lib/python3.6/site-packages/airflow/example_dags/example_latest_only_with_trigger.py
[2021-10-06 16:22:22,101] {scheduler_job.py:633} INFO - Processing file /home/airflow/.local/lib/python3.6/site-packages/airflow/example_dags/example_latest_only_with_trigger.py for tasks to queue
[2021-10-06 16:22:22,101] {logging_mixin.py:104} INFO - [2021-10-06 16:22:22,101] {dagbag.py:487} INFO - Filling up the DagBag from /home/airflow/.local/lib/python3.6/site-packages/airflow/example_dags/example_latest_only_with_trigger.py
[2021-10-06 16:22:22,111] {scheduler_job.py:643} INFO - DAG(s) dict_keys(['latest_only_with_trigger']) retrieved from /home/airflow/.local/lib/python3.6/site-packages/airflow/example_dags/example_latest_only_with_trigger.py
[2021-10-06 16:22:22,126] {logging_mixin.py:104} INFO - [2021-10-06 16:22:22,126] {dag.py:1832} INFO - Sync 1 DAGs
[2021-10-06 16:22:22,137] {logging_mixin.py:104} INFO - [2021-10-06 16:22:22,137] {dag.py:2305} INFO - Setting next_dagrun for latest_only_with_trigger to 2021-10-04 00:00:00+00:00
[2021-10-06 16:22:22,145] {scheduler_job.py:190} INFO - Processing /home/airflow/.local/lib/python3.6/site-packages/airflow/example_dags/example_latest_only_with_trigger.py took 0.048 seconds
[2021-10-06 16:22:52,536] {scheduler_job.py:182} INFO - Started process (PID=654) to work on /home/airflow/.local/lib/python3.6/site-packages/airflow/example_dags/example_latest_only_with_trigger.py
[2021-10-06 16:22:52,537] {scheduler_job.py:633} INFO - Processing file /home/airflow/.local/lib/python3.6/site-packages/airflow/example_dags/example_latest_only_with_trigger.py for tasks to queue
[2021-10-06 16:22:52,538] {logging_mixin.py:104} INFO - [2021-10-06 16:22:52,538] {dagbag.py:487} INFO - Filling up the DagBag from /home/airflow/.local/lib/python3.6/site-packages/airflow/example_dags/example_latest_only_with_trigger.py
[2021-10-06 16:22:52,551] {scheduler_job.py:643} INFO - DAG(s) dict_keys(['latest_only_with_trigger']) retrieved from /home/airflow/.local/lib/python3.6/site-packages/airflow/example_dags/example_latest_only_with_trigger.py
[2021-10-06 16:22:52,569] {logging_mixin.py:104} INFO - [2021-10-06 16:22:52,569] {dag.py:1832} INFO - Sync 1 DAGs
[2021-10-06 16:22:52,587] {logging_mixin.py:104} INFO - [2021-10-06 16:22:52,586] {dag.py:2305} INFO - Setting next_dagrun for latest_only_with_trigger to 2021-10-04 00:00:00+00:00
[2021-10-06 16:22:52,616] {scheduler_job.py:190} INFO - Processing /home/airflow/.local/lib/python3.6/site-packages/airflow/example_dags/example_latest_only_with_trigger.py took 0.083 seconds
[2021-10-06 16:23:22,745] {scheduler_job.py:182} INFO - Started process (PID=756) to work on /home/airflow/.local/lib/python3.6/site-packages/airflow/example_dags/example_latest_only_with_trigger.py
[2021-10-06 16:23:22,746] {scheduler_job.py:633} INFO - Processing file /home/airflow/.local/lib/python3.6/site-packages/airflow/example_dags/example_latest_only_with_trigger.py for tasks to queue
[2021-10-06 16:23:22,747] {logging_mixin.py:104} INFO - [2021-10-06 16:23:22,747] {dagbag.py:487} INFO - Filling up the DagBag from /home/airflow/.local/lib/python3.6/site-packages/airflow/example_dags/example_latest_only_with_trigger.py
[2021-10-06 16:23:22,756] {scheduler_job.py:643} INFO - DAG(s) dict_keys(['latest_only_with_trigger']) retrieved from /home/airflow/.local/lib/python3.6/site-packages/airflow/example_dags/example_latest_only_with_trigger.py
[2021-10-06 16:23:22,773] {logging_mixin.py:104} INFO - [2021-10-06 16:23:22,773] {dag.py:1832} INFO - Sync 1 DAGs
[2021-10-06 16:23:22,788] {logging_mixin.py:104} INFO - [2021-10-06 16:23:22,787] {dag.py:2305} INFO - Setting next_dagrun for latest_only_with_trigger to 2021-10-04 00:00:00+00:00
[2021-10-06 16:23:22,797] {scheduler_job.py:190} INFO - Processing /home/airflow/.local/lib/python3.6/site-packages/airflow/example_dags/example_latest_only_with_trigger.py took 0.054 seconds
