[2021-10-06 16:20:21,005] {scheduler_job.py:182} INFO - Started process (PID=146) to work on /home/airflow/.local/lib/python3.6/site-packages/airflow/example_dags/example_subdag_operator.py
[2021-10-06 16:20:21,007] {scheduler_job.py:633} INFO - Processing file /home/airflow/.local/lib/python3.6/site-packages/airflow/example_dags/example_subdag_operator.py for tasks to queue
[2021-10-06 16:20:21,008] {logging_mixin.py:104} INFO - [2021-10-06 16:20:21,007] {dagbag.py:487} INFO - Filling up the DagBag from /home/airflow/.local/lib/python3.6/site-packages/airflow/example_dags/example_subdag_operator.py
[2021-10-06 16:20:21,133] {scheduler_job.py:643} INFO - DAG(s) dict_keys(['example_subdag_operator.section-1', 'example_subdag_operator.section-2', 'example_subdag_operator']) retrieved from /home/airflow/.local/lib/python3.6/site-packages/airflow/example_dags/example_subdag_operator.py
[2021-10-06 16:20:22,621] {logging_mixin.py:104} INFO - [2021-10-06 16:20:22,620] {dag.py:1832} INFO - Sync 3 DAGs
[2021-10-06 16:20:22,629] {logging_mixin.py:104} INFO - [2021-10-06 16:20:22,628] {dag.py:1851} INFO - Creating ORM DAG for example_subdag_operator.section-2
[2021-10-06 16:20:22,630] {logging_mixin.py:104} INFO - [2021-10-06 16:20:22,630] {dag.py:1851} INFO - Creating ORM DAG for example_subdag_operator.section-1
[2021-10-06 16:20:22,630] {logging_mixin.py:104} INFO - [2021-10-06 16:20:22,630] {dag.py:1851} INFO - Creating ORM DAG for example_subdag_operator
[2021-10-06 16:20:22,634] {logging_mixin.py:104} INFO - [2021-10-06 16:20:22,634] {dag.py:2305} INFO - Setting next_dagrun for example_subdag_operator to 2021-10-04 00:00:00+00:00
[2021-10-06 16:20:22,634] {logging_mixin.py:104} INFO - [2021-10-06 16:20:22,634] {dag.py:2305} INFO - Setting next_dagrun for example_subdag_operator.section-1 to None
[2021-10-06 16:20:22,635] {logging_mixin.py:104} INFO - [2021-10-06 16:20:22,635] {dag.py:2305} INFO - Setting next_dagrun for example_subdag_operator.section-2 to None
[2021-10-06 16:20:22,643] {logging_mixin.py:104} INFO - [2021-10-06 16:20:22,643] {dag.py:1832} INFO - Sync 2 DAGs
[2021-10-06 16:20:22,649] {logging_mixin.py:104} INFO - [2021-10-06 16:20:22,649] {dag.py:2305} INFO - Setting next_dagrun for example_subdag_operator.section-1 to None
[2021-10-06 16:20:22,650] {logging_mixin.py:104} INFO - [2021-10-06 16:20:22,650] {dag.py:2305} INFO - Setting next_dagrun for example_subdag_operator.section-2 to None
[2021-10-06 16:20:22,658] {scheduler_job.py:190} INFO - Processing /home/airflow/.local/lib/python3.6/site-packages/airflow/example_dags/example_subdag_operator.py took 1.657 seconds
[2021-10-06 16:20:53,310] {scheduler_job.py:182} INFO - Started process (PID=263) to work on /home/airflow/.local/lib/python3.6/site-packages/airflow/example_dags/example_subdag_operator.py
[2021-10-06 16:20:53,311] {scheduler_job.py:633} INFO - Processing file /home/airflow/.local/lib/python3.6/site-packages/airflow/example_dags/example_subdag_operator.py for tasks to queue
[2021-10-06 16:20:53,312] {logging_mixin.py:104} INFO - [2021-10-06 16:20:53,312] {dagbag.py:487} INFO - Filling up the DagBag from /home/airflow/.local/lib/python3.6/site-packages/airflow/example_dags/example_subdag_operator.py
[2021-10-06 16:20:53,339] {scheduler_job.py:643} INFO - DAG(s) dict_keys(['example_subdag_operator.section-1', 'example_subdag_operator.section-2', 'example_subdag_operator']) retrieved from /home/airflow/.local/lib/python3.6/site-packages/airflow/example_dags/example_subdag_operator.py
[2021-10-06 16:20:53,348] {logging_mixin.py:104} INFO - [2021-10-06 16:20:53,348] {dag.py:1832} INFO - Sync 3 DAGs
[2021-10-06 16:20:53,362] {logging_mixin.py:104} INFO - [2021-10-06 16:20:53,362] {dag.py:2305} INFO - Setting next_dagrun for example_subdag_operator to 2021-10-04 00:00:00+00:00
[2021-10-06 16:20:53,363] {logging_mixin.py:104} INFO - [2021-10-06 16:20:53,363] {dag.py:2305} INFO - Setting next_dagrun for example_subdag_operator.section-1 to None
[2021-10-06 16:20:53,363] {logging_mixin.py:104} INFO - [2021-10-06 16:20:53,363] {dag.py:2305} INFO - Setting next_dagrun for example_subdag_operator.section-2 to None
[2021-10-06 16:20:53,369] {logging_mixin.py:104} INFO - [2021-10-06 16:20:53,369] {dag.py:1832} INFO - Sync 2 DAGs
[2021-10-06 16:20:53,373] {logging_mixin.py:104} INFO - [2021-10-06 16:20:53,373] {dag.py:2305} INFO - Setting next_dagrun for example_subdag_operator.section-1 to None
[2021-10-06 16:20:53,374] {logging_mixin.py:104} INFO - [2021-10-06 16:20:53,374] {dag.py:2305} INFO - Setting next_dagrun for example_subdag_operator.section-2 to None
[2021-10-06 16:20:53,378] {scheduler_job.py:190} INFO - Processing /home/airflow/.local/lib/python3.6/site-packages/airflow/example_dags/example_subdag_operator.py took 0.071 seconds
[2021-10-06 16:21:23,565] {scheduler_job.py:182} INFO - Started process (PID=373) to work on /home/airflow/.local/lib/python3.6/site-packages/airflow/example_dags/example_subdag_operator.py
[2021-10-06 16:21:23,566] {scheduler_job.py:633} INFO - Processing file /home/airflow/.local/lib/python3.6/site-packages/airflow/example_dags/example_subdag_operator.py for tasks to queue
[2021-10-06 16:21:23,567] {logging_mixin.py:104} INFO - [2021-10-06 16:21:23,567] {dagbag.py:487} INFO - Filling up the DagBag from /home/airflow/.local/lib/python3.6/site-packages/airflow/example_dags/example_subdag_operator.py
[2021-10-06 16:21:23,590] {scheduler_job.py:643} INFO - DAG(s) dict_keys(['example_subdag_operator.section-1', 'example_subdag_operator.section-2', 'example_subdag_operator']) retrieved from /home/airflow/.local/lib/python3.6/site-packages/airflow/example_dags/example_subdag_operator.py
[2021-10-06 16:21:23,600] {logging_mixin.py:104} INFO - [2021-10-06 16:21:23,600] {dag.py:1832} INFO - Sync 3 DAGs
[2021-10-06 16:21:23,614] {logging_mixin.py:104} INFO - [2021-10-06 16:21:23,614] {dag.py:2305} INFO - Setting next_dagrun for example_subdag_operator to 2021-10-04 00:00:00+00:00
[2021-10-06 16:21:23,615] {logging_mixin.py:104} INFO - [2021-10-06 16:21:23,615] {dag.py:2305} INFO - Setting next_dagrun for example_subdag_operator.section-1 to None
[2021-10-06 16:21:23,616] {logging_mixin.py:104} INFO - [2021-10-06 16:21:23,616] {dag.py:2305} INFO - Setting next_dagrun for example_subdag_operator.section-2 to None
[2021-10-06 16:21:23,626] {logging_mixin.py:104} INFO - [2021-10-06 16:21:23,626] {dag.py:1832} INFO - Sync 2 DAGs
[2021-10-06 16:21:23,632] {logging_mixin.py:104} INFO - [2021-10-06 16:21:23,632] {dag.py:2305} INFO - Setting next_dagrun for example_subdag_operator.section-1 to None
[2021-10-06 16:21:23,633] {logging_mixin.py:104} INFO - [2021-10-06 16:21:23,633] {dag.py:2305} INFO - Setting next_dagrun for example_subdag_operator.section-2 to None
[2021-10-06 16:21:23,640] {scheduler_job.py:190} INFO - Processing /home/airflow/.local/lib/python3.6/site-packages/airflow/example_dags/example_subdag_operator.py took 0.077 seconds
[2021-10-06 16:21:53,877] {scheduler_job.py:182} INFO - Started process (PID=456) to work on /home/airflow/.local/lib/python3.6/site-packages/airflow/example_dags/example_subdag_operator.py
[2021-10-06 16:21:53,878] {scheduler_job.py:633} INFO - Processing file /home/airflow/.local/lib/python3.6/site-packages/airflow/example_dags/example_subdag_operator.py for tasks to queue
[2021-10-06 16:21:53,879] {logging_mixin.py:104} INFO - [2021-10-06 16:21:53,879] {dagbag.py:487} INFO - Filling up the DagBag from /home/airflow/.local/lib/python3.6/site-packages/airflow/example_dags/example_subdag_operator.py
[2021-10-06 16:21:53,903] {scheduler_job.py:643} INFO - DAG(s) dict_keys(['example_subdag_operator.section-1', 'example_subdag_operator.section-2', 'example_subdag_operator']) retrieved from /home/airflow/.local/lib/python3.6/site-packages/airflow/example_dags/example_subdag_operator.py
[2021-10-06 16:21:53,912] {logging_mixin.py:104} INFO - [2021-10-06 16:21:53,912] {dag.py:1832} INFO - Sync 3 DAGs
[2021-10-06 16:21:53,925] {logging_mixin.py:104} INFO - [2021-10-06 16:21:53,924] {dag.py:2305} INFO - Setting next_dagrun for example_subdag_operator to 2021-10-04 00:00:00+00:00
[2021-10-06 16:21:53,926] {logging_mixin.py:104} INFO - [2021-10-06 16:21:53,925] {dag.py:2305} INFO - Setting next_dagrun for example_subdag_operator.section-1 to None
[2021-10-06 16:21:53,926] {logging_mixin.py:104} INFO - [2021-10-06 16:21:53,926] {dag.py:2305} INFO - Setting next_dagrun for example_subdag_operator.section-2 to None
[2021-10-06 16:21:53,934] {logging_mixin.py:104} INFO - [2021-10-06 16:21:53,934] {dag.py:1832} INFO - Sync 2 DAGs
[2021-10-06 16:21:53,939] {logging_mixin.py:104} INFO - [2021-10-06 16:21:53,939] {dag.py:2305} INFO - Setting next_dagrun for example_subdag_operator.section-1 to None
[2021-10-06 16:21:53,940] {logging_mixin.py:104} INFO - [2021-10-06 16:21:53,940] {dag.py:2305} INFO - Setting next_dagrun for example_subdag_operator.section-2 to None
[2021-10-06 16:21:53,946] {scheduler_job.py:190} INFO - Processing /home/airflow/.local/lib/python3.6/site-packages/airflow/example_dags/example_subdag_operator.py took 0.071 seconds
[2021-10-06 16:22:24,172] {scheduler_job.py:182} INFO - Started process (PID=565) to work on /home/airflow/.local/lib/python3.6/site-packages/airflow/example_dags/example_subdag_operator.py
[2021-10-06 16:22:24,174] {scheduler_job.py:633} INFO - Processing file /home/airflow/.local/lib/python3.6/site-packages/airflow/example_dags/example_subdag_operator.py for tasks to queue
[2021-10-06 16:22:24,174] {logging_mixin.py:104} INFO - [2021-10-06 16:22:24,174] {dagbag.py:487} INFO - Filling up the DagBag from /home/airflow/.local/lib/python3.6/site-packages/airflow/example_dags/example_subdag_operator.py
[2021-10-06 16:22:24,201] {scheduler_job.py:643} INFO - DAG(s) dict_keys(['example_subdag_operator.section-1', 'example_subdag_operator.section-2', 'example_subdag_operator']) retrieved from /home/airflow/.local/lib/python3.6/site-packages/airflow/example_dags/example_subdag_operator.py
[2021-10-06 16:22:24,214] {logging_mixin.py:104} INFO - [2021-10-06 16:22:24,214] {dag.py:1832} INFO - Sync 3 DAGs
[2021-10-06 16:22:24,228] {logging_mixin.py:104} INFO - [2021-10-06 16:22:24,228] {dag.py:2305} INFO - Setting next_dagrun for example_subdag_operator to 2021-10-04 00:00:00+00:00
[2021-10-06 16:22:24,229] {logging_mixin.py:104} INFO - [2021-10-06 16:22:24,228] {dag.py:2305} INFO - Setting next_dagrun for example_subdag_operator.section-1 to None
[2021-10-06 16:22:24,229] {logging_mixin.py:104} INFO - [2021-10-06 16:22:24,229] {dag.py:2305} INFO - Setting next_dagrun for example_subdag_operator.section-2 to None
[2021-10-06 16:22:24,239] {logging_mixin.py:104} INFO - [2021-10-06 16:22:24,238] {dag.py:1832} INFO - Sync 2 DAGs
[2021-10-06 16:22:24,246] {logging_mixin.py:104} INFO - [2021-10-06 16:22:24,245] {dag.py:2305} INFO - Setting next_dagrun for example_subdag_operator.section-1 to None
[2021-10-06 16:22:24,246] {logging_mixin.py:104} INFO - [2021-10-06 16:22:24,246] {dag.py:2305} INFO - Setting next_dagrun for example_subdag_operator.section-2 to None
[2021-10-06 16:22:24,251] {scheduler_job.py:190} INFO - Processing /home/airflow/.local/lib/python3.6/site-packages/airflow/example_dags/example_subdag_operator.py took 0.082 seconds
[2021-10-06 16:22:54,560] {scheduler_job.py:182} INFO - Started process (PID=675) to work on /home/airflow/.local/lib/python3.6/site-packages/airflow/example_dags/example_subdag_operator.py
[2021-10-06 16:22:54,562] {scheduler_job.py:633} INFO - Processing file /home/airflow/.local/lib/python3.6/site-packages/airflow/example_dags/example_subdag_operator.py for tasks to queue
[2021-10-06 16:22:54,563] {logging_mixin.py:104} INFO - [2021-10-06 16:22:54,562] {dagbag.py:487} INFO - Filling up the DagBag from /home/airflow/.local/lib/python3.6/site-packages/airflow/example_dags/example_subdag_operator.py
[2021-10-06 16:22:54,590] {scheduler_job.py:643} INFO - DAG(s) dict_keys(['example_subdag_operator.section-1', 'example_subdag_operator.section-2', 'example_subdag_operator']) retrieved from /home/airflow/.local/lib/python3.6/site-packages/airflow/example_dags/example_subdag_operator.py
[2021-10-06 16:22:54,600] {logging_mixin.py:104} INFO - [2021-10-06 16:22:54,599] {dag.py:1832} INFO - Sync 3 DAGs
[2021-10-06 16:22:54,612] {logging_mixin.py:104} INFO - [2021-10-06 16:22:54,612] {dag.py:2305} INFO - Setting next_dagrun for example_subdag_operator to 2021-10-04 00:00:00+00:00
[2021-10-06 16:22:54,614] {logging_mixin.py:104} INFO - [2021-10-06 16:22:54,614] {dag.py:2305} INFO - Setting next_dagrun for example_subdag_operator.section-1 to None
[2021-10-06 16:22:54,614] {logging_mixin.py:104} INFO - [2021-10-06 16:22:54,614] {dag.py:2305} INFO - Setting next_dagrun for example_subdag_operator.section-2 to None
[2021-10-06 16:22:54,620] {logging_mixin.py:104} INFO - [2021-10-06 16:22:54,620] {dag.py:1832} INFO - Sync 2 DAGs
[2021-10-06 16:22:54,626] {logging_mixin.py:104} INFO - [2021-10-06 16:22:54,626] {dag.py:2305} INFO - Setting next_dagrun for example_subdag_operator.section-1 to None
[2021-10-06 16:22:54,627] {logging_mixin.py:104} INFO - [2021-10-06 16:22:54,627] {dag.py:2305} INFO - Setting next_dagrun for example_subdag_operator.section-2 to None
[2021-10-06 16:22:54,632] {scheduler_job.py:190} INFO - Processing /home/airflow/.local/lib/python3.6/site-packages/airflow/example_dags/example_subdag_operator.py took 0.075 seconds
[2021-10-06 16:23:24,822] {scheduler_job.py:182} INFO - Started process (PID=758) to work on /home/airflow/.local/lib/python3.6/site-packages/airflow/example_dags/example_subdag_operator.py
[2021-10-06 16:23:24,823] {scheduler_job.py:633} INFO - Processing file /home/airflow/.local/lib/python3.6/site-packages/airflow/example_dags/example_subdag_operator.py for tasks to queue
[2021-10-06 16:23:24,824] {logging_mixin.py:104} INFO - [2021-10-06 16:23:24,824] {dagbag.py:487} INFO - Filling up the DagBag from /home/airflow/.local/lib/python3.6/site-packages/airflow/example_dags/example_subdag_operator.py
[2021-10-06 16:23:24,848] {scheduler_job.py:643} INFO - DAG(s) dict_keys(['example_subdag_operator.section-1', 'example_subdag_operator.section-2', 'example_subdag_operator']) retrieved from /home/airflow/.local/lib/python3.6/site-packages/airflow/example_dags/example_subdag_operator.py
[2021-10-06 16:23:24,858] {logging_mixin.py:104} INFO - [2021-10-06 16:23:24,858] {dag.py:1832} INFO - Sync 3 DAGs
[2021-10-06 16:23:24,872] {logging_mixin.py:104} INFO - [2021-10-06 16:23:24,872] {dag.py:2305} INFO - Setting next_dagrun for example_subdag_operator to 2021-10-04 00:00:00+00:00
[2021-10-06 16:23:24,873] {logging_mixin.py:104} INFO - [2021-10-06 16:23:24,873] {dag.py:2305} INFO - Setting next_dagrun for example_subdag_operator.section-1 to None
[2021-10-06 16:23:24,874] {logging_mixin.py:104} INFO - [2021-10-06 16:23:24,874] {dag.py:2305} INFO - Setting next_dagrun for example_subdag_operator.section-2 to None
[2021-10-06 16:23:24,881] {logging_mixin.py:104} INFO - [2021-10-06 16:23:24,881] {dag.py:1832} INFO - Sync 2 DAGs
[2021-10-06 16:23:24,886] {logging_mixin.py:104} INFO - [2021-10-06 16:23:24,886] {dag.py:2305} INFO - Setting next_dagrun for example_subdag_operator.section-1 to None
[2021-10-06 16:23:24,886] {logging_mixin.py:104} INFO - [2021-10-06 16:23:24,886] {dag.py:2305} INFO - Setting next_dagrun for example_subdag_operator.section-2 to None
[2021-10-06 16:23:24,892] {scheduler_job.py:190} INFO - Processing /home/airflow/.local/lib/python3.6/site-packages/airflow/example_dags/example_subdag_operator.py took 0.074 seconds
