[2021-10-06 16:20:11,710] {scheduler_job.py:182} INFO - Started process (PID=98) to work on /home/airflow/.local/lib/python3.6/site-packages/airflow/example_dags/example_latest_only.py
[2021-10-06 16:20:11,711] {scheduler_job.py:633} INFO - Processing file /home/airflow/.local/lib/python3.6/site-packages/airflow/example_dags/example_latest_only.py for tasks to queue
[2021-10-06 16:20:11,711] {logging_mixin.py:104} INFO - [2021-10-06 16:20:11,711] {dagbag.py:487} INFO - Filling up the DagBag from /home/airflow/.local/lib/python3.6/site-packages/airflow/example_dags/example_latest_only.py
[2021-10-06 16:20:11,721] {scheduler_job.py:643} INFO - DAG(s) dict_keys(['latest_only']) retrieved from /home/airflow/.local/lib/python3.6/site-packages/airflow/example_dags/example_latest_only.py
[2021-10-06 16:20:13,328] {logging_mixin.py:104} INFO - [2021-10-06 16:20:13,327] {dag.py:1832} INFO - Sync 1 DAGs
[2021-10-06 16:20:13,336] {logging_mixin.py:104} INFO - [2021-10-06 16:20:13,335] {dag.py:1851} INFO - Creating ORM DAG for latest_only
[2021-10-06 16:20:13,340] {logging_mixin.py:104} INFO - [2021-10-06 16:20:13,340] {dag.py:2305} INFO - Setting next_dagrun for latest_only to 2021-10-04 00:00:00+00:00
[2021-10-06 16:20:13,350] {scheduler_job.py:190} INFO - Processing /home/airflow/.local/lib/python3.6/site-packages/airflow/example_dags/example_latest_only.py took 1.642 seconds
[2021-10-06 16:20:43,756] {scheduler_job.py:182} INFO - Started process (PID=226) to work on /home/airflow/.local/lib/python3.6/site-packages/airflow/example_dags/example_latest_only.py
[2021-10-06 16:20:43,757] {scheduler_job.py:633} INFO - Processing file /home/airflow/.local/lib/python3.6/site-packages/airflow/example_dags/example_latest_only.py for tasks to queue
[2021-10-06 16:20:43,758] {logging_mixin.py:104} INFO - [2021-10-06 16:20:43,758] {dagbag.py:487} INFO - Filling up the DagBag from /home/airflow/.local/lib/python3.6/site-packages/airflow/example_dags/example_latest_only.py
[2021-10-06 16:20:43,768] {scheduler_job.py:643} INFO - DAG(s) dict_keys(['latest_only']) retrieved from /home/airflow/.local/lib/python3.6/site-packages/airflow/example_dags/example_latest_only.py
[2021-10-06 16:20:43,784] {logging_mixin.py:104} INFO - [2021-10-06 16:20:43,784] {dag.py:1832} INFO - Sync 1 DAGs
[2021-10-06 16:20:43,799] {logging_mixin.py:104} INFO - [2021-10-06 16:20:43,798] {dag.py:2305} INFO - Setting next_dagrun for latest_only to 2021-10-04 00:00:00+00:00
[2021-10-06 16:20:43,807] {scheduler_job.py:190} INFO - Processing /home/airflow/.local/lib/python3.6/site-packages/airflow/example_dags/example_latest_only.py took 0.054 seconds
[2021-10-06 16:21:14,108] {scheduler_job.py:182} INFO - Started process (PID=335) to work on /home/airflow/.local/lib/python3.6/site-packages/airflow/example_dags/example_latest_only.py
[2021-10-06 16:21:14,109] {scheduler_job.py:633} INFO - Processing file /home/airflow/.local/lib/python3.6/site-packages/airflow/example_dags/example_latest_only.py for tasks to queue
[2021-10-06 16:21:14,109] {logging_mixin.py:104} INFO - [2021-10-06 16:21:14,109] {dagbag.py:487} INFO - Filling up the DagBag from /home/airflow/.local/lib/python3.6/site-packages/airflow/example_dags/example_latest_only.py
[2021-10-06 16:21:14,118] {scheduler_job.py:643} INFO - DAG(s) dict_keys(['latest_only']) retrieved from /home/airflow/.local/lib/python3.6/site-packages/airflow/example_dags/example_latest_only.py
[2021-10-06 16:21:14,134] {logging_mixin.py:104} INFO - [2021-10-06 16:21:14,134] {dag.py:1832} INFO - Sync 1 DAGs
[2021-10-06 16:21:14,145] {logging_mixin.py:104} INFO - [2021-10-06 16:21:14,145] {dag.py:2305} INFO - Setting next_dagrun for latest_only to 2021-10-04 00:00:00+00:00
[2021-10-06 16:21:14,156] {scheduler_job.py:190} INFO - Processing /home/airflow/.local/lib/python3.6/site-packages/airflow/example_dags/example_latest_only.py took 0.051 seconds
[2021-10-06 16:21:44,457] {scheduler_job.py:182} INFO - Started process (PID=429) to work on /home/airflow/.local/lib/python3.6/site-packages/airflow/example_dags/example_latest_only.py
[2021-10-06 16:21:44,458] {scheduler_job.py:633} INFO - Processing file /home/airflow/.local/lib/python3.6/site-packages/airflow/example_dags/example_latest_only.py for tasks to queue
[2021-10-06 16:21:44,460] {logging_mixin.py:104} INFO - [2021-10-06 16:21:44,460] {dagbag.py:487} INFO - Filling up the DagBag from /home/airflow/.local/lib/python3.6/site-packages/airflow/example_dags/example_latest_only.py
[2021-10-06 16:21:44,469] {scheduler_job.py:643} INFO - DAG(s) dict_keys(['latest_only']) retrieved from /home/airflow/.local/lib/python3.6/site-packages/airflow/example_dags/example_latest_only.py
[2021-10-06 16:21:44,487] {logging_mixin.py:104} INFO - [2021-10-06 16:21:44,487] {dag.py:1832} INFO - Sync 1 DAGs
[2021-10-06 16:21:44,500] {logging_mixin.py:104} INFO - [2021-10-06 16:21:44,500] {dag.py:2305} INFO - Setting next_dagrun for latest_only to 2021-10-04 00:00:00+00:00
[2021-10-06 16:21:44,509] {scheduler_job.py:190} INFO - Processing /home/airflow/.local/lib/python3.6/site-packages/airflow/example_dags/example_latest_only.py took 0.054 seconds
[2021-10-06 16:22:14,675] {scheduler_job.py:182} INFO - Started process (PID=527) to work on /home/airflow/.local/lib/python3.6/site-packages/airflow/example_dags/example_latest_only.py
[2021-10-06 16:22:14,677] {scheduler_job.py:633} INFO - Processing file /home/airflow/.local/lib/python3.6/site-packages/airflow/example_dags/example_latest_only.py for tasks to queue
[2021-10-06 16:22:14,678] {logging_mixin.py:104} INFO - [2021-10-06 16:22:14,678] {dagbag.py:487} INFO - Filling up the DagBag from /home/airflow/.local/lib/python3.6/site-packages/airflow/example_dags/example_latest_only.py
[2021-10-06 16:22:14,686] {scheduler_job.py:643} INFO - DAG(s) dict_keys(['latest_only']) retrieved from /home/airflow/.local/lib/python3.6/site-packages/airflow/example_dags/example_latest_only.py
[2021-10-06 16:22:14,703] {logging_mixin.py:104} INFO - [2021-10-06 16:22:14,703] {dag.py:1832} INFO - Sync 1 DAGs
[2021-10-06 16:22:14,715] {logging_mixin.py:104} INFO - [2021-10-06 16:22:14,715] {dag.py:2305} INFO - Setting next_dagrun for latest_only to 2021-10-04 00:00:00+00:00
[2021-10-06 16:22:14,725] {scheduler_job.py:190} INFO - Processing /home/airflow/.local/lib/python3.6/site-packages/airflow/example_dags/example_latest_only.py took 0.053 seconds
[2021-10-06 16:22:45,132] {scheduler_job.py:182} INFO - Started process (PID=637) to work on /home/airflow/.local/lib/python3.6/site-packages/airflow/example_dags/example_latest_only.py
[2021-10-06 16:22:45,133] {scheduler_job.py:633} INFO - Processing file /home/airflow/.local/lib/python3.6/site-packages/airflow/example_dags/example_latest_only.py for tasks to queue
[2021-10-06 16:22:45,133] {logging_mixin.py:104} INFO - [2021-10-06 16:22:45,133] {dagbag.py:487} INFO - Filling up the DagBag from /home/airflow/.local/lib/python3.6/site-packages/airflow/example_dags/example_latest_only.py
[2021-10-06 16:22:45,142] {scheduler_job.py:643} INFO - DAG(s) dict_keys(['latest_only']) retrieved from /home/airflow/.local/lib/python3.6/site-packages/airflow/example_dags/example_latest_only.py
[2021-10-06 16:22:45,158] {logging_mixin.py:104} INFO - [2021-10-06 16:22:45,158] {dag.py:1832} INFO - Sync 1 DAGs
[2021-10-06 16:22:45,170] {logging_mixin.py:104} INFO - [2021-10-06 16:22:45,170] {dag.py:2305} INFO - Setting next_dagrun for latest_only to 2021-10-04 00:00:00+00:00
[2021-10-06 16:22:45,182] {scheduler_job.py:190} INFO - Processing /home/airflow/.local/lib/python3.6/site-packages/airflow/example_dags/example_latest_only.py took 0.053 seconds
[2021-10-06 16:23:15,329] {scheduler_job.py:182} INFO - Started process (PID=727) to work on /home/airflow/.local/lib/python3.6/site-packages/airflow/example_dags/example_latest_only.py
[2021-10-06 16:23:15,331] {scheduler_job.py:633} INFO - Processing file /home/airflow/.local/lib/python3.6/site-packages/airflow/example_dags/example_latest_only.py for tasks to queue
[2021-10-06 16:23:15,332] {logging_mixin.py:104} INFO - [2021-10-06 16:23:15,332] {dagbag.py:487} INFO - Filling up the DagBag from /home/airflow/.local/lib/python3.6/site-packages/airflow/example_dags/example_latest_only.py
[2021-10-06 16:23:15,348] {scheduler_job.py:643} INFO - DAG(s) dict_keys(['latest_only']) retrieved from /home/airflow/.local/lib/python3.6/site-packages/airflow/example_dags/example_latest_only.py
[2021-10-06 16:23:15,370] {logging_mixin.py:104} INFO - [2021-10-06 16:23:15,370] {dag.py:1832} INFO - Sync 1 DAGs
[2021-10-06 16:23:15,391] {logging_mixin.py:104} INFO - [2021-10-06 16:23:15,391] {dag.py:2305} INFO - Setting next_dagrun for latest_only to 2021-10-04 00:00:00+00:00
[2021-10-06 16:23:15,403] {scheduler_job.py:190} INFO - Processing /home/airflow/.local/lib/python3.6/site-packages/airflow/example_dags/example_latest_only.py took 0.078 seconds
