[2021-10-06 16:20:00,512] {scheduler_job.py:182} INFO - Started process (PID=59) to work on /home/airflow/.local/lib/python3.6/site-packages/airflow/example_dags/example_branch_labels.py
[2021-10-06 16:20:00,513] {scheduler_job.py:633} INFO - Processing file /home/airflow/.local/lib/python3.6/site-packages/airflow/example_dags/example_branch_labels.py for tasks to queue
[2021-10-06 16:20:00,514] {logging_mixin.py:104} INFO - [2021-10-06 16:20:00,514] {dagbag.py:487} INFO - Filling up the DagBag from /home/airflow/.local/lib/python3.6/site-packages/airflow/example_dags/example_branch_labels.py
[2021-10-06 16:20:00,526] {scheduler_job.py:643} INFO - DAG(s) dict_keys(['example_branch_labels']) retrieved from /home/airflow/.local/lib/python3.6/site-packages/airflow/example_dags/example_branch_labels.py
[2021-10-06 16:20:02,533] {logging_mixin.py:104} INFO - [2021-10-06 16:20:02,532] {dag.py:1832} INFO - Sync 1 DAGs
[2021-10-06 16:20:02,542] {logging_mixin.py:104} INFO - [2021-10-06 16:20:02,541] {dag.py:1851} INFO - Creating ORM DAG for example_branch_labels
[2021-10-06 16:20:02,547] {logging_mixin.py:104} INFO - [2021-10-06 16:20:02,547] {dag.py:2305} INFO - Setting next_dagrun for example_branch_labels to 2021-10-04 00:00:00+00:00
[2021-10-06 16:20:02,554] {scheduler_job.py:190} INFO - Processing /home/airflow/.local/lib/python3.6/site-packages/airflow/example_dags/example_branch_labels.py took 2.044 seconds
[2021-10-06 16:20:33,137] {scheduler_job.py:182} INFO - Started process (PID=184) to work on /home/airflow/.local/lib/python3.6/site-packages/airflow/example_dags/example_branch_labels.py
[2021-10-06 16:20:33,138] {scheduler_job.py:633} INFO - Processing file /home/airflow/.local/lib/python3.6/site-packages/airflow/example_dags/example_branch_labels.py for tasks to queue
[2021-10-06 16:20:33,139] {logging_mixin.py:104} INFO - [2021-10-06 16:20:33,139] {dagbag.py:487} INFO - Filling up the DagBag from /home/airflow/.local/lib/python3.6/site-packages/airflow/example_dags/example_branch_labels.py
[2021-10-06 16:20:33,148] {scheduler_job.py:643} INFO - DAG(s) dict_keys(['example_branch_labels']) retrieved from /home/airflow/.local/lib/python3.6/site-packages/airflow/example_dags/example_branch_labels.py
[2021-10-06 16:20:33,165] {logging_mixin.py:104} INFO - [2021-10-06 16:20:33,165] {dag.py:1832} INFO - Sync 1 DAGs
[2021-10-06 16:20:33,182] {logging_mixin.py:104} INFO - [2021-10-06 16:20:33,181] {dag.py:2305} INFO - Setting next_dagrun for example_branch_labels to 2021-10-04 00:00:00+00:00
[2021-10-06 16:20:33,193] {scheduler_job.py:190} INFO - Processing /home/airflow/.local/lib/python3.6/site-packages/airflow/example_dags/example_branch_labels.py took 0.058 seconds
[2021-10-06 16:21:03,755] {scheduler_job.py:182} INFO - Started process (PID=298) to work on /home/airflow/.local/lib/python3.6/site-packages/airflow/example_dags/example_branch_labels.py
[2021-10-06 16:21:03,756] {scheduler_job.py:633} INFO - Processing file /home/airflow/.local/lib/python3.6/site-packages/airflow/example_dags/example_branch_labels.py for tasks to queue
[2021-10-06 16:21:03,757] {logging_mixin.py:104} INFO - [2021-10-06 16:21:03,757] {dagbag.py:487} INFO - Filling up the DagBag from /home/airflow/.local/lib/python3.6/site-packages/airflow/example_dags/example_branch_labels.py
[2021-10-06 16:21:03,768] {scheduler_job.py:643} INFO - DAG(s) dict_keys(['example_branch_labels']) retrieved from /home/airflow/.local/lib/python3.6/site-packages/airflow/example_dags/example_branch_labels.py
[2021-10-06 16:21:03,789] {logging_mixin.py:104} INFO - [2021-10-06 16:21:03,789] {dag.py:1832} INFO - Sync 1 DAGs
[2021-10-06 16:21:03,804] {logging_mixin.py:104} INFO - [2021-10-06 16:21:03,803] {dag.py:2305} INFO - Setting next_dagrun for example_branch_labels to 2021-10-04 00:00:00+00:00
[2021-10-06 16:21:03,815] {scheduler_job.py:190} INFO - Processing /home/airflow/.local/lib/python3.6/site-packages/airflow/example_dags/example_branch_labels.py took 0.063 seconds
[2021-10-06 16:21:34,004] {scheduler_job.py:182} INFO - Started process (PID=407) to work on /home/airflow/.local/lib/python3.6/site-packages/airflow/example_dags/example_branch_labels.py
[2021-10-06 16:21:34,005] {scheduler_job.py:633} INFO - Processing file /home/airflow/.local/lib/python3.6/site-packages/airflow/example_dags/example_branch_labels.py for tasks to queue
[2021-10-06 16:21:34,005] {logging_mixin.py:104} INFO - [2021-10-06 16:21:34,005] {dagbag.py:487} INFO - Filling up the DagBag from /home/airflow/.local/lib/python3.6/site-packages/airflow/example_dags/example_branch_labels.py
[2021-10-06 16:21:34,014] {scheduler_job.py:643} INFO - DAG(s) dict_keys(['example_branch_labels']) retrieved from /home/airflow/.local/lib/python3.6/site-packages/airflow/example_dags/example_branch_labels.py
[2021-10-06 16:21:34,032] {logging_mixin.py:104} INFO - [2021-10-06 16:21:34,032] {dag.py:1832} INFO - Sync 1 DAGs
[2021-10-06 16:21:34,045] {logging_mixin.py:104} INFO - [2021-10-06 16:21:34,045] {dag.py:2305} INFO - Setting next_dagrun for example_branch_labels to 2021-10-04 00:00:00+00:00
[2021-10-06 16:21:34,056] {scheduler_job.py:190} INFO - Processing /home/airflow/.local/lib/python3.6/site-packages/airflow/example_dags/example_branch_labels.py took 0.055 seconds
[2021-10-06 16:22:04,100] {scheduler_job.py:182} INFO - Started process (PID=490) to work on /home/airflow/.local/lib/python3.6/site-packages/airflow/example_dags/example_branch_labels.py
[2021-10-06 16:22:04,101] {scheduler_job.py:633} INFO - Processing file /home/airflow/.local/lib/python3.6/site-packages/airflow/example_dags/example_branch_labels.py for tasks to queue
[2021-10-06 16:22:04,102] {logging_mixin.py:104} INFO - [2021-10-06 16:22:04,102] {dagbag.py:487} INFO - Filling up the DagBag from /home/airflow/.local/lib/python3.6/site-packages/airflow/example_dags/example_branch_labels.py
[2021-10-06 16:22:04,111] {scheduler_job.py:643} INFO - DAG(s) dict_keys(['example_branch_labels']) retrieved from /home/airflow/.local/lib/python3.6/site-packages/airflow/example_dags/example_branch_labels.py
[2021-10-06 16:22:04,127] {logging_mixin.py:104} INFO - [2021-10-06 16:22:04,127] {dag.py:1832} INFO - Sync 1 DAGs
[2021-10-06 16:22:04,141] {logging_mixin.py:104} INFO - [2021-10-06 16:22:04,141] {dag.py:2305} INFO - Setting next_dagrun for example_branch_labels to 2021-10-04 00:00:00+00:00
[2021-10-06 16:22:04,153] {scheduler_job.py:190} INFO - Processing /home/airflow/.local/lib/python3.6/site-packages/airflow/example_dags/example_branch_labels.py took 0.055 seconds
[2021-10-06 16:22:34,653] {scheduler_job.py:182} INFO - Started process (PID=600) to work on /home/airflow/.local/lib/python3.6/site-packages/airflow/example_dags/example_branch_labels.py
[2021-10-06 16:22:34,654] {scheduler_job.py:633} INFO - Processing file /home/airflow/.local/lib/python3.6/site-packages/airflow/example_dags/example_branch_labels.py for tasks to queue
[2021-10-06 16:22:34,655] {logging_mixin.py:104} INFO - [2021-10-06 16:22:34,655] {dagbag.py:487} INFO - Filling up the DagBag from /home/airflow/.local/lib/python3.6/site-packages/airflow/example_dags/example_branch_labels.py
[2021-10-06 16:22:34,664] {scheduler_job.py:643} INFO - DAG(s) dict_keys(['example_branch_labels']) retrieved from /home/airflow/.local/lib/python3.6/site-packages/airflow/example_dags/example_branch_labels.py
[2021-10-06 16:22:34,682] {logging_mixin.py:104} INFO - [2021-10-06 16:22:34,682] {dag.py:1832} INFO - Sync 1 DAGs
[2021-10-06 16:22:34,697] {logging_mixin.py:104} INFO - [2021-10-06 16:22:34,697] {dag.py:2305} INFO - Setting next_dagrun for example_branch_labels to 2021-10-04 00:00:00+00:00
[2021-10-06 16:22:34,706] {scheduler_job.py:190} INFO - Processing /home/airflow/.local/lib/python3.6/site-packages/airflow/example_dags/example_branch_labels.py took 0.055 seconds
[2021-10-06 16:23:04,914] {scheduler_job.py:182} INFO - Started process (PID=710) to work on /home/airflow/.local/lib/python3.6/site-packages/airflow/example_dags/example_branch_labels.py
[2021-10-06 16:23:04,915] {scheduler_job.py:633} INFO - Processing file /home/airflow/.local/lib/python3.6/site-packages/airflow/example_dags/example_branch_labels.py for tasks to queue
[2021-10-06 16:23:04,915] {logging_mixin.py:104} INFO - [2021-10-06 16:23:04,915] {dagbag.py:487} INFO - Filling up the DagBag from /home/airflow/.local/lib/python3.6/site-packages/airflow/example_dags/example_branch_labels.py
[2021-10-06 16:23:04,924] {scheduler_job.py:643} INFO - DAG(s) dict_keys(['example_branch_labels']) retrieved from /home/airflow/.local/lib/python3.6/site-packages/airflow/example_dags/example_branch_labels.py
[2021-10-06 16:23:04,942] {logging_mixin.py:104} INFO - [2021-10-06 16:23:04,942] {dag.py:1832} INFO - Sync 1 DAGs
[2021-10-06 16:23:04,956] {logging_mixin.py:104} INFO - [2021-10-06 16:23:04,956] {dag.py:2305} INFO - Setting next_dagrun for example_branch_labels to 2021-10-04 00:00:00+00:00
[2021-10-06 16:23:04,965] {scheduler_job.py:190} INFO - Processing /home/airflow/.local/lib/python3.6/site-packages/airflow/example_dags/example_branch_labels.py took 0.054 seconds
[2021-10-06 16:23:35,359] {scheduler_job.py:182} INFO - Started process (PID=792) to work on /home/airflow/.local/lib/python3.6/site-packages/airflow/example_dags/example_branch_labels.py
[2021-10-06 16:23:35,360] {scheduler_job.py:633} INFO - Processing file /home/airflow/.local/lib/python3.6/site-packages/airflow/example_dags/example_branch_labels.py for tasks to queue
[2021-10-06 16:23:35,361] {logging_mixin.py:104} INFO - [2021-10-06 16:23:35,361] {dagbag.py:487} INFO - Filling up the DagBag from /home/airflow/.local/lib/python3.6/site-packages/airflow/example_dags/example_branch_labels.py
[2021-10-06 16:23:35,370] {scheduler_job.py:643} INFO - DAG(s) dict_keys(['example_branch_labels']) retrieved from /home/airflow/.local/lib/python3.6/site-packages/airflow/example_dags/example_branch_labels.py
[2021-10-06 16:23:35,389] {logging_mixin.py:104} INFO - [2021-10-06 16:23:35,389] {dag.py:1832} INFO - Sync 1 DAGs
[2021-10-06 16:23:35,404] {logging_mixin.py:104} INFO - [2021-10-06 16:23:35,404] {dag.py:2305} INFO - Setting next_dagrun for example_branch_labels to 2021-10-04 00:00:00+00:00
[2021-10-06 16:23:35,412] {scheduler_job.py:190} INFO - Processing /home/airflow/.local/lib/python3.6/site-packages/airflow/example_dags/example_branch_labels.py took 0.056 seconds
