[2021-10-06 16:20:06,770] {scheduler_job.py:182} INFO - Started process (PID=87) to work on /home/airflow/.local/lib/python3.6/site-packages/airflow/example_dags/example_skip_dag.py
[2021-10-06 16:20:06,772] {scheduler_job.py:633} INFO - Processing file /home/airflow/.local/lib/python3.6/site-packages/airflow/example_dags/example_skip_dag.py for tasks to queue
[2021-10-06 16:20:06,773] {logging_mixin.py:104} INFO - [2021-10-06 16:20:06,773] {dagbag.py:487} INFO - Filling up the DagBag from /home/airflow/.local/lib/python3.6/site-packages/airflow/example_dags/example_skip_dag.py
[2021-10-06 16:20:06,788] {scheduler_job.py:643} INFO - DAG(s) dict_keys(['example_skip_dag']) retrieved from /home/airflow/.local/lib/python3.6/site-packages/airflow/example_dags/example_skip_dag.py
[2021-10-06 16:20:08,667] {logging_mixin.py:104} INFO - [2021-10-06 16:20:08,667] {dag.py:1832} INFO - Sync 1 DAGs
[2021-10-06 16:20:08,674] {logging_mixin.py:104} INFO - [2021-10-06 16:20:08,674] {dag.py:1851} INFO - Creating ORM DAG for example_skip_dag
[2021-10-06 16:20:08,679] {logging_mixin.py:104} INFO - [2021-10-06 16:20:08,679] {dag.py:2305} INFO - Setting next_dagrun for example_skip_dag to 2021-10-04 00:00:00+00:00
[2021-10-06 16:20:08,687] {scheduler_job.py:190} INFO - Processing /home/airflow/.local/lib/python3.6/site-packages/airflow/example_dags/example_skip_dag.py took 1.921 seconds
[2021-10-06 16:20:39,441] {scheduler_job.py:182} INFO - Started process (PID=216) to work on /home/airflow/.local/lib/python3.6/site-packages/airflow/example_dags/example_skip_dag.py
[2021-10-06 16:20:39,442] {scheduler_job.py:633} INFO - Processing file /home/airflow/.local/lib/python3.6/site-packages/airflow/example_dags/example_skip_dag.py for tasks to queue
[2021-10-06 16:20:39,443] {logging_mixin.py:104} INFO - [2021-10-06 16:20:39,443] {dagbag.py:487} INFO - Filling up the DagBag from /home/airflow/.local/lib/python3.6/site-packages/airflow/example_dags/example_skip_dag.py
[2021-10-06 16:20:39,451] {scheduler_job.py:643} INFO - DAG(s) dict_keys(['example_skip_dag']) retrieved from /home/airflow/.local/lib/python3.6/site-packages/airflow/example_dags/example_skip_dag.py
[2021-10-06 16:20:39,469] {logging_mixin.py:104} INFO - [2021-10-06 16:20:39,469] {dag.py:1832} INFO - Sync 1 DAGs
[2021-10-06 16:20:39,480] {logging_mixin.py:104} INFO - [2021-10-06 16:20:39,480] {dag.py:2305} INFO - Setting next_dagrun for example_skip_dag to 2021-10-04 00:00:00+00:00
[2021-10-06 16:20:39,493] {scheduler_job.py:190} INFO - Processing /home/airflow/.local/lib/python3.6/site-packages/airflow/example_dags/example_skip_dag.py took 0.055 seconds
[2021-10-06 16:21:10,018] {scheduler_job.py:182} INFO - Started process (PID=314) to work on /home/airflow/.local/lib/python3.6/site-packages/airflow/example_dags/example_skip_dag.py
[2021-10-06 16:21:10,019] {scheduler_job.py:633} INFO - Processing file /home/airflow/.local/lib/python3.6/site-packages/airflow/example_dags/example_skip_dag.py for tasks to queue
[2021-10-06 16:21:10,020] {logging_mixin.py:104} INFO - [2021-10-06 16:21:10,020] {dagbag.py:487} INFO - Filling up the DagBag from /home/airflow/.local/lib/python3.6/site-packages/airflow/example_dags/example_skip_dag.py
[2021-10-06 16:21:10,029] {scheduler_job.py:643} INFO - DAG(s) dict_keys(['example_skip_dag']) retrieved from /home/airflow/.local/lib/python3.6/site-packages/airflow/example_dags/example_skip_dag.py
[2021-10-06 16:21:10,047] {logging_mixin.py:104} INFO - [2021-10-06 16:21:10,047] {dag.py:1832} INFO - Sync 1 DAGs
[2021-10-06 16:21:10,061] {logging_mixin.py:104} INFO - [2021-10-06 16:21:10,061] {dag.py:2305} INFO - Setting next_dagrun for example_skip_dag to 2021-10-04 00:00:00+00:00
[2021-10-06 16:21:10,070] {scheduler_job.py:190} INFO - Processing /home/airflow/.local/lib/python3.6/site-packages/airflow/example_dags/example_skip_dag.py took 0.054 seconds
[2021-10-06 16:21:40,197] {scheduler_job.py:182} INFO - Started process (PID=413) to work on /home/airflow/.local/lib/python3.6/site-packages/airflow/example_dags/example_skip_dag.py
[2021-10-06 16:21:40,198] {scheduler_job.py:633} INFO - Processing file /home/airflow/.local/lib/python3.6/site-packages/airflow/example_dags/example_skip_dag.py for tasks to queue
[2021-10-06 16:21:40,199] {logging_mixin.py:104} INFO - [2021-10-06 16:21:40,199] {dagbag.py:487} INFO - Filling up the DagBag from /home/airflow/.local/lib/python3.6/site-packages/airflow/example_dags/example_skip_dag.py
[2021-10-06 16:21:40,207] {scheduler_job.py:643} INFO - DAG(s) dict_keys(['example_skip_dag']) retrieved from /home/airflow/.local/lib/python3.6/site-packages/airflow/example_dags/example_skip_dag.py
[2021-10-06 16:21:40,225] {logging_mixin.py:104} INFO - [2021-10-06 16:21:40,225] {dag.py:1832} INFO - Sync 1 DAGs
[2021-10-06 16:21:40,238] {logging_mixin.py:104} INFO - [2021-10-06 16:21:40,237] {dag.py:2305} INFO - Setting next_dagrun for example_skip_dag to 2021-10-04 00:00:00+00:00
[2021-10-06 16:21:40,249] {scheduler_job.py:190} INFO - Processing /home/airflow/.local/lib/python3.6/site-packages/airflow/example_dags/example_skip_dag.py took 0.054 seconds
[2021-10-06 16:22:10,353] {scheduler_job.py:182} INFO - Started process (PID=522) to work on /home/airflow/.local/lib/python3.6/site-packages/airflow/example_dags/example_skip_dag.py
[2021-10-06 16:22:10,357] {scheduler_job.py:633} INFO - Processing file /home/airflow/.local/lib/python3.6/site-packages/airflow/example_dags/example_skip_dag.py for tasks to queue
[2021-10-06 16:22:10,357] {logging_mixin.py:104} INFO - [2021-10-06 16:22:10,357] {dagbag.py:487} INFO - Filling up the DagBag from /home/airflow/.local/lib/python3.6/site-packages/airflow/example_dags/example_skip_dag.py
[2021-10-06 16:22:10,365] {scheduler_job.py:643} INFO - DAG(s) dict_keys(['example_skip_dag']) retrieved from /home/airflow/.local/lib/python3.6/site-packages/airflow/example_dags/example_skip_dag.py
[2021-10-06 16:22:10,382] {logging_mixin.py:104} INFO - [2021-10-06 16:22:10,382] {dag.py:1832} INFO - Sync 1 DAGs
[2021-10-06 16:22:10,394] {logging_mixin.py:104} INFO - [2021-10-06 16:22:10,394] {dag.py:2305} INFO - Setting next_dagrun for example_skip_dag to 2021-10-04 00:00:00+00:00
[2021-10-06 16:22:10,407] {scheduler_job.py:190} INFO - Processing /home/airflow/.local/lib/python3.6/site-packages/airflow/example_dags/example_skip_dag.py took 0.056 seconds
[2021-10-06 16:22:40,919] {scheduler_job.py:182} INFO - Started process (PID=606) to work on /home/airflow/.local/lib/python3.6/site-packages/airflow/example_dags/example_skip_dag.py
[2021-10-06 16:22:40,920] {scheduler_job.py:633} INFO - Processing file /home/airflow/.local/lib/python3.6/site-packages/airflow/example_dags/example_skip_dag.py for tasks to queue
[2021-10-06 16:22:40,921] {logging_mixin.py:104} INFO - [2021-10-06 16:22:40,921] {dagbag.py:487} INFO - Filling up the DagBag from /home/airflow/.local/lib/python3.6/site-packages/airflow/example_dags/example_skip_dag.py
[2021-10-06 16:22:40,929] {scheduler_job.py:643} INFO - DAG(s) dict_keys(['example_skip_dag']) retrieved from /home/airflow/.local/lib/python3.6/site-packages/airflow/example_dags/example_skip_dag.py
[2021-10-06 16:22:40,944] {logging_mixin.py:104} INFO - [2021-10-06 16:22:40,944] {dag.py:1832} INFO - Sync 1 DAGs
[2021-10-06 16:22:40,955] {logging_mixin.py:104} INFO - [2021-10-06 16:22:40,955] {dag.py:2305} INFO - Setting next_dagrun for example_skip_dag to 2021-10-04 00:00:00+00:00
[2021-10-06 16:22:40,966] {scheduler_job.py:190} INFO - Processing /home/airflow/.local/lib/python3.6/site-packages/airflow/example_dags/example_skip_dag.py took 0.049 seconds
[2021-10-06 16:23:11,086] {scheduler_job.py:182} INFO - Started process (PID=716) to work on /home/airflow/.local/lib/python3.6/site-packages/airflow/example_dags/example_skip_dag.py
[2021-10-06 16:23:11,088] {scheduler_job.py:633} INFO - Processing file /home/airflow/.local/lib/python3.6/site-packages/airflow/example_dags/example_skip_dag.py for tasks to queue
[2021-10-06 16:23:11,089] {logging_mixin.py:104} INFO - [2021-10-06 16:23:11,088] {dagbag.py:487} INFO - Filling up the DagBag from /home/airflow/.local/lib/python3.6/site-packages/airflow/example_dags/example_skip_dag.py
[2021-10-06 16:23:11,099] {scheduler_job.py:643} INFO - DAG(s) dict_keys(['example_skip_dag']) retrieved from /home/airflow/.local/lib/python3.6/site-packages/airflow/example_dags/example_skip_dag.py
[2021-10-06 16:23:11,124] {logging_mixin.py:104} INFO - [2021-10-06 16:23:11,124] {dag.py:1832} INFO - Sync 1 DAGs
[2021-10-06 16:23:11,138] {logging_mixin.py:104} INFO - [2021-10-06 16:23:11,138] {dag.py:2305} INFO - Setting next_dagrun for example_skip_dag to 2021-10-04 00:00:00+00:00
[2021-10-06 16:23:11,149] {scheduler_job.py:190} INFO - Processing /home/airflow/.local/lib/python3.6/site-packages/airflow/example_dags/example_skip_dag.py took 0.066 seconds
[2021-10-06 16:23:41,607] {scheduler_job.py:182} INFO - Started process (PID=823) to work on /home/airflow/.local/lib/python3.6/site-packages/airflow/example_dags/example_skip_dag.py
[2021-10-06 16:23:41,608] {scheduler_job.py:633} INFO - Processing file /home/airflow/.local/lib/python3.6/site-packages/airflow/example_dags/example_skip_dag.py for tasks to queue
[2021-10-06 16:23:41,609] {logging_mixin.py:104} INFO - [2021-10-06 16:23:41,609] {dagbag.py:487} INFO - Filling up the DagBag from /home/airflow/.local/lib/python3.6/site-packages/airflow/example_dags/example_skip_dag.py
[2021-10-06 16:23:41,619] {scheduler_job.py:643} INFO - DAG(s) dict_keys(['example_skip_dag']) retrieved from /home/airflow/.local/lib/python3.6/site-packages/airflow/example_dags/example_skip_dag.py
[2021-10-06 16:23:41,638] {logging_mixin.py:104} INFO - [2021-10-06 16:23:41,638] {dag.py:1832} INFO - Sync 1 DAGs
[2021-10-06 16:23:41,652] {logging_mixin.py:104} INFO - [2021-10-06 16:23:41,652] {dag.py:2305} INFO - Setting next_dagrun for example_skip_dag to 2021-10-04 00:00:00+00:00
[2021-10-06 16:23:41,659] {scheduler_job.py:190} INFO - Processing /home/airflow/.local/lib/python3.6/site-packages/airflow/example_dags/example_skip_dag.py took 0.055 seconds
