[2021-10-06 16:20:18,007] {scheduler_job.py:182} INFO - Started process (PID=138) to work on /home/airflow/.local/lib/python3.6/site-packages/airflow/example_dags/example_branch_python_dop_operator_3.py
[2021-10-06 16:20:18,008] {scheduler_job.py:633} INFO - Processing file /home/airflow/.local/lib/python3.6/site-packages/airflow/example_dags/example_branch_python_dop_operator_3.py for tasks to queue
[2021-10-06 16:20:18,009] {logging_mixin.py:104} INFO - [2021-10-06 16:20:18,009] {dagbag.py:487} INFO - Filling up the DagBag from /home/airflow/.local/lib/python3.6/site-packages/airflow/example_dags/example_branch_python_dop_operator_3.py
[2021-10-06 16:20:18,022] {scheduler_job.py:643} INFO - DAG(s) dict_keys(['example_branch_dop_operator_v3']) retrieved from /home/airflow/.local/lib/python3.6/site-packages/airflow/example_dags/example_branch_python_dop_operator_3.py
[2021-10-06 16:20:19,423] {logging_mixin.py:104} INFO - [2021-10-06 16:20:19,422] {dag.py:1832} INFO - Sync 1 DAGs
[2021-10-06 16:20:19,430] {logging_mixin.py:104} INFO - [2021-10-06 16:20:19,429] {dag.py:1851} INFO - Creating ORM DAG for example_branch_dop_operator_v3
[2021-10-06 16:20:19,439] {logging_mixin.py:104} INFO - [2021-10-06 16:20:19,439] {dag.py:2305} INFO - Setting next_dagrun for example_branch_dop_operator_v3 to 2021-10-04 00:00:00+00:00
[2021-10-06 16:20:19,448] {scheduler_job.py:190} INFO - Processing /home/airflow/.local/lib/python3.6/site-packages/airflow/example_dags/example_branch_python_dop_operator_3.py took 1.443 seconds
[2021-10-06 16:20:50,157] {scheduler_job.py:182} INFO - Started process (PID=259) to work on /home/airflow/.local/lib/python3.6/site-packages/airflow/example_dags/example_branch_python_dop_operator_3.py
[2021-10-06 16:20:50,159] {scheduler_job.py:633} INFO - Processing file /home/airflow/.local/lib/python3.6/site-packages/airflow/example_dags/example_branch_python_dop_operator_3.py for tasks to queue
[2021-10-06 16:20:50,159] {logging_mixin.py:104} INFO - [2021-10-06 16:20:50,159] {dagbag.py:487} INFO - Filling up the DagBag from /home/airflow/.local/lib/python3.6/site-packages/airflow/example_dags/example_branch_python_dop_operator_3.py
[2021-10-06 16:20:50,170] {scheduler_job.py:643} INFO - DAG(s) dict_keys(['example_branch_dop_operator_v3']) retrieved from /home/airflow/.local/lib/python3.6/site-packages/airflow/example_dags/example_branch_python_dop_operator_3.py
[2021-10-06 16:20:50,187] {logging_mixin.py:104} INFO - [2021-10-06 16:20:50,187] {dag.py:1832} INFO - Sync 1 DAGs
[2021-10-06 16:20:50,207] {logging_mixin.py:104} INFO - [2021-10-06 16:20:50,206] {dag.py:2305} INFO - Setting next_dagrun for example_branch_dop_operator_v3 to 2021-10-04 00:00:00+00:00
[2021-10-06 16:20:50,216] {scheduler_job.py:190} INFO - Processing /home/airflow/.local/lib/python3.6/site-packages/airflow/example_dags/example_branch_python_dop_operator_3.py took 0.062 seconds
[2021-10-06 16:21:20,420] {scheduler_job.py:182} INFO - Started process (PID=343) to work on /home/airflow/.local/lib/python3.6/site-packages/airflow/example_dags/example_branch_python_dop_operator_3.py
[2021-10-06 16:21:20,421] {scheduler_job.py:633} INFO - Processing file /home/airflow/.local/lib/python3.6/site-packages/airflow/example_dags/example_branch_python_dop_operator_3.py for tasks to queue
[2021-10-06 16:21:20,422] {logging_mixin.py:104} INFO - [2021-10-06 16:21:20,422] {dagbag.py:487} INFO - Filling up the DagBag from /home/airflow/.local/lib/python3.6/site-packages/airflow/example_dags/example_branch_python_dop_operator_3.py
[2021-10-06 16:21:20,432] {scheduler_job.py:643} INFO - DAG(s) dict_keys(['example_branch_dop_operator_v3']) retrieved from /home/airflow/.local/lib/python3.6/site-packages/airflow/example_dags/example_branch_python_dop_operator_3.py
[2021-10-06 16:21:20,447] {logging_mixin.py:104} INFO - [2021-10-06 16:21:20,447] {dag.py:1832} INFO - Sync 1 DAGs
[2021-10-06 16:21:20,464] {logging_mixin.py:104} INFO - [2021-10-06 16:21:20,464] {dag.py:2305} INFO - Setting next_dagrun for example_branch_dop_operator_v3 to 2021-10-04 00:00:00+00:00
[2021-10-06 16:21:20,472] {scheduler_job.py:190} INFO - Processing /home/airflow/.local/lib/python3.6/site-packages/airflow/example_dags/example_branch_python_dop_operator_3.py took 0.055 seconds
[2021-10-06 16:21:50,715] {scheduler_job.py:182} INFO - Started process (PID=452) to work on /home/airflow/.local/lib/python3.6/site-packages/airflow/example_dags/example_branch_python_dop_operator_3.py
[2021-10-06 16:21:50,716] {scheduler_job.py:633} INFO - Processing file /home/airflow/.local/lib/python3.6/site-packages/airflow/example_dags/example_branch_python_dop_operator_3.py for tasks to queue
[2021-10-06 16:21:50,717] {logging_mixin.py:104} INFO - [2021-10-06 16:21:50,717] {dagbag.py:487} INFO - Filling up the DagBag from /home/airflow/.local/lib/python3.6/site-packages/airflow/example_dags/example_branch_python_dop_operator_3.py
[2021-10-06 16:21:50,732] {scheduler_job.py:643} INFO - DAG(s) dict_keys(['example_branch_dop_operator_v3']) retrieved from /home/airflow/.local/lib/python3.6/site-packages/airflow/example_dags/example_branch_python_dop_operator_3.py
[2021-10-06 16:21:50,752] {logging_mixin.py:104} INFO - [2021-10-06 16:21:50,751] {dag.py:1832} INFO - Sync 1 DAGs
[2021-10-06 16:21:50,779] {logging_mixin.py:104} INFO - [2021-10-06 16:21:50,779] {dag.py:2305} INFO - Setting next_dagrun for example_branch_dop_operator_v3 to 2021-10-04 00:00:00+00:00
[2021-10-06 16:21:50,789] {scheduler_job.py:190} INFO - Processing /home/airflow/.local/lib/python3.6/site-packages/airflow/example_dags/example_branch_python_dop_operator_3.py took 0.076 seconds
[2021-10-06 16:22:21,022] {scheduler_job.py:182} INFO - Started process (PID=561) to work on /home/airflow/.local/lib/python3.6/site-packages/airflow/example_dags/example_branch_python_dop_operator_3.py
[2021-10-06 16:22:21,023] {scheduler_job.py:633} INFO - Processing file /home/airflow/.local/lib/python3.6/site-packages/airflow/example_dags/example_branch_python_dop_operator_3.py for tasks to queue
[2021-10-06 16:22:21,024] {logging_mixin.py:104} INFO - [2021-10-06 16:22:21,024] {dagbag.py:487} INFO - Filling up the DagBag from /home/airflow/.local/lib/python3.6/site-packages/airflow/example_dags/example_branch_python_dop_operator_3.py
[2021-10-06 16:22:21,038] {scheduler_job.py:643} INFO - DAG(s) dict_keys(['example_branch_dop_operator_v3']) retrieved from /home/airflow/.local/lib/python3.6/site-packages/airflow/example_dags/example_branch_python_dop_operator_3.py
[2021-10-06 16:22:21,057] {logging_mixin.py:104} INFO - [2021-10-06 16:22:21,057] {dag.py:1832} INFO - Sync 1 DAGs
[2021-10-06 16:22:21,081] {logging_mixin.py:104} INFO - [2021-10-06 16:22:21,081] {dag.py:2305} INFO - Setting next_dagrun for example_branch_dop_operator_v3 to 2021-10-04 00:00:00+00:00
[2021-10-06 16:22:21,091] {scheduler_job.py:190} INFO - Processing /home/airflow/.local/lib/python3.6/site-packages/airflow/example_dags/example_branch_python_dop_operator_3.py took 0.072 seconds
[2021-10-06 16:22:51,450] {scheduler_job.py:182} INFO - Started process (PID=645) to work on /home/airflow/.local/lib/python3.6/site-packages/airflow/example_dags/example_branch_python_dop_operator_3.py
[2021-10-06 16:22:51,451] {scheduler_job.py:633} INFO - Processing file /home/airflow/.local/lib/python3.6/site-packages/airflow/example_dags/example_branch_python_dop_operator_3.py for tasks to queue
[2021-10-06 16:22:51,452] {logging_mixin.py:104} INFO - [2021-10-06 16:22:51,452] {dagbag.py:487} INFO - Filling up the DagBag from /home/airflow/.local/lib/python3.6/site-packages/airflow/example_dags/example_branch_python_dop_operator_3.py
[2021-10-06 16:22:51,462] {scheduler_job.py:643} INFO - DAG(s) dict_keys(['example_branch_dop_operator_v3']) retrieved from /home/airflow/.local/lib/python3.6/site-packages/airflow/example_dags/example_branch_python_dop_operator_3.py
[2021-10-06 16:22:51,480] {logging_mixin.py:104} INFO - [2021-10-06 16:22:51,480] {dag.py:1832} INFO - Sync 1 DAGs
[2021-10-06 16:22:51,500] {logging_mixin.py:104} INFO - [2021-10-06 16:22:51,500] {dag.py:2305} INFO - Setting next_dagrun for example_branch_dop_operator_v3 to 2021-10-04 00:00:00+00:00
[2021-10-06 16:22:51,510] {scheduler_job.py:190} INFO - Processing /home/airflow/.local/lib/python3.6/site-packages/airflow/example_dags/example_branch_python_dop_operator_3.py took 0.063 seconds
[2021-10-06 16:23:21,533] {scheduler_job.py:182} INFO - Started process (PID=754) to work on /home/airflow/.local/lib/python3.6/site-packages/airflow/example_dags/example_branch_python_dop_operator_3.py
[2021-10-06 16:23:21,535] {scheduler_job.py:633} INFO - Processing file /home/airflow/.local/lib/python3.6/site-packages/airflow/example_dags/example_branch_python_dop_operator_3.py for tasks to queue
[2021-10-06 16:23:21,536] {logging_mixin.py:104} INFO - [2021-10-06 16:23:21,536] {dagbag.py:487} INFO - Filling up the DagBag from /home/airflow/.local/lib/python3.6/site-packages/airflow/example_dags/example_branch_python_dop_operator_3.py
[2021-10-06 16:23:21,548] {scheduler_job.py:643} INFO - DAG(s) dict_keys(['example_branch_dop_operator_v3']) retrieved from /home/airflow/.local/lib/python3.6/site-packages/airflow/example_dags/example_branch_python_dop_operator_3.py
[2021-10-06 16:23:21,566] {logging_mixin.py:104} INFO - [2021-10-06 16:23:21,566] {dag.py:1832} INFO - Sync 1 DAGs
[2021-10-06 16:23:21,587] {logging_mixin.py:104} INFO - [2021-10-06 16:23:21,587] {dag.py:2305} INFO - Setting next_dagrun for example_branch_dop_operator_v3 to 2021-10-04 00:00:00+00:00
[2021-10-06 16:23:21,646] {scheduler_job.py:190} INFO - Processing /home/airflow/.local/lib/python3.6/site-packages/airflow/example_dags/example_branch_python_dop_operator_3.py took 0.116 seconds
