[2021-10-06 16:20:04,375] {scheduler_job.py:182} INFO - Started process (PID=82) to work on /home/airflow/.local/lib/python3.6/site-packages/airflow/example_dags/example_complex.py
[2021-10-06 16:20:04,378] {scheduler_job.py:633} INFO - Processing file /home/airflow/.local/lib/python3.6/site-packages/airflow/example_dags/example_complex.py for tasks to queue
[2021-10-06 16:20:04,379] {logging_mixin.py:104} INFO - [2021-10-06 16:20:04,379] {dagbag.py:487} INFO - Filling up the DagBag from /home/airflow/.local/lib/python3.6/site-packages/airflow/example_dags/example_complex.py
[2021-10-06 16:20:04,419] {scheduler_job.py:643} INFO - DAG(s) dict_keys(['example_complex']) retrieved from /home/airflow/.local/lib/python3.6/site-packages/airflow/example_dags/example_complex.py
[2021-10-06 16:20:06,510] {logging_mixin.py:104} INFO - [2021-10-06 16:20:06,509] {dag.py:1832} INFO - Sync 1 DAGs
[2021-10-06 16:20:06,518] {logging_mixin.py:104} INFO - [2021-10-06 16:20:06,517] {dag.py:1851} INFO - Creating ORM DAG for example_complex
[2021-10-06 16:20:06,523] {logging_mixin.py:104} INFO - [2021-10-06 16:20:06,523] {dag.py:2305} INFO - Setting next_dagrun for example_complex to None
[2021-10-06 16:20:06,533] {scheduler_job.py:190} INFO - Processing /home/airflow/.local/lib/python3.6/site-packages/airflow/example_dags/example_complex.py took 2.161 seconds
[2021-10-06 16:20:37,361] {scheduler_job.py:182} INFO - Started process (PID=213) to work on /home/airflow/.local/lib/python3.6/site-packages/airflow/example_dags/example_complex.py
[2021-10-06 16:20:37,362] {scheduler_job.py:633} INFO - Processing file /home/airflow/.local/lib/python3.6/site-packages/airflow/example_dags/example_complex.py for tasks to queue
[2021-10-06 16:20:37,363] {logging_mixin.py:104} INFO - [2021-10-06 16:20:37,363] {dagbag.py:487} INFO - Filling up the DagBag from /home/airflow/.local/lib/python3.6/site-packages/airflow/example_dags/example_complex.py
[2021-10-06 16:20:37,379] {scheduler_job.py:643} INFO - DAG(s) dict_keys(['example_complex']) retrieved from /home/airflow/.local/lib/python3.6/site-packages/airflow/example_dags/example_complex.py
[2021-10-06 16:20:37,400] {logging_mixin.py:104} INFO - [2021-10-06 16:20:37,399] {dag.py:1832} INFO - Sync 1 DAGs
[2021-10-06 16:20:37,413] {logging_mixin.py:104} INFO - [2021-10-06 16:20:37,413] {dag.py:2305} INFO - Setting next_dagrun for example_complex to None
[2021-10-06 16:20:37,422] {scheduler_job.py:190} INFO - Processing /home/airflow/.local/lib/python3.6/site-packages/airflow/example_dags/example_complex.py took 0.064 seconds
[2021-10-06 16:21:07,935] {scheduler_job.py:182} INFO - Started process (PID=301) to work on /home/airflow/.local/lib/python3.6/site-packages/airflow/example_dags/example_complex.py
[2021-10-06 16:21:07,936] {scheduler_job.py:633} INFO - Processing file /home/airflow/.local/lib/python3.6/site-packages/airflow/example_dags/example_complex.py for tasks to queue
[2021-10-06 16:21:07,937] {logging_mixin.py:104} INFO - [2021-10-06 16:21:07,937] {dagbag.py:487} INFO - Filling up the DagBag from /home/airflow/.local/lib/python3.6/site-packages/airflow/example_dags/example_complex.py
[2021-10-06 16:21:07,953] {scheduler_job.py:643} INFO - DAG(s) dict_keys(['example_complex']) retrieved from /home/airflow/.local/lib/python3.6/site-packages/airflow/example_dags/example_complex.py
[2021-10-06 16:21:07,973] {logging_mixin.py:104} INFO - [2021-10-06 16:21:07,973] {dag.py:1832} INFO - Sync 1 DAGs
[2021-10-06 16:21:07,984] {logging_mixin.py:104} INFO - [2021-10-06 16:21:07,984] {dag.py:2305} INFO - Setting next_dagrun for example_complex to None
[2021-10-06 16:21:07,993] {scheduler_job.py:190} INFO - Processing /home/airflow/.local/lib/python3.6/site-packages/airflow/example_dags/example_complex.py took 0.061 seconds
[2021-10-06 16:21:38,097] {scheduler_job.py:182} INFO - Started process (PID=410) to work on /home/airflow/.local/lib/python3.6/site-packages/airflow/example_dags/example_complex.py
[2021-10-06 16:21:38,098] {scheduler_job.py:633} INFO - Processing file /home/airflow/.local/lib/python3.6/site-packages/airflow/example_dags/example_complex.py for tasks to queue
[2021-10-06 16:21:38,098] {logging_mixin.py:104} INFO - [2021-10-06 16:21:38,098] {dagbag.py:487} INFO - Filling up the DagBag from /home/airflow/.local/lib/python3.6/site-packages/airflow/example_dags/example_complex.py
[2021-10-06 16:21:38,114] {scheduler_job.py:643} INFO - DAG(s) dict_keys(['example_complex']) retrieved from /home/airflow/.local/lib/python3.6/site-packages/airflow/example_dags/example_complex.py
[2021-10-06 16:21:38,133] {logging_mixin.py:104} INFO - [2021-10-06 16:21:38,133] {dag.py:1832} INFO - Sync 1 DAGs
[2021-10-06 16:21:38,144] {logging_mixin.py:104} INFO - [2021-10-06 16:21:38,143] {dag.py:2305} INFO - Setting next_dagrun for example_complex to None
[2021-10-06 16:21:38,152] {scheduler_job.py:190} INFO - Processing /home/airflow/.local/lib/python3.6/site-packages/airflow/example_dags/example_complex.py took 0.058 seconds
[2021-10-06 16:22:08,187] {scheduler_job.py:182} INFO - Started process (PID=519) to work on /home/airflow/.local/lib/python3.6/site-packages/airflow/example_dags/example_complex.py
[2021-10-06 16:22:08,188] {scheduler_job.py:633} INFO - Processing file /home/airflow/.local/lib/python3.6/site-packages/airflow/example_dags/example_complex.py for tasks to queue
[2021-10-06 16:22:08,189] {logging_mixin.py:104} INFO - [2021-10-06 16:22:08,189] {dagbag.py:487} INFO - Filling up the DagBag from /home/airflow/.local/lib/python3.6/site-packages/airflow/example_dags/example_complex.py
[2021-10-06 16:22:08,205] {scheduler_job.py:643} INFO - DAG(s) dict_keys(['example_complex']) retrieved from /home/airflow/.local/lib/python3.6/site-packages/airflow/example_dags/example_complex.py
[2021-10-06 16:22:08,227] {logging_mixin.py:104} INFO - [2021-10-06 16:22:08,227] {dag.py:1832} INFO - Sync 1 DAGs
[2021-10-06 16:22:08,240] {logging_mixin.py:104} INFO - [2021-10-06 16:22:08,240] {dag.py:2305} INFO - Setting next_dagrun for example_complex to None
[2021-10-06 16:22:08,251] {scheduler_job.py:190} INFO - Processing /home/airflow/.local/lib/python3.6/site-packages/airflow/example_dags/example_complex.py took 0.066 seconds
[2021-10-06 16:22:38,743] {scheduler_job.py:182} INFO - Started process (PID=603) to work on /home/airflow/.local/lib/python3.6/site-packages/airflow/example_dags/example_complex.py
[2021-10-06 16:22:38,744] {scheduler_job.py:633} INFO - Processing file /home/airflow/.local/lib/python3.6/site-packages/airflow/example_dags/example_complex.py for tasks to queue
[2021-10-06 16:22:38,744] {logging_mixin.py:104} INFO - [2021-10-06 16:22:38,744] {dagbag.py:487} INFO - Filling up the DagBag from /home/airflow/.local/lib/python3.6/site-packages/airflow/example_dags/example_complex.py
[2021-10-06 16:22:38,759] {scheduler_job.py:643} INFO - DAG(s) dict_keys(['example_complex']) retrieved from /home/airflow/.local/lib/python3.6/site-packages/airflow/example_dags/example_complex.py
[2021-10-06 16:22:38,780] {logging_mixin.py:104} INFO - [2021-10-06 16:22:38,780] {dag.py:1832} INFO - Sync 1 DAGs
[2021-10-06 16:22:38,793] {logging_mixin.py:104} INFO - [2021-10-06 16:22:38,793] {dag.py:2305} INFO - Setting next_dagrun for example_complex to None
[2021-10-06 16:22:38,802] {scheduler_job.py:190} INFO - Processing /home/airflow/.local/lib/python3.6/site-packages/airflow/example_dags/example_complex.py took 0.061 seconds
[2021-10-06 16:23:09,003] {scheduler_job.py:182} INFO - Started process (PID=712) to work on /home/airflow/.local/lib/python3.6/site-packages/airflow/example_dags/example_complex.py
[2021-10-06 16:23:09,004] {scheduler_job.py:633} INFO - Processing file /home/airflow/.local/lib/python3.6/site-packages/airflow/example_dags/example_complex.py for tasks to queue
[2021-10-06 16:23:09,005] {logging_mixin.py:104} INFO - [2021-10-06 16:23:09,005] {dagbag.py:487} INFO - Filling up the DagBag from /home/airflow/.local/lib/python3.6/site-packages/airflow/example_dags/example_complex.py
[2021-10-06 16:23:09,019] {scheduler_job.py:643} INFO - DAG(s) dict_keys(['example_complex']) retrieved from /home/airflow/.local/lib/python3.6/site-packages/airflow/example_dags/example_complex.py
[2021-10-06 16:23:09,037] {logging_mixin.py:104} INFO - [2021-10-06 16:23:09,037] {dag.py:1832} INFO - Sync 1 DAGs
[2021-10-06 16:23:09,048] {logging_mixin.py:104} INFO - [2021-10-06 16:23:09,048] {dag.py:2305} INFO - Setting next_dagrun for example_complex to None
[2021-10-06 16:23:09,057] {scheduler_job.py:190} INFO - Processing /home/airflow/.local/lib/python3.6/site-packages/airflow/example_dags/example_complex.py took 0.056 seconds
[2021-10-06 16:23:39,449] {scheduler_job.py:182} INFO - Started process (PID=820) to work on /home/airflow/.local/lib/python3.6/site-packages/airflow/example_dags/example_complex.py
[2021-10-06 16:23:39,451] {scheduler_job.py:633} INFO - Processing file /home/airflow/.local/lib/python3.6/site-packages/airflow/example_dags/example_complex.py for tasks to queue
[2021-10-06 16:23:39,452] {logging_mixin.py:104} INFO - [2021-10-06 16:23:39,452] {dagbag.py:487} INFO - Filling up the DagBag from /home/airflow/.local/lib/python3.6/site-packages/airflow/example_dags/example_complex.py
[2021-10-06 16:23:39,474] {scheduler_job.py:643} INFO - DAG(s) dict_keys(['example_complex']) retrieved from /home/airflow/.local/lib/python3.6/site-packages/airflow/example_dags/example_complex.py
[2021-10-06 16:23:39,494] {logging_mixin.py:104} INFO - [2021-10-06 16:23:39,494] {dag.py:1832} INFO - Sync 1 DAGs
[2021-10-06 16:23:39,507] {logging_mixin.py:104} INFO - [2021-10-06 16:23:39,507] {dag.py:2305} INFO - Setting next_dagrun for example_complex to None
[2021-10-06 16:23:39,515] {scheduler_job.py:190} INFO - Processing /home/airflow/.local/lib/python3.6/site-packages/airflow/example_dags/example_complex.py took 0.069 seconds
