[2021-10-06 16:20:02,543] {scheduler_job.py:182} INFO - Started process (PID=78) to work on /home/airflow/.local/lib/python3.6/site-packages/airflow/example_dags/example_dag_decorator.py
[2021-10-06 16:20:02,544] {scheduler_job.py:633} INFO - Processing file /home/airflow/.local/lib/python3.6/site-packages/airflow/example_dags/example_dag_decorator.py for tasks to queue
[2021-10-06 16:20:02,545] {logging_mixin.py:104} INFO - [2021-10-06 16:20:02,545] {dagbag.py:487} INFO - Filling up the DagBag from /home/airflow/.local/lib/python3.6/site-packages/airflow/example_dags/example_dag_decorator.py
[2021-10-06 16:20:02,566] {scheduler_job.py:643} INFO - DAG(s) dict_keys(['example_dag_decorator']) retrieved from /home/airflow/.local/lib/python3.6/site-packages/airflow/example_dags/example_dag_decorator.py
[2021-10-06 16:20:04,275] {logging_mixin.py:104} INFO - [2021-10-06 16:20:04,273] {dag.py:1832} INFO - Sync 1 DAGs
[2021-10-06 16:20:04,290] {logging_mixin.py:104} INFO - [2021-10-06 16:20:04,289] {dag.py:1851} INFO - Creating ORM DAG for example_dag_decorator
[2021-10-06 16:20:04,297] {logging_mixin.py:104} INFO - [2021-10-06 16:20:04,297] {dag.py:2305} INFO - Setting next_dagrun for example_dag_decorator to None
[2021-10-06 16:20:04,310] {scheduler_job.py:190} INFO - Processing /home/airflow/.local/lib/python3.6/site-packages/airflow/example_dags/example_dag_decorator.py took 1.769 seconds
[2021-10-06 16:20:35,208] {scheduler_job.py:182} INFO - Started process (PID=185) to work on /home/airflow/.local/lib/python3.6/site-packages/airflow/example_dags/example_dag_decorator.py
[2021-10-06 16:20:35,209] {scheduler_job.py:633} INFO - Processing file /home/airflow/.local/lib/python3.6/site-packages/airflow/example_dags/example_dag_decorator.py for tasks to queue
[2021-10-06 16:20:35,210] {logging_mixin.py:104} INFO - [2021-10-06 16:20:35,210] {dagbag.py:487} INFO - Filling up the DagBag from /home/airflow/.local/lib/python3.6/site-packages/airflow/example_dags/example_dag_decorator.py
[2021-10-06 16:20:35,228] {scheduler_job.py:643} INFO - DAG(s) dict_keys(['example_dag_decorator']) retrieved from /home/airflow/.local/lib/python3.6/site-packages/airflow/example_dags/example_dag_decorator.py
[2021-10-06 16:20:35,466] {logging_mixin.py:104} INFO - [2021-10-06 16:20:35,465] {dag.py:1832} INFO - Sync 1 DAGs
[2021-10-06 16:20:35,476] {logging_mixin.py:104} INFO - [2021-10-06 16:20:35,476] {dag.py:2305} INFO - Setting next_dagrun for example_dag_decorator to None
[2021-10-06 16:20:35,487] {scheduler_job.py:190} INFO - Processing /home/airflow/.local/lib/python3.6/site-packages/airflow/example_dags/example_dag_decorator.py took 0.282 seconds
[2021-10-06 16:21:05,840] {scheduler_job.py:182} INFO - Started process (PID=299) to work on /home/airflow/.local/lib/python3.6/site-packages/airflow/example_dags/example_dag_decorator.py
[2021-10-06 16:21:05,842] {scheduler_job.py:633} INFO - Processing file /home/airflow/.local/lib/python3.6/site-packages/airflow/example_dags/example_dag_decorator.py for tasks to queue
[2021-10-06 16:21:05,843] {logging_mixin.py:104} INFO - [2021-10-06 16:21:05,842] {dagbag.py:487} INFO - Filling up the DagBag from /home/airflow/.local/lib/python3.6/site-packages/airflow/example_dags/example_dag_decorator.py
[2021-10-06 16:21:05,858] {scheduler_job.py:643} INFO - DAG(s) dict_keys(['example_dag_decorator']) retrieved from /home/airflow/.local/lib/python3.6/site-packages/airflow/example_dags/example_dag_decorator.py
[2021-10-06 16:21:06,073] {logging_mixin.py:104} INFO - [2021-10-06 16:21:06,073] {dag.py:1832} INFO - Sync 1 DAGs
[2021-10-06 16:21:06,081] {logging_mixin.py:104} INFO - [2021-10-06 16:21:06,081] {dag.py:2305} INFO - Setting next_dagrun for example_dag_decorator to None
[2021-10-06 16:21:06,092] {scheduler_job.py:190} INFO - Processing /home/airflow/.local/lib/python3.6/site-packages/airflow/example_dags/example_dag_decorator.py took 0.255 seconds
[2021-10-06 16:21:37,085] {scheduler_job.py:182} INFO - Started process (PID=409) to work on /home/airflow/.local/lib/python3.6/site-packages/airflow/example_dags/example_dag_decorator.py
[2021-10-06 16:21:37,086] {scheduler_job.py:633} INFO - Processing file /home/airflow/.local/lib/python3.6/site-packages/airflow/example_dags/example_dag_decorator.py for tasks to queue
[2021-10-06 16:21:37,086] {logging_mixin.py:104} INFO - [2021-10-06 16:21:37,086] {dagbag.py:487} INFO - Filling up the DagBag from /home/airflow/.local/lib/python3.6/site-packages/airflow/example_dags/example_dag_decorator.py
[2021-10-06 16:21:37,101] {scheduler_job.py:643} INFO - DAG(s) dict_keys(['example_dag_decorator']) retrieved from /home/airflow/.local/lib/python3.6/site-packages/airflow/example_dags/example_dag_decorator.py
[2021-10-06 16:21:37,302] {logging_mixin.py:104} INFO - [2021-10-06 16:21:37,302] {dag.py:1832} INFO - Sync 1 DAGs
[2021-10-06 16:21:37,311] {logging_mixin.py:104} INFO - [2021-10-06 16:21:37,311] {dag.py:2305} INFO - Setting next_dagrun for example_dag_decorator to None
[2021-10-06 16:21:37,322] {scheduler_job.py:190} INFO - Processing /home/airflow/.local/lib/python3.6/site-packages/airflow/example_dags/example_dag_decorator.py took 0.239 seconds
[2021-10-06 16:22:08,187] {scheduler_job.py:182} INFO - Started process (PID=518) to work on /home/airflow/.local/lib/python3.6/site-packages/airflow/example_dags/example_dag_decorator.py
[2021-10-06 16:22:08,188] {scheduler_job.py:633} INFO - Processing file /home/airflow/.local/lib/python3.6/site-packages/airflow/example_dags/example_dag_decorator.py for tasks to queue
[2021-10-06 16:22:08,189] {logging_mixin.py:104} INFO - [2021-10-06 16:22:08,189] {dagbag.py:487} INFO - Filling up the DagBag from /home/airflow/.local/lib/python3.6/site-packages/airflow/example_dags/example_dag_decorator.py
[2021-10-06 16:22:08,203] {scheduler_job.py:643} INFO - DAG(s) dict_keys(['example_dag_decorator']) retrieved from /home/airflow/.local/lib/python3.6/site-packages/airflow/example_dags/example_dag_decorator.py
[2021-10-06 16:22:08,426] {logging_mixin.py:104} INFO - [2021-10-06 16:22:08,426] {dag.py:1832} INFO - Sync 1 DAGs
[2021-10-06 16:22:08,434] {logging_mixin.py:104} INFO - [2021-10-06 16:22:08,434] {dag.py:2305} INFO - Setting next_dagrun for example_dag_decorator to None
[2021-10-06 16:22:08,442] {scheduler_job.py:190} INFO - Processing /home/airflow/.local/lib/python3.6/site-packages/airflow/example_dags/example_dag_decorator.py took 0.257 seconds
[2021-10-06 16:22:38,743] {scheduler_job.py:182} INFO - Started process (PID=602) to work on /home/airflow/.local/lib/python3.6/site-packages/airflow/example_dags/example_dag_decorator.py
[2021-10-06 16:22:38,744] {scheduler_job.py:633} INFO - Processing file /home/airflow/.local/lib/python3.6/site-packages/airflow/example_dags/example_dag_decorator.py for tasks to queue
[2021-10-06 16:22:38,744] {logging_mixin.py:104} INFO - [2021-10-06 16:22:38,744] {dagbag.py:487} INFO - Filling up the DagBag from /home/airflow/.local/lib/python3.6/site-packages/airflow/example_dags/example_dag_decorator.py
[2021-10-06 16:22:38,758] {scheduler_job.py:643} INFO - DAG(s) dict_keys(['example_dag_decorator']) retrieved from /home/airflow/.local/lib/python3.6/site-packages/airflow/example_dags/example_dag_decorator.py
[2021-10-06 16:22:38,978] {logging_mixin.py:104} INFO - [2021-10-06 16:22:38,978] {dag.py:1832} INFO - Sync 1 DAGs
[2021-10-06 16:22:38,986] {logging_mixin.py:104} INFO - [2021-10-06 16:22:38,986] {dag.py:2305} INFO - Setting next_dagrun for example_dag_decorator to None
[2021-10-06 16:22:38,997] {scheduler_job.py:190} INFO - Processing /home/airflow/.local/lib/python3.6/site-packages/airflow/example_dags/example_dag_decorator.py took 0.257 seconds
[2021-10-06 16:23:09,076] {scheduler_job.py:182} INFO - Started process (PID=714) to work on /home/airflow/.local/lib/python3.6/site-packages/airflow/example_dags/example_dag_decorator.py
[2021-10-06 16:23:09,077] {scheduler_job.py:633} INFO - Processing file /home/airflow/.local/lib/python3.6/site-packages/airflow/example_dags/example_dag_decorator.py for tasks to queue
[2021-10-06 16:23:09,078] {logging_mixin.py:104} INFO - [2021-10-06 16:23:09,078] {dagbag.py:487} INFO - Filling up the DagBag from /home/airflow/.local/lib/python3.6/site-packages/airflow/example_dags/example_dag_decorator.py
[2021-10-06 16:23:09,091] {scheduler_job.py:643} INFO - DAG(s) dict_keys(['example_dag_decorator']) retrieved from /home/airflow/.local/lib/python3.6/site-packages/airflow/example_dags/example_dag_decorator.py
[2021-10-06 16:23:09,294] {logging_mixin.py:104} INFO - [2021-10-06 16:23:09,294] {dag.py:1832} INFO - Sync 1 DAGs
[2021-10-06 16:23:09,303] {logging_mixin.py:104} INFO - [2021-10-06 16:23:09,303] {dag.py:2305} INFO - Setting next_dagrun for example_dag_decorator to None
[2021-10-06 16:23:09,315] {scheduler_job.py:190} INFO - Processing /home/airflow/.local/lib/python3.6/site-packages/airflow/example_dags/example_dag_decorator.py took 0.241 seconds
[2021-10-06 16:23:39,449] {scheduler_job.py:182} INFO - Started process (PID=819) to work on /home/airflow/.local/lib/python3.6/site-packages/airflow/example_dags/example_dag_decorator.py
[2021-10-06 16:23:39,451] {scheduler_job.py:633} INFO - Processing file /home/airflow/.local/lib/python3.6/site-packages/airflow/example_dags/example_dag_decorator.py for tasks to queue
[2021-10-06 16:23:39,451] {logging_mixin.py:104} INFO - [2021-10-06 16:23:39,451] {dagbag.py:487} INFO - Filling up the DagBag from /home/airflow/.local/lib/python3.6/site-packages/airflow/example_dags/example_dag_decorator.py
[2021-10-06 16:23:39,467] {scheduler_job.py:643} INFO - DAG(s) dict_keys(['example_dag_decorator']) retrieved from /home/airflow/.local/lib/python3.6/site-packages/airflow/example_dags/example_dag_decorator.py
[2021-10-06 16:23:39,679] {logging_mixin.py:104} INFO - [2021-10-06 16:23:39,679] {dag.py:1832} INFO - Sync 1 DAGs
[2021-10-06 16:23:39,689] {logging_mixin.py:104} INFO - [2021-10-06 16:23:39,689] {dag.py:2305} INFO - Setting next_dagrun for example_dag_decorator to None
[2021-10-06 16:23:39,699] {scheduler_job.py:190} INFO - Processing /home/airflow/.local/lib/python3.6/site-packages/airflow/example_dags/example_dag_decorator.py took 0.253 seconds
