[2021-10-06 16:20:22,681] {scheduler_job.py:182} INFO - Started process (PID=150) to work on /home/airflow/.local/lib/python3.6/site-packages/airflow/example_dags/example_xcomargs.py
[2021-10-06 16:20:22,682] {scheduler_job.py:633} INFO - Processing file /home/airflow/.local/lib/python3.6/site-packages/airflow/example_dags/example_xcomargs.py for tasks to queue
[2021-10-06 16:20:22,683] {logging_mixin.py:104} INFO - [2021-10-06 16:20:22,683] {dagbag.py:487} INFO - Filling up the DagBag from /home/airflow/.local/lib/python3.6/site-packages/airflow/example_dags/example_xcomargs.py
[2021-10-06 16:20:22,701] {scheduler_job.py:643} INFO - DAG(s) dict_keys(['example_xcom_args', 'example_xcom_args_with_operators']) retrieved from /home/airflow/.local/lib/python3.6/site-packages/airflow/example_dags/example_xcomargs.py
[2021-10-06 16:20:24,384] {logging_mixin.py:104} INFO - [2021-10-06 16:20:24,383] {dag.py:1832} INFO - Sync 2 DAGs
[2021-10-06 16:20:24,402] {logging_mixin.py:104} INFO - [2021-10-06 16:20:24,401] {dag.py:1851} INFO - Creating ORM DAG for example_xcom_args_with_operators
[2021-10-06 16:20:24,403] {logging_mixin.py:104} INFO - [2021-10-06 16:20:24,403] {dag.py:1851} INFO - Creating ORM DAG for example_xcom_args
[2021-10-06 16:20:24,409] {logging_mixin.py:104} INFO - [2021-10-06 16:20:24,409] {dag.py:2305} INFO - Setting next_dagrun for example_xcom_args to None
[2021-10-06 16:20:24,410] {logging_mixin.py:104} INFO - [2021-10-06 16:20:24,410] {dag.py:2305} INFO - Setting next_dagrun for example_xcom_args_with_operators to None
[2021-10-06 16:20:24,422] {scheduler_job.py:190} INFO - Processing /home/airflow/.local/lib/python3.6/site-packages/airflow/example_dags/example_xcomargs.py took 1.744 seconds
[2021-10-06 16:20:54,578] {scheduler_job.py:182} INFO - Started process (PID=266) to work on /home/airflow/.local/lib/python3.6/site-packages/airflow/example_dags/example_xcomargs.py
[2021-10-06 16:20:54,579] {scheduler_job.py:633} INFO - Processing file /home/airflow/.local/lib/python3.6/site-packages/airflow/example_dags/example_xcomargs.py for tasks to queue
[2021-10-06 16:20:54,580] {logging_mixin.py:104} INFO - [2021-10-06 16:20:54,580] {dagbag.py:487} INFO - Filling up the DagBag from /home/airflow/.local/lib/python3.6/site-packages/airflow/example_dags/example_xcomargs.py
[2021-10-06 16:20:54,595] {scheduler_job.py:643} INFO - DAG(s) dict_keys(['example_xcom_args', 'example_xcom_args_with_operators']) retrieved from /home/airflow/.local/lib/python3.6/site-packages/airflow/example_dags/example_xcomargs.py
[2021-10-06 16:20:54,793] {logging_mixin.py:104} INFO - [2021-10-06 16:20:54,793] {dag.py:1832} INFO - Sync 2 DAGs
[2021-10-06 16:20:54,801] {logging_mixin.py:104} INFO - [2021-10-06 16:20:54,801] {dag.py:2305} INFO - Setting next_dagrun for example_xcom_args to None
[2021-10-06 16:20:54,802] {logging_mixin.py:104} INFO - [2021-10-06 16:20:54,802] {dag.py:2305} INFO - Setting next_dagrun for example_xcom_args_with_operators to None
[2021-10-06 16:20:54,811] {scheduler_job.py:190} INFO - Processing /home/airflow/.local/lib/python3.6/site-packages/airflow/example_dags/example_xcomargs.py took 0.236 seconds
[2021-10-06 16:21:24,875] {scheduler_job.py:182} INFO - Started process (PID=376) to work on /home/airflow/.local/lib/python3.6/site-packages/airflow/example_dags/example_xcomargs.py
[2021-10-06 16:21:24,876] {scheduler_job.py:633} INFO - Processing file /home/airflow/.local/lib/python3.6/site-packages/airflow/example_dags/example_xcomargs.py for tasks to queue
[2021-10-06 16:21:24,877] {logging_mixin.py:104} INFO - [2021-10-06 16:21:24,877] {dagbag.py:487} INFO - Filling up the DagBag from /home/airflow/.local/lib/python3.6/site-packages/airflow/example_dags/example_xcomargs.py
[2021-10-06 16:21:24,891] {scheduler_job.py:643} INFO - DAG(s) dict_keys(['example_xcom_args', 'example_xcom_args_with_operators']) retrieved from /home/airflow/.local/lib/python3.6/site-packages/airflow/example_dags/example_xcomargs.py
[2021-10-06 16:21:25,107] {logging_mixin.py:104} INFO - [2021-10-06 16:21:25,106] {dag.py:1832} INFO - Sync 2 DAGs
[2021-10-06 16:21:25,118] {logging_mixin.py:104} INFO - [2021-10-06 16:21:25,117] {dag.py:2305} INFO - Setting next_dagrun for example_xcom_args to None
[2021-10-06 16:21:25,118] {logging_mixin.py:104} INFO - [2021-10-06 16:21:25,118] {dag.py:2305} INFO - Setting next_dagrun for example_xcom_args_with_operators to None
[2021-10-06 16:21:25,139] {scheduler_job.py:190} INFO - Processing /home/airflow/.local/lib/python3.6/site-packages/airflow/example_dags/example_xcomargs.py took 0.266 seconds
[2021-10-06 16:21:55,973] {scheduler_job.py:182} INFO - Started process (PID=469) to work on /home/airflow/.local/lib/python3.6/site-packages/airflow/example_dags/example_xcomargs.py
[2021-10-06 16:21:55,973] {scheduler_job.py:633} INFO - Processing file /home/airflow/.local/lib/python3.6/site-packages/airflow/example_dags/example_xcomargs.py for tasks to queue
[2021-10-06 16:21:55,974] {logging_mixin.py:104} INFO - [2021-10-06 16:21:55,974] {dagbag.py:487} INFO - Filling up the DagBag from /home/airflow/.local/lib/python3.6/site-packages/airflow/example_dags/example_xcomargs.py
[2021-10-06 16:21:55,990] {scheduler_job.py:643} INFO - DAG(s) dict_keys(['example_xcom_args', 'example_xcom_args_with_operators']) retrieved from /home/airflow/.local/lib/python3.6/site-packages/airflow/example_dags/example_xcomargs.py
[2021-10-06 16:21:56,223] {logging_mixin.py:104} INFO - [2021-10-06 16:21:56,223] {dag.py:1832} INFO - Sync 2 DAGs
[2021-10-06 16:21:56,235] {logging_mixin.py:104} INFO - [2021-10-06 16:21:56,235] {dag.py:2305} INFO - Setting next_dagrun for example_xcom_args to None
[2021-10-06 16:21:56,236] {logging_mixin.py:104} INFO - [2021-10-06 16:21:56,235] {dag.py:2305} INFO - Setting next_dagrun for example_xcom_args_with_operators to None
[2021-10-06 16:21:56,247] {scheduler_job.py:190} INFO - Processing /home/airflow/.local/lib/python3.6/site-packages/airflow/example_dags/example_xcomargs.py took 0.277 seconds
[2021-10-06 16:22:26,310] {scheduler_job.py:182} INFO - Started process (PID=568) to work on /home/airflow/.local/lib/python3.6/site-packages/airflow/example_dags/example_xcomargs.py
[2021-10-06 16:22:26,311] {scheduler_job.py:633} INFO - Processing file /home/airflow/.local/lib/python3.6/site-packages/airflow/example_dags/example_xcomargs.py for tasks to queue
[2021-10-06 16:22:26,312] {logging_mixin.py:104} INFO - [2021-10-06 16:22:26,312] {dagbag.py:487} INFO - Filling up the DagBag from /home/airflow/.local/lib/python3.6/site-packages/airflow/example_dags/example_xcomargs.py
[2021-10-06 16:22:26,325] {scheduler_job.py:643} INFO - DAG(s) dict_keys(['example_xcom_args', 'example_xcom_args_with_operators']) retrieved from /home/airflow/.local/lib/python3.6/site-packages/airflow/example_dags/example_xcomargs.py
[2021-10-06 16:22:26,548] {logging_mixin.py:104} INFO - [2021-10-06 16:22:26,548] {dag.py:1832} INFO - Sync 2 DAGs
[2021-10-06 16:22:26,558] {logging_mixin.py:104} INFO - [2021-10-06 16:22:26,558] {dag.py:2305} INFO - Setting next_dagrun for example_xcom_args to None
[2021-10-06 16:22:26,559] {logging_mixin.py:104} INFO - [2021-10-06 16:22:26,559] {dag.py:2305} INFO - Setting next_dagrun for example_xcom_args_with_operators to None
[2021-10-06 16:22:26,568] {scheduler_job.py:190} INFO - Processing /home/airflow/.local/lib/python3.6/site-packages/airflow/example_dags/example_xcomargs.py took 0.261 seconds
[2021-10-06 16:22:56,660] {scheduler_job.py:182} INFO - Started process (PID=678) to work on /home/airflow/.local/lib/python3.6/site-packages/airflow/example_dags/example_xcomargs.py
[2021-10-06 16:22:56,661] {scheduler_job.py:633} INFO - Processing file /home/airflow/.local/lib/python3.6/site-packages/airflow/example_dags/example_xcomargs.py for tasks to queue
[2021-10-06 16:22:56,661] {logging_mixin.py:104} INFO - [2021-10-06 16:22:56,661] {dagbag.py:487} INFO - Filling up the DagBag from /home/airflow/.local/lib/python3.6/site-packages/airflow/example_dags/example_xcomargs.py
[2021-10-06 16:22:56,676] {scheduler_job.py:643} INFO - DAG(s) dict_keys(['example_xcom_args', 'example_xcom_args_with_operators']) retrieved from /home/airflow/.local/lib/python3.6/site-packages/airflow/example_dags/example_xcomargs.py
[2021-10-06 16:22:56,918] {logging_mixin.py:104} INFO - [2021-10-06 16:22:56,918] {dag.py:1832} INFO - Sync 2 DAGs
[2021-10-06 16:22:56,933] {logging_mixin.py:104} INFO - [2021-10-06 16:22:56,933] {dag.py:2305} INFO - Setting next_dagrun for example_xcom_args to None
[2021-10-06 16:22:56,934] {logging_mixin.py:104} INFO - [2021-10-06 16:22:56,934] {dag.py:2305} INFO - Setting next_dagrun for example_xcom_args_with_operators to None
[2021-10-06 16:22:56,946] {scheduler_job.py:190} INFO - Processing /home/airflow/.local/lib/python3.6/site-packages/airflow/example_dags/example_xcomargs.py took 0.289 seconds
[2021-10-06 16:23:27,106] {scheduler_job.py:182} INFO - Started process (PID=770) to work on /home/airflow/.local/lib/python3.6/site-packages/airflow/example_dags/example_xcomargs.py
[2021-10-06 16:23:27,107] {scheduler_job.py:633} INFO - Processing file /home/airflow/.local/lib/python3.6/site-packages/airflow/example_dags/example_xcomargs.py for tasks to queue
[2021-10-06 16:23:27,108] {logging_mixin.py:104} INFO - [2021-10-06 16:23:27,108] {dagbag.py:487} INFO - Filling up the DagBag from /home/airflow/.local/lib/python3.6/site-packages/airflow/example_dags/example_xcomargs.py
[2021-10-06 16:23:27,123] {scheduler_job.py:643} INFO - DAG(s) dict_keys(['example_xcom_args', 'example_xcom_args_with_operators']) retrieved from /home/airflow/.local/lib/python3.6/site-packages/airflow/example_dags/example_xcomargs.py
[2021-10-06 16:23:27,142] {logging_mixin.py:104} INFO - [2021-10-06 16:23:27,142] {dag.py:1832} INFO - Sync 2 DAGs
[2021-10-06 16:23:27,154] {logging_mixin.py:104} INFO - [2021-10-06 16:23:27,154] {dag.py:2305} INFO - Setting next_dagrun for example_xcom_args to None
[2021-10-06 16:23:27,156] {logging_mixin.py:104} INFO - [2021-10-06 16:23:27,155] {dag.py:2305} INFO - Setting next_dagrun for example_xcom_args_with_operators to None
[2021-10-06 16:23:27,167] {scheduler_job.py:190} INFO - Processing /home/airflow/.local/lib/python3.6/site-packages/airflow/example_dags/example_xcomargs.py took 0.063 seconds
