[2021-10-06 16:20:21,388] {scheduler_job.py:182} INFO - Started process (PID=148) to work on /home/airflow/.local/lib/python3.6/site-packages/airflow/example_dags/example_external_task_marker_dag.py
[2021-10-06 16:20:21,389] {scheduler_job.py:633} INFO - Processing file /home/airflow/.local/lib/python3.6/site-packages/airflow/example_dags/example_external_task_marker_dag.py for tasks to queue
[2021-10-06 16:20:21,390] {logging_mixin.py:104} INFO - [2021-10-06 16:20:21,390] {dagbag.py:487} INFO - Filling up the DagBag from /home/airflow/.local/lib/python3.6/site-packages/airflow/example_dags/example_external_task_marker_dag.py
[2021-10-06 16:20:21,402] {scheduler_job.py:643} INFO - DAG(s) dict_keys(['example_external_task_marker_parent', 'example_external_task_marker_child']) retrieved from /home/airflow/.local/lib/python3.6/site-packages/airflow/example_dags/example_external_task_marker_dag.py
[2021-10-06 16:20:22,929] {logging_mixin.py:104} INFO - [2021-10-06 16:20:22,928] {dag.py:1832} INFO - Sync 2 DAGs
[2021-10-06 16:20:22,937] {logging_mixin.py:104} INFO - [2021-10-06 16:20:22,936] {dag.py:1851} INFO - Creating ORM DAG for example_external_task_marker_child
[2021-10-06 16:20:22,938] {logging_mixin.py:104} INFO - [2021-10-06 16:20:22,938] {dag.py:1851} INFO - Creating ORM DAG for example_external_task_marker_parent
[2021-10-06 16:20:22,941] {logging_mixin.py:104} INFO - [2021-10-06 16:20:22,941] {dag.py:2305} INFO - Setting next_dagrun for example_external_task_marker_child to None
[2021-10-06 16:20:22,942] {logging_mixin.py:104} INFO - [2021-10-06 16:20:22,942] {dag.py:2305} INFO - Setting next_dagrun for example_external_task_marker_parent to None
[2021-10-06 16:20:22,950] {scheduler_job.py:190} INFO - Processing /home/airflow/.local/lib/python3.6/site-packages/airflow/example_dags/example_external_task_marker_dag.py took 1.564 seconds
[2021-10-06 16:20:53,310] {scheduler_job.py:182} INFO - Started process (PID=264) to work on /home/airflow/.local/lib/python3.6/site-packages/airflow/example_dags/example_external_task_marker_dag.py
[2021-10-06 16:20:53,311] {scheduler_job.py:633} INFO - Processing file /home/airflow/.local/lib/python3.6/site-packages/airflow/example_dags/example_external_task_marker_dag.py for tasks to queue
[2021-10-06 16:20:53,312] {logging_mixin.py:104} INFO - [2021-10-06 16:20:53,312] {dagbag.py:487} INFO - Filling up the DagBag from /home/airflow/.local/lib/python3.6/site-packages/airflow/example_dags/example_external_task_marker_dag.py
[2021-10-06 16:20:53,325] {scheduler_job.py:643} INFO - DAG(s) dict_keys(['example_external_task_marker_parent', 'example_external_task_marker_child']) retrieved from /home/airflow/.local/lib/python3.6/site-packages/airflow/example_dags/example_external_task_marker_dag.py
[2021-10-06 16:20:53,534] {logging_mixin.py:104} INFO - [2021-10-06 16:20:53,533] {dag.py:1832} INFO - Sync 2 DAGs
[2021-10-06 16:20:53,542] {logging_mixin.py:104} INFO - [2021-10-06 16:20:53,542] {dag.py:2305} INFO - Setting next_dagrun for example_external_task_marker_child to None
[2021-10-06 16:20:53,543] {logging_mixin.py:104} INFO - [2021-10-06 16:20:53,543] {dag.py:2305} INFO - Setting next_dagrun for example_external_task_marker_parent to None
[2021-10-06 16:20:53,552] {scheduler_job.py:190} INFO - Processing /home/airflow/.local/lib/python3.6/site-packages/airflow/example_dags/example_external_task_marker_dag.py took 0.244 seconds
[2021-10-06 16:21:23,594] {scheduler_job.py:182} INFO - Started process (PID=375) to work on /home/airflow/.local/lib/python3.6/site-packages/airflow/example_dags/example_external_task_marker_dag.py
[2021-10-06 16:21:23,596] {scheduler_job.py:633} INFO - Processing file /home/airflow/.local/lib/python3.6/site-packages/airflow/example_dags/example_external_task_marker_dag.py for tasks to queue
[2021-10-06 16:21:23,596] {logging_mixin.py:104} INFO - [2021-10-06 16:21:23,596] {dagbag.py:487} INFO - Filling up the DagBag from /home/airflow/.local/lib/python3.6/site-packages/airflow/example_dags/example_external_task_marker_dag.py
[2021-10-06 16:21:23,606] {scheduler_job.py:643} INFO - DAG(s) dict_keys(['example_external_task_marker_parent', 'example_external_task_marker_child']) retrieved from /home/airflow/.local/lib/python3.6/site-packages/airflow/example_dags/example_external_task_marker_dag.py
[2021-10-06 16:21:23,828] {logging_mixin.py:104} INFO - [2021-10-06 16:21:23,828] {dag.py:1832} INFO - Sync 2 DAGs
[2021-10-06 16:21:23,837] {logging_mixin.py:104} INFO - [2021-10-06 16:21:23,837] {dag.py:2305} INFO - Setting next_dagrun for example_external_task_marker_child to None
[2021-10-06 16:21:23,838] {logging_mixin.py:104} INFO - [2021-10-06 16:21:23,838] {dag.py:2305} INFO - Setting next_dagrun for example_external_task_marker_parent to None
[2021-10-06 16:21:23,851] {scheduler_job.py:190} INFO - Processing /home/airflow/.local/lib/python3.6/site-packages/airflow/example_dags/example_external_task_marker_dag.py took 0.259 seconds
[2021-10-06 16:21:53,877] {scheduler_job.py:182} INFO - Started process (PID=457) to work on /home/airflow/.local/lib/python3.6/site-packages/airflow/example_dags/example_external_task_marker_dag.py
[2021-10-06 16:21:53,878] {scheduler_job.py:633} INFO - Processing file /home/airflow/.local/lib/python3.6/site-packages/airflow/example_dags/example_external_task_marker_dag.py for tasks to queue
[2021-10-06 16:21:53,879] {logging_mixin.py:104} INFO - [2021-10-06 16:21:53,879] {dagbag.py:487} INFO - Filling up the DagBag from /home/airflow/.local/lib/python3.6/site-packages/airflow/example_dags/example_external_task_marker_dag.py
[2021-10-06 16:21:53,888] {scheduler_job.py:643} INFO - DAG(s) dict_keys(['example_external_task_marker_parent', 'example_external_task_marker_child']) retrieved from /home/airflow/.local/lib/python3.6/site-packages/airflow/example_dags/example_external_task_marker_dag.py
[2021-10-06 16:21:53,908] {logging_mixin.py:104} INFO - [2021-10-06 16:21:53,907] {dag.py:1832} INFO - Sync 2 DAGs
[2021-10-06 16:21:53,920] {logging_mixin.py:104} INFO - [2021-10-06 16:21:53,919] {dag.py:2305} INFO - Setting next_dagrun for example_external_task_marker_child to None
[2021-10-06 16:21:53,921] {logging_mixin.py:104} INFO - [2021-10-06 16:21:53,921] {dag.py:2305} INFO - Setting next_dagrun for example_external_task_marker_parent to None
[2021-10-06 16:21:53,929] {scheduler_job.py:190} INFO - Processing /home/airflow/.local/lib/python3.6/site-packages/airflow/example_dags/example_external_task_marker_dag.py took 0.054 seconds
[2021-10-06 16:22:24,173] {scheduler_job.py:182} INFO - Started process (PID=566) to work on /home/airflow/.local/lib/python3.6/site-packages/airflow/example_dags/example_external_task_marker_dag.py
[2021-10-06 16:22:24,174] {scheduler_job.py:633} INFO - Processing file /home/airflow/.local/lib/python3.6/site-packages/airflow/example_dags/example_external_task_marker_dag.py for tasks to queue
[2021-10-06 16:22:24,175] {logging_mixin.py:104} INFO - [2021-10-06 16:22:24,175] {dagbag.py:487} INFO - Filling up the DagBag from /home/airflow/.local/lib/python3.6/site-packages/airflow/example_dags/example_external_task_marker_dag.py
[2021-10-06 16:22:24,185] {scheduler_job.py:643} INFO - DAG(s) dict_keys(['example_external_task_marker_parent', 'example_external_task_marker_child']) retrieved from /home/airflow/.local/lib/python3.6/site-packages/airflow/example_dags/example_external_task_marker_dag.py
[2021-10-06 16:22:24,438] {logging_mixin.py:104} INFO - [2021-10-06 16:22:24,437] {dag.py:1832} INFO - Sync 2 DAGs
[2021-10-06 16:22:24,447] {logging_mixin.py:104} INFO - [2021-10-06 16:22:24,447] {dag.py:2305} INFO - Setting next_dagrun for example_external_task_marker_child to None
[2021-10-06 16:22:24,448] {logging_mixin.py:104} INFO - [2021-10-06 16:22:24,448] {dag.py:2305} INFO - Setting next_dagrun for example_external_task_marker_parent to None
[2021-10-06 16:22:24,460] {scheduler_job.py:190} INFO - Processing /home/airflow/.local/lib/python3.6/site-packages/airflow/example_dags/example_external_task_marker_dag.py took 0.290 seconds
[2021-10-06 16:22:54,559] {scheduler_job.py:182} INFO - Started process (PID=676) to work on /home/airflow/.local/lib/python3.6/site-packages/airflow/example_dags/example_external_task_marker_dag.py
[2021-10-06 16:22:54,560] {scheduler_job.py:633} INFO - Processing file /home/airflow/.local/lib/python3.6/site-packages/airflow/example_dags/example_external_task_marker_dag.py for tasks to queue
[2021-10-06 16:22:54,561] {logging_mixin.py:104} INFO - [2021-10-06 16:22:54,561] {dagbag.py:487} INFO - Filling up the DagBag from /home/airflow/.local/lib/python3.6/site-packages/airflow/example_dags/example_external_task_marker_dag.py
[2021-10-06 16:22:54,572] {scheduler_job.py:643} INFO - DAG(s) dict_keys(['example_external_task_marker_parent', 'example_external_task_marker_child']) retrieved from /home/airflow/.local/lib/python3.6/site-packages/airflow/example_dags/example_external_task_marker_dag.py
[2021-10-06 16:22:54,592] {logging_mixin.py:104} INFO - [2021-10-06 16:22:54,592] {dag.py:1832} INFO - Sync 2 DAGs
[2021-10-06 16:22:54,605] {logging_mixin.py:104} INFO - [2021-10-06 16:22:54,605] {dag.py:2305} INFO - Setting next_dagrun for example_external_task_marker_child to None
[2021-10-06 16:22:54,606] {logging_mixin.py:104} INFO - [2021-10-06 16:22:54,606] {dag.py:2305} INFO - Setting next_dagrun for example_external_task_marker_parent to None
[2021-10-06 16:22:54,618] {scheduler_job.py:190} INFO - Processing /home/airflow/.local/lib/python3.6/site-packages/airflow/example_dags/example_external_task_marker_dag.py took 0.062 seconds
[2021-10-06 16:23:24,822] {scheduler_job.py:182} INFO - Started process (PID=759) to work on /home/airflow/.local/lib/python3.6/site-packages/airflow/example_dags/example_external_task_marker_dag.py
[2021-10-06 16:23:24,824] {scheduler_job.py:633} INFO - Processing file /home/airflow/.local/lib/python3.6/site-packages/airflow/example_dags/example_external_task_marker_dag.py for tasks to queue
[2021-10-06 16:23:24,824] {logging_mixin.py:104} INFO - [2021-10-06 16:23:24,824] {dagbag.py:487} INFO - Filling up the DagBag from /home/airflow/.local/lib/python3.6/site-packages/airflow/example_dags/example_external_task_marker_dag.py
[2021-10-06 16:23:24,834] {scheduler_job.py:643} INFO - DAG(s) dict_keys(['example_external_task_marker_parent', 'example_external_task_marker_child']) retrieved from /home/airflow/.local/lib/python3.6/site-packages/airflow/example_dags/example_external_task_marker_dag.py
[2021-10-06 16:23:25,060] {logging_mixin.py:104} INFO - [2021-10-06 16:23:25,060] {dag.py:1832} INFO - Sync 2 DAGs
[2021-10-06 16:23:25,070] {logging_mixin.py:104} INFO - [2021-10-06 16:23:25,070] {dag.py:2305} INFO - Setting next_dagrun for example_external_task_marker_child to None
[2021-10-06 16:23:25,070] {logging_mixin.py:104} INFO - [2021-10-06 16:23:25,070] {dag.py:2305} INFO - Setting next_dagrun for example_external_task_marker_parent to None
[2021-10-06 16:23:25,080] {scheduler_job.py:190} INFO - Processing /home/airflow/.local/lib/python3.6/site-packages/airflow/example_dags/example_external_task_marker_dag.py took 0.261 seconds
