[2021-10-06 16:20:14,956] {scheduler_job.py:182} INFO - Started process (PID=130) to work on /home/airflow/.local/lib/python3.6/site-packages/airflow/example_dags/example_nested_branch_dag.py
[2021-10-06 16:20:14,956] {scheduler_job.py:633} INFO - Processing file /home/airflow/.local/lib/python3.6/site-packages/airflow/example_dags/example_nested_branch_dag.py for tasks to queue
[2021-10-06 16:20:14,957] {logging_mixin.py:104} INFO - [2021-10-06 16:20:14,957] {dagbag.py:487} INFO - Filling up the DagBag from /home/airflow/.local/lib/python3.6/site-packages/airflow/example_dags/example_nested_branch_dag.py
[2021-10-06 16:20:14,969] {scheduler_job.py:643} INFO - DAG(s) dict_keys(['example_nested_branch_dag']) retrieved from /home/airflow/.local/lib/python3.6/site-packages/airflow/example_dags/example_nested_branch_dag.py
[2021-10-06 16:20:16,392] {logging_mixin.py:104} INFO - [2021-10-06 16:20:16,391] {dag.py:1832} INFO - Sync 1 DAGs
[2021-10-06 16:20:16,401] {logging_mixin.py:104} INFO - [2021-10-06 16:20:16,400] {dag.py:1851} INFO - Creating ORM DAG for example_nested_branch_dag
[2021-10-06 16:20:16,409] {logging_mixin.py:104} INFO - [2021-10-06 16:20:16,408] {dag.py:2305} INFO - Setting next_dagrun for example_nested_branch_dag to 2021-10-04 00:00:00+00:00
[2021-10-06 16:20:16,419] {scheduler_job.py:190} INFO - Processing /home/airflow/.local/lib/python3.6/site-packages/airflow/example_dags/example_nested_branch_dag.py took 1.466 seconds
[2021-10-06 16:20:46,944] {scheduler_job.py:182} INFO - Started process (PID=239) to work on /home/airflow/.local/lib/python3.6/site-packages/airflow/example_dags/example_nested_branch_dag.py
[2021-10-06 16:20:46,945] {scheduler_job.py:633} INFO - Processing file /home/airflow/.local/lib/python3.6/site-packages/airflow/example_dags/example_nested_branch_dag.py for tasks to queue
[2021-10-06 16:20:46,946] {logging_mixin.py:104} INFO - [2021-10-06 16:20:46,946] {dagbag.py:487} INFO - Filling up the DagBag from /home/airflow/.local/lib/python3.6/site-packages/airflow/example_dags/example_nested_branch_dag.py
[2021-10-06 16:20:46,958] {scheduler_job.py:643} INFO - DAG(s) dict_keys(['example_nested_branch_dag']) retrieved from /home/airflow/.local/lib/python3.6/site-packages/airflow/example_dags/example_nested_branch_dag.py
[2021-10-06 16:20:46,979] {logging_mixin.py:104} INFO - [2021-10-06 16:20:46,978] {dag.py:1832} INFO - Sync 1 DAGs
[2021-10-06 16:20:46,995] {logging_mixin.py:104} INFO - [2021-10-06 16:20:46,995] {dag.py:2305} INFO - Setting next_dagrun for example_nested_branch_dag to 2021-10-04 00:00:00+00:00
[2021-10-06 16:20:47,004] {scheduler_job.py:190} INFO - Processing /home/airflow/.local/lib/python3.6/site-packages/airflow/example_dags/example_nested_branch_dag.py took 0.063 seconds
[2021-10-06 16:21:17,183] {scheduler_job.py:182} INFO - Started process (PID=339) to work on /home/airflow/.local/lib/python3.6/site-packages/airflow/example_dags/example_nested_branch_dag.py
[2021-10-06 16:21:17,183] {scheduler_job.py:633} INFO - Processing file /home/airflow/.local/lib/python3.6/site-packages/airflow/example_dags/example_nested_branch_dag.py for tasks to queue
[2021-10-06 16:21:17,184] {logging_mixin.py:104} INFO - [2021-10-06 16:21:17,184] {dagbag.py:487} INFO - Filling up the DagBag from /home/airflow/.local/lib/python3.6/site-packages/airflow/example_dags/example_nested_branch_dag.py
[2021-10-06 16:21:17,199] {scheduler_job.py:643} INFO - DAG(s) dict_keys(['example_nested_branch_dag']) retrieved from /home/airflow/.local/lib/python3.6/site-packages/airflow/example_dags/example_nested_branch_dag.py
[2021-10-06 16:21:17,217] {logging_mixin.py:104} INFO - [2021-10-06 16:21:17,216] {dag.py:1832} INFO - Sync 1 DAGs
[2021-10-06 16:21:17,231] {logging_mixin.py:104} INFO - [2021-10-06 16:21:17,231] {dag.py:2305} INFO - Setting next_dagrun for example_nested_branch_dag to 2021-10-04 00:00:00+00:00
[2021-10-06 16:21:17,242] {scheduler_job.py:190} INFO - Processing /home/airflow/.local/lib/python3.6/site-packages/airflow/example_dags/example_nested_branch_dag.py took 0.062 seconds
[2021-10-06 16:21:47,537] {scheduler_job.py:182} INFO - Started process (PID=448) to work on /home/airflow/.local/lib/python3.6/site-packages/airflow/example_dags/example_nested_branch_dag.py
[2021-10-06 16:21:47,538] {scheduler_job.py:633} INFO - Processing file /home/airflow/.local/lib/python3.6/site-packages/airflow/example_dags/example_nested_branch_dag.py for tasks to queue
[2021-10-06 16:21:47,538] {logging_mixin.py:104} INFO - [2021-10-06 16:21:47,538] {dagbag.py:487} INFO - Filling up the DagBag from /home/airflow/.local/lib/python3.6/site-packages/airflow/example_dags/example_nested_branch_dag.py
[2021-10-06 16:21:47,552] {scheduler_job.py:643} INFO - DAG(s) dict_keys(['example_nested_branch_dag']) retrieved from /home/airflow/.local/lib/python3.6/site-packages/airflow/example_dags/example_nested_branch_dag.py
[2021-10-06 16:21:47,568] {logging_mixin.py:104} INFO - [2021-10-06 16:21:47,568] {dag.py:1832} INFO - Sync 1 DAGs
[2021-10-06 16:21:47,581] {logging_mixin.py:104} INFO - [2021-10-06 16:21:47,581] {dag.py:2305} INFO - Setting next_dagrun for example_nested_branch_dag to 2021-10-04 00:00:00+00:00
[2021-10-06 16:21:47,593] {scheduler_job.py:190} INFO - Processing /home/airflow/.local/lib/python3.6/site-packages/airflow/example_dags/example_nested_branch_dag.py took 0.059 seconds
[2021-10-06 16:22:17,771] {scheduler_job.py:182} INFO - Started process (PID=531) to work on /home/airflow/.local/lib/python3.6/site-packages/airflow/example_dags/example_nested_branch_dag.py
[2021-10-06 16:22:17,774] {scheduler_job.py:633} INFO - Processing file /home/airflow/.local/lib/python3.6/site-packages/airflow/example_dags/example_nested_branch_dag.py for tasks to queue
[2021-10-06 16:22:17,775] {logging_mixin.py:104} INFO - [2021-10-06 16:22:17,775] {dagbag.py:487} INFO - Filling up the DagBag from /home/airflow/.local/lib/python3.6/site-packages/airflow/example_dags/example_nested_branch_dag.py
[2021-10-06 16:22:17,785] {scheduler_job.py:643} INFO - DAG(s) dict_keys(['example_nested_branch_dag']) retrieved from /home/airflow/.local/lib/python3.6/site-packages/airflow/example_dags/example_nested_branch_dag.py
[2021-10-06 16:22:17,802] {logging_mixin.py:104} INFO - [2021-10-06 16:22:17,802] {dag.py:1832} INFO - Sync 1 DAGs
[2021-10-06 16:22:17,816] {logging_mixin.py:104} INFO - [2021-10-06 16:22:17,816] {dag.py:2305} INFO - Setting next_dagrun for example_nested_branch_dag to 2021-10-04 00:00:00+00:00
[2021-10-06 16:22:17,824] {scheduler_job.py:190} INFO - Processing /home/airflow/.local/lib/python3.6/site-packages/airflow/example_dags/example_nested_branch_dag.py took 0.055 seconds
[2021-10-06 16:22:48,210] {scheduler_job.py:182} INFO - Started process (PID=641) to work on /home/airflow/.local/lib/python3.6/site-packages/airflow/example_dags/example_nested_branch_dag.py
[2021-10-06 16:22:48,212] {scheduler_job.py:633} INFO - Processing file /home/airflow/.local/lib/python3.6/site-packages/airflow/example_dags/example_nested_branch_dag.py for tasks to queue
[2021-10-06 16:22:48,213] {logging_mixin.py:104} INFO - [2021-10-06 16:22:48,213] {dagbag.py:487} INFO - Filling up the DagBag from /home/airflow/.local/lib/python3.6/site-packages/airflow/example_dags/example_nested_branch_dag.py
[2021-10-06 16:22:48,226] {scheduler_job.py:643} INFO - DAG(s) dict_keys(['example_nested_branch_dag']) retrieved from /home/airflow/.local/lib/python3.6/site-packages/airflow/example_dags/example_nested_branch_dag.py
[2021-10-06 16:22:48,245] {logging_mixin.py:104} INFO - [2021-10-06 16:22:48,245] {dag.py:1832} INFO - Sync 1 DAGs
[2021-10-06 16:22:48,264] {logging_mixin.py:104} INFO - [2021-10-06 16:22:48,264] {dag.py:2305} INFO - Setting next_dagrun for example_nested_branch_dag to 2021-10-04 00:00:00+00:00
[2021-10-06 16:22:48,275] {scheduler_job.py:190} INFO - Processing /home/airflow/.local/lib/python3.6/site-packages/airflow/example_dags/example_nested_branch_dag.py took 0.068 seconds
[2021-10-06 16:23:18,438] {scheduler_job.py:182} INFO - Started process (PID=749) to work on /home/airflow/.local/lib/python3.6/site-packages/airflow/example_dags/example_nested_branch_dag.py
[2021-10-06 16:23:18,440] {scheduler_job.py:633} INFO - Processing file /home/airflow/.local/lib/python3.6/site-packages/airflow/example_dags/example_nested_branch_dag.py for tasks to queue
[2021-10-06 16:23:18,440] {logging_mixin.py:104} INFO - [2021-10-06 16:23:18,440] {dagbag.py:487} INFO - Filling up the DagBag from /home/airflow/.local/lib/python3.6/site-packages/airflow/example_dags/example_nested_branch_dag.py
[2021-10-06 16:23:18,452] {scheduler_job.py:643} INFO - DAG(s) dict_keys(['example_nested_branch_dag']) retrieved from /home/airflow/.local/lib/python3.6/site-packages/airflow/example_dags/example_nested_branch_dag.py
[2021-10-06 16:23:18,470] {logging_mixin.py:104} INFO - [2021-10-06 16:23:18,470] {dag.py:1832} INFO - Sync 1 DAGs
[2021-10-06 16:23:18,487] {logging_mixin.py:104} INFO - [2021-10-06 16:23:18,487] {dag.py:2305} INFO - Setting next_dagrun for example_nested_branch_dag to 2021-10-04 00:00:00+00:00
[2021-10-06 16:23:18,497] {scheduler_job.py:190} INFO - Processing /home/airflow/.local/lib/python3.6/site-packages/airflow/example_dags/example_nested_branch_dag.py took 0.061 seconds
