[2021-10-06 16:20:19,800] {scheduler_job.py:182} INFO - Started process (PID=144) to work on /home/airflow/.local/lib/python3.6/site-packages/airflow/example_dags/example_trigger_target_dag.py
[2021-10-06 16:20:19,801] {scheduler_job.py:633} INFO - Processing file /home/airflow/.local/lib/python3.6/site-packages/airflow/example_dags/example_trigger_target_dag.py for tasks to queue
[2021-10-06 16:20:19,802] {logging_mixin.py:104} INFO - [2021-10-06 16:20:19,802] {dagbag.py:487} INFO - Filling up the DagBag from /home/airflow/.local/lib/python3.6/site-packages/airflow/example_dags/example_trigger_target_dag.py
[2021-10-06 16:20:19,812] {scheduler_job.py:643} INFO - DAG(s) dict_keys(['example_trigger_target_dag']) retrieved from /home/airflow/.local/lib/python3.6/site-packages/airflow/example_dags/example_trigger_target_dag.py
[2021-10-06 16:20:21,346] {logging_mixin.py:104} INFO - [2021-10-06 16:20:21,345] {dag.py:1832} INFO - Sync 1 DAGs
[2021-10-06 16:20:21,354] {logging_mixin.py:104} INFO - [2021-10-06 16:20:21,353] {dag.py:1851} INFO - Creating ORM DAG for example_trigger_target_dag
[2021-10-06 16:20:21,357] {logging_mixin.py:104} INFO - [2021-10-06 16:20:21,357] {dag.py:2305} INFO - Setting next_dagrun for example_trigger_target_dag to None
[2021-10-06 16:20:21,365] {scheduler_job.py:190} INFO - Processing /home/airflow/.local/lib/python3.6/site-packages/airflow/example_dags/example_trigger_target_dag.py took 1.567 seconds
[2021-10-06 16:20:52,245] {scheduler_job.py:182} INFO - Started process (PID=262) to work on /home/airflow/.local/lib/python3.6/site-packages/airflow/example_dags/example_trigger_target_dag.py
[2021-10-06 16:20:52,246] {scheduler_job.py:633} INFO - Processing file /home/airflow/.local/lib/python3.6/site-packages/airflow/example_dags/example_trigger_target_dag.py for tasks to queue
[2021-10-06 16:20:52,247] {logging_mixin.py:104} INFO - [2021-10-06 16:20:52,247] {dagbag.py:487} INFO - Filling up the DagBag from /home/airflow/.local/lib/python3.6/site-packages/airflow/example_dags/example_trigger_target_dag.py
[2021-10-06 16:20:52,260] {scheduler_job.py:643} INFO - DAG(s) dict_keys(['example_trigger_target_dag']) retrieved from /home/airflow/.local/lib/python3.6/site-packages/airflow/example_dags/example_trigger_target_dag.py
[2021-10-06 16:20:52,279] {logging_mixin.py:104} INFO - [2021-10-06 16:20:52,279] {dag.py:1832} INFO - Sync 1 DAGs
[2021-10-06 16:20:52,292] {logging_mixin.py:104} INFO - [2021-10-06 16:20:52,292] {dag.py:2305} INFO - Setting next_dagrun for example_trigger_target_dag to None
[2021-10-06 16:20:52,301] {scheduler_job.py:190} INFO - Processing /home/airflow/.local/lib/python3.6/site-packages/airflow/example_dags/example_trigger_target_dag.py took 0.059 seconds
[2021-10-06 16:21:22,501] {scheduler_job.py:182} INFO - Started process (PID=372) to work on /home/airflow/.local/lib/python3.6/site-packages/airflow/example_dags/example_trigger_target_dag.py
[2021-10-06 16:21:22,503] {scheduler_job.py:633} INFO - Processing file /home/airflow/.local/lib/python3.6/site-packages/airflow/example_dags/example_trigger_target_dag.py for tasks to queue
[2021-10-06 16:21:22,503] {logging_mixin.py:104} INFO - [2021-10-06 16:21:22,503] {dagbag.py:487} INFO - Filling up the DagBag from /home/airflow/.local/lib/python3.6/site-packages/airflow/example_dags/example_trigger_target_dag.py
[2021-10-06 16:21:22,516] {scheduler_job.py:643} INFO - DAG(s) dict_keys(['example_trigger_target_dag']) retrieved from /home/airflow/.local/lib/python3.6/site-packages/airflow/example_dags/example_trigger_target_dag.py
[2021-10-06 16:21:22,537] {logging_mixin.py:104} INFO - [2021-10-06 16:21:22,536] {dag.py:1832} INFO - Sync 1 DAGs
[2021-10-06 16:21:22,552] {logging_mixin.py:104} INFO - [2021-10-06 16:21:22,552] {dag.py:2305} INFO - Setting next_dagrun for example_trigger_target_dag to None
[2021-10-06 16:21:22,564] {scheduler_job.py:190} INFO - Processing /home/airflow/.local/lib/python3.6/site-packages/airflow/example_dags/example_trigger_target_dag.py took 0.066 seconds
[2021-10-06 16:21:52,819] {scheduler_job.py:182} INFO - Started process (PID=455) to work on /home/airflow/.local/lib/python3.6/site-packages/airflow/example_dags/example_trigger_target_dag.py
[2021-10-06 16:21:52,820] {scheduler_job.py:633} INFO - Processing file /home/airflow/.local/lib/python3.6/site-packages/airflow/example_dags/example_trigger_target_dag.py for tasks to queue
[2021-10-06 16:21:52,821] {logging_mixin.py:104} INFO - [2021-10-06 16:21:52,821] {dagbag.py:487} INFO - Filling up the DagBag from /home/airflow/.local/lib/python3.6/site-packages/airflow/example_dags/example_trigger_target_dag.py
[2021-10-06 16:21:52,832] {scheduler_job.py:643} INFO - DAG(s) dict_keys(['example_trigger_target_dag']) retrieved from /home/airflow/.local/lib/python3.6/site-packages/airflow/example_dags/example_trigger_target_dag.py
[2021-10-06 16:21:52,848] {logging_mixin.py:104} INFO - [2021-10-06 16:21:52,848] {dag.py:1832} INFO - Sync 1 DAGs
[2021-10-06 16:21:52,859] {logging_mixin.py:104} INFO - [2021-10-06 16:21:52,859] {dag.py:2305} INFO - Setting next_dagrun for example_trigger_target_dag to None
[2021-10-06 16:21:52,869] {scheduler_job.py:190} INFO - Processing /home/airflow/.local/lib/python3.6/site-packages/airflow/example_dags/example_trigger_target_dag.py took 0.052 seconds
[2021-10-06 16:22:23,116] {scheduler_job.py:182} INFO - Started process (PID=564) to work on /home/airflow/.local/lib/python3.6/site-packages/airflow/example_dags/example_trigger_target_dag.py
[2021-10-06 16:22:23,117] {scheduler_job.py:633} INFO - Processing file /home/airflow/.local/lib/python3.6/site-packages/airflow/example_dags/example_trigger_target_dag.py for tasks to queue
[2021-10-06 16:22:23,118] {logging_mixin.py:104} INFO - [2021-10-06 16:22:23,118] {dagbag.py:487} INFO - Filling up the DagBag from /home/airflow/.local/lib/python3.6/site-packages/airflow/example_dags/example_trigger_target_dag.py
[2021-10-06 16:22:23,129] {scheduler_job.py:643} INFO - DAG(s) dict_keys(['example_trigger_target_dag']) retrieved from /home/airflow/.local/lib/python3.6/site-packages/airflow/example_dags/example_trigger_target_dag.py
[2021-10-06 16:22:23,149] {logging_mixin.py:104} INFO - [2021-10-06 16:22:23,149] {dag.py:1832} INFO - Sync 1 DAGs
[2021-10-06 16:22:23,162] {logging_mixin.py:104} INFO - [2021-10-06 16:22:23,162] {dag.py:2305} INFO - Setting next_dagrun for example_trigger_target_dag to None
[2021-10-06 16:22:23,172] {scheduler_job.py:190} INFO - Processing /home/airflow/.local/lib/python3.6/site-packages/airflow/example_dags/example_trigger_target_dag.py took 0.059 seconds
[2021-10-06 16:22:53,543] {scheduler_job.py:182} INFO - Started process (PID=674) to work on /home/airflow/.local/lib/python3.6/site-packages/airflow/example_dags/example_trigger_target_dag.py
[2021-10-06 16:22:53,543] {scheduler_job.py:633} INFO - Processing file /home/airflow/.local/lib/python3.6/site-packages/airflow/example_dags/example_trigger_target_dag.py for tasks to queue
[2021-10-06 16:22:53,544] {logging_mixin.py:104} INFO - [2021-10-06 16:22:53,544] {dagbag.py:487} INFO - Filling up the DagBag from /home/airflow/.local/lib/python3.6/site-packages/airflow/example_dags/example_trigger_target_dag.py
[2021-10-06 16:22:53,554] {scheduler_job.py:643} INFO - DAG(s) dict_keys(['example_trigger_target_dag']) retrieved from /home/airflow/.local/lib/python3.6/site-packages/airflow/example_dags/example_trigger_target_dag.py
[2021-10-06 16:22:53,569] {logging_mixin.py:104} INFO - [2021-10-06 16:22:53,569] {dag.py:1832} INFO - Sync 1 DAGs
[2021-10-06 16:22:53,580] {logging_mixin.py:104} INFO - [2021-10-06 16:22:53,580] {dag.py:2305} INFO - Setting next_dagrun for example_trigger_target_dag to None
[2021-10-06 16:22:53,591] {scheduler_job.py:190} INFO - Processing /home/airflow/.local/lib/python3.6/site-packages/airflow/example_dags/example_trigger_target_dag.py took 0.051 seconds
[2021-10-06 16:23:23,769] {scheduler_job.py:182} INFO - Started process (PID=757) to work on /home/airflow/.local/lib/python3.6/site-packages/airflow/example_dags/example_trigger_target_dag.py
[2021-10-06 16:23:23,771] {scheduler_job.py:633} INFO - Processing file /home/airflow/.local/lib/python3.6/site-packages/airflow/example_dags/example_trigger_target_dag.py for tasks to queue
[2021-10-06 16:23:23,772] {logging_mixin.py:104} INFO - [2021-10-06 16:23:23,772] {dagbag.py:487} INFO - Filling up the DagBag from /home/airflow/.local/lib/python3.6/site-packages/airflow/example_dags/example_trigger_target_dag.py
[2021-10-06 16:23:23,790] {scheduler_job.py:643} INFO - DAG(s) dict_keys(['example_trigger_target_dag']) retrieved from /home/airflow/.local/lib/python3.6/site-packages/airflow/example_dags/example_trigger_target_dag.py
[2021-10-06 16:23:23,812] {logging_mixin.py:104} INFO - [2021-10-06 16:23:23,812] {dag.py:1832} INFO - Sync 1 DAGs
[2021-10-06 16:23:23,829] {logging_mixin.py:104} INFO - [2021-10-06 16:23:23,829] {dag.py:2305} INFO - Setting next_dagrun for example_trigger_target_dag to None
[2021-10-06 16:23:23,838] {scheduler_job.py:190} INFO - Processing /home/airflow/.local/lib/python3.6/site-packages/airflow/example_dags/example_trigger_target_dag.py took 0.074 seconds
