[2021-10-06 16:20:04,396] {scheduler_job.py:182} INFO - Started process (PID=83) to work on /home/airflow/.local/lib/python3.6/site-packages/airflow/example_dags/example_kubernetes_executor_config.py
[2021-10-06 16:20:04,398] {scheduler_job.py:633} INFO - Processing file /home/airflow/.local/lib/python3.6/site-packages/airflow/example_dags/example_kubernetes_executor_config.py for tasks to queue
[2021-10-06 16:20:04,400] {logging_mixin.py:104} INFO - [2021-10-06 16:20:04,399] {dagbag.py:487} INFO - Filling up the DagBag from /home/airflow/.local/lib/python3.6/site-packages/airflow/example_dags/example_kubernetes_executor_config.py
[2021-10-06 16:20:04,425] {scheduler_job.py:643} INFO - DAG(s) dict_keys(['example_kubernetes_executor_config']) retrieved from /home/airflow/.local/lib/python3.6/site-packages/airflow/example_dags/example_kubernetes_executor_config.py
[2021-10-06 16:20:06,716] {logging_mixin.py:104} INFO - [2021-10-06 16:20:06,715] {dag.py:1832} INFO - Sync 1 DAGs
[2021-10-06 16:20:06,725] {logging_mixin.py:104} INFO - [2021-10-06 16:20:06,724] {dag.py:1851} INFO - Creating ORM DAG for example_kubernetes_executor_config
[2021-10-06 16:20:06,730] {logging_mixin.py:104} INFO - [2021-10-06 16:20:06,730] {dag.py:2305} INFO - Setting next_dagrun for example_kubernetes_executor_config to None
[2021-10-06 16:20:06,741] {scheduler_job.py:190} INFO - Processing /home/airflow/.local/lib/python3.6/site-packages/airflow/example_dags/example_kubernetes_executor_config.py took 2.350 seconds
[2021-10-06 16:20:37,361] {scheduler_job.py:182} INFO - Started process (PID=214) to work on /home/airflow/.local/lib/python3.6/site-packages/airflow/example_dags/example_kubernetes_executor_config.py
[2021-10-06 16:20:37,362] {scheduler_job.py:633} INFO - Processing file /home/airflow/.local/lib/python3.6/site-packages/airflow/example_dags/example_kubernetes_executor_config.py for tasks to queue
[2021-10-06 16:20:37,363] {logging_mixin.py:104} INFO - [2021-10-06 16:20:37,363] {dagbag.py:487} INFO - Filling up the DagBag from /home/airflow/.local/lib/python3.6/site-packages/airflow/example_dags/example_kubernetes_executor_config.py
[2021-10-06 16:20:37,375] {scheduler_job.py:643} INFO - DAG(s) dict_keys(['example_kubernetes_executor_config']) retrieved from /home/airflow/.local/lib/python3.6/site-packages/airflow/example_dags/example_kubernetes_executor_config.py
[2021-10-06 16:20:37,393] {logging_mixin.py:104} INFO - [2021-10-06 16:20:37,393] {dag.py:1832} INFO - Sync 1 DAGs
[2021-10-06 16:20:37,405] {logging_mixin.py:104} INFO - [2021-10-06 16:20:37,405] {dag.py:2305} INFO - Setting next_dagrun for example_kubernetes_executor_config to None
[2021-10-06 16:20:37,417] {scheduler_job.py:190} INFO - Processing /home/airflow/.local/lib/python3.6/site-packages/airflow/example_dags/example_kubernetes_executor_config.py took 0.058 seconds
[2021-10-06 16:21:07,935] {scheduler_job.py:182} INFO - Started process (PID=302) to work on /home/airflow/.local/lib/python3.6/site-packages/airflow/example_dags/example_kubernetes_executor_config.py
[2021-10-06 16:21:07,936] {scheduler_job.py:633} INFO - Processing file /home/airflow/.local/lib/python3.6/site-packages/airflow/example_dags/example_kubernetes_executor_config.py for tasks to queue
[2021-10-06 16:21:07,937] {logging_mixin.py:104} INFO - [2021-10-06 16:21:07,937] {dagbag.py:487} INFO - Filling up the DagBag from /home/airflow/.local/lib/python3.6/site-packages/airflow/example_dags/example_kubernetes_executor_config.py
[2021-10-06 16:21:07,948] {scheduler_job.py:643} INFO - DAG(s) dict_keys(['example_kubernetes_executor_config']) retrieved from /home/airflow/.local/lib/python3.6/site-packages/airflow/example_dags/example_kubernetes_executor_config.py
[2021-10-06 16:21:07,967] {logging_mixin.py:104} INFO - [2021-10-06 16:21:07,967] {dag.py:1832} INFO - Sync 1 DAGs
[2021-10-06 16:21:07,978] {logging_mixin.py:104} INFO - [2021-10-06 16:21:07,978] {dag.py:2305} INFO - Setting next_dagrun for example_kubernetes_executor_config to None
[2021-10-06 16:21:07,990] {scheduler_job.py:190} INFO - Processing /home/airflow/.local/lib/python3.6/site-packages/airflow/example_dags/example_kubernetes_executor_config.py took 0.058 seconds
[2021-10-06 16:21:38,097] {scheduler_job.py:182} INFO - Started process (PID=411) to work on /home/airflow/.local/lib/python3.6/site-packages/airflow/example_dags/example_kubernetes_executor_config.py
[2021-10-06 16:21:38,098] {scheduler_job.py:633} INFO - Processing file /home/airflow/.local/lib/python3.6/site-packages/airflow/example_dags/example_kubernetes_executor_config.py for tasks to queue
[2021-10-06 16:21:38,098] {logging_mixin.py:104} INFO - [2021-10-06 16:21:38,098] {dagbag.py:487} INFO - Filling up the DagBag from /home/airflow/.local/lib/python3.6/site-packages/airflow/example_dags/example_kubernetes_executor_config.py
[2021-10-06 16:21:38,109] {scheduler_job.py:643} INFO - DAG(s) dict_keys(['example_kubernetes_executor_config']) retrieved from /home/airflow/.local/lib/python3.6/site-packages/airflow/example_dags/example_kubernetes_executor_config.py
[2021-10-06 16:21:38,126] {logging_mixin.py:104} INFO - [2021-10-06 16:21:38,126] {dag.py:1832} INFO - Sync 1 DAGs
[2021-10-06 16:21:38,137] {logging_mixin.py:104} INFO - [2021-10-06 16:21:38,137] {dag.py:2305} INFO - Setting next_dagrun for example_kubernetes_executor_config to None
[2021-10-06 16:21:38,148] {scheduler_job.py:190} INFO - Processing /home/airflow/.local/lib/python3.6/site-packages/airflow/example_dags/example_kubernetes_executor_config.py took 0.054 seconds
[2021-10-06 16:22:08,267] {scheduler_job.py:182} INFO - Started process (PID=520) to work on /home/airflow/.local/lib/python3.6/site-packages/airflow/example_dags/example_kubernetes_executor_config.py
[2021-10-06 16:22:08,269] {scheduler_job.py:633} INFO - Processing file /home/airflow/.local/lib/python3.6/site-packages/airflow/example_dags/example_kubernetes_executor_config.py for tasks to queue
[2021-10-06 16:22:08,270] {logging_mixin.py:104} INFO - [2021-10-06 16:22:08,270] {dagbag.py:487} INFO - Filling up the DagBag from /home/airflow/.local/lib/python3.6/site-packages/airflow/example_dags/example_kubernetes_executor_config.py
[2021-10-06 16:22:08,284] {scheduler_job.py:643} INFO - DAG(s) dict_keys(['example_kubernetes_executor_config']) retrieved from /home/airflow/.local/lib/python3.6/site-packages/airflow/example_dags/example_kubernetes_executor_config.py
[2021-10-06 16:22:08,303] {logging_mixin.py:104} INFO - [2021-10-06 16:22:08,303] {dag.py:1832} INFO - Sync 1 DAGs
[2021-10-06 16:22:08,315] {logging_mixin.py:104} INFO - [2021-10-06 16:22:08,315] {dag.py:2305} INFO - Setting next_dagrun for example_kubernetes_executor_config to None
[2021-10-06 16:22:08,324] {scheduler_job.py:190} INFO - Processing /home/airflow/.local/lib/python3.6/site-packages/airflow/example_dags/example_kubernetes_executor_config.py took 0.060 seconds
[2021-10-06 16:22:38,818] {scheduler_job.py:182} INFO - Started process (PID=604) to work on /home/airflow/.local/lib/python3.6/site-packages/airflow/example_dags/example_kubernetes_executor_config.py
[2021-10-06 16:22:38,819] {scheduler_job.py:633} INFO - Processing file /home/airflow/.local/lib/python3.6/site-packages/airflow/example_dags/example_kubernetes_executor_config.py for tasks to queue
[2021-10-06 16:22:38,820] {logging_mixin.py:104} INFO - [2021-10-06 16:22:38,820] {dagbag.py:487} INFO - Filling up the DagBag from /home/airflow/.local/lib/python3.6/site-packages/airflow/example_dags/example_kubernetes_executor_config.py
[2021-10-06 16:22:38,830] {scheduler_job.py:643} INFO - DAG(s) dict_keys(['example_kubernetes_executor_config']) retrieved from /home/airflow/.local/lib/python3.6/site-packages/airflow/example_dags/example_kubernetes_executor_config.py
[2021-10-06 16:22:38,847] {logging_mixin.py:104} INFO - [2021-10-06 16:22:38,847] {dag.py:1832} INFO - Sync 1 DAGs
[2021-10-06 16:22:38,859] {logging_mixin.py:104} INFO - [2021-10-06 16:22:38,859] {dag.py:2305} INFO - Setting next_dagrun for example_kubernetes_executor_config to None
[2021-10-06 16:22:38,870] {scheduler_job.py:190} INFO - Processing /home/airflow/.local/lib/python3.6/site-packages/airflow/example_dags/example_kubernetes_executor_config.py took 0.054 seconds
[2021-10-06 16:23:09,003] {scheduler_job.py:182} INFO - Started process (PID=713) to work on /home/airflow/.local/lib/python3.6/site-packages/airflow/example_dags/example_kubernetes_executor_config.py
[2021-10-06 16:23:09,004] {scheduler_job.py:633} INFO - Processing file /home/airflow/.local/lib/python3.6/site-packages/airflow/example_dags/example_kubernetes_executor_config.py for tasks to queue
[2021-10-06 16:23:09,005] {logging_mixin.py:104} INFO - [2021-10-06 16:23:09,005] {dagbag.py:487} INFO - Filling up the DagBag from /home/airflow/.local/lib/python3.6/site-packages/airflow/example_dags/example_kubernetes_executor_config.py
[2021-10-06 16:23:09,015] {scheduler_job.py:643} INFO - DAG(s) dict_keys(['example_kubernetes_executor_config']) retrieved from /home/airflow/.local/lib/python3.6/site-packages/airflow/example_dags/example_kubernetes_executor_config.py
[2021-10-06 16:23:09,032] {logging_mixin.py:104} INFO - [2021-10-06 16:23:09,032] {dag.py:1832} INFO - Sync 1 DAGs
[2021-10-06 16:23:09,043] {logging_mixin.py:104} INFO - [2021-10-06 16:23:09,043] {dag.py:2305} INFO - Setting next_dagrun for example_kubernetes_executor_config to None
[2021-10-06 16:23:09,054] {scheduler_job.py:190} INFO - Processing /home/airflow/.local/lib/python3.6/site-packages/airflow/example_dags/example_kubernetes_executor_config.py took 0.053 seconds
[2021-10-06 16:23:39,528] {scheduler_job.py:182} INFO - Started process (PID=821) to work on /home/airflow/.local/lib/python3.6/site-packages/airflow/example_dags/example_kubernetes_executor_config.py
[2021-10-06 16:23:39,529] {scheduler_job.py:633} INFO - Processing file /home/airflow/.local/lib/python3.6/site-packages/airflow/example_dags/example_kubernetes_executor_config.py for tasks to queue
[2021-10-06 16:23:39,530] {logging_mixin.py:104} INFO - [2021-10-06 16:23:39,530] {dagbag.py:487} INFO - Filling up the DagBag from /home/airflow/.local/lib/python3.6/site-packages/airflow/example_dags/example_kubernetes_executor_config.py
[2021-10-06 16:23:39,541] {scheduler_job.py:643} INFO - DAG(s) dict_keys(['example_kubernetes_executor_config']) retrieved from /home/airflow/.local/lib/python3.6/site-packages/airflow/example_dags/example_kubernetes_executor_config.py
[2021-10-06 16:23:39,557] {logging_mixin.py:104} INFO - [2021-10-06 16:23:39,557] {dag.py:1832} INFO - Sync 1 DAGs
[2021-10-06 16:23:39,570] {logging_mixin.py:104} INFO - [2021-10-06 16:23:39,570] {dag.py:2305} INFO - Setting next_dagrun for example_kubernetes_executor_config to None
[2021-10-06 16:23:39,579] {scheduler_job.py:190} INFO - Processing /home/airflow/.local/lib/python3.6/site-packages/airflow/example_dags/example_kubernetes_executor_config.py took 0.053 seconds
