[2021-10-06 16:20:02,575] {scheduler_job.py:182} INFO - Started process (PID=79) to work on /home/airflow/.local/lib/python3.6/site-packages/airflow/example_dags/example_task_group.py
[2021-10-06 16:20:02,576] {scheduler_job.py:633} INFO - Processing file /home/airflow/.local/lib/python3.6/site-packages/airflow/example_dags/example_task_group.py for tasks to queue
[2021-10-06 16:20:02,576] {logging_mixin.py:104} INFO - [2021-10-06 16:20:02,576] {dagbag.py:487} INFO - Filling up the DagBag from /home/airflow/.local/lib/python3.6/site-packages/airflow/example_dags/example_task_group.py
[2021-10-06 16:20:02,588] {scheduler_job.py:643} INFO - DAG(s) dict_keys(['example_task_group']) retrieved from /home/airflow/.local/lib/python3.6/site-packages/airflow/example_dags/example_task_group.py
[2021-10-06 16:20:04,281] {logging_mixin.py:104} INFO - [2021-10-06 16:20:04,280] {dag.py:1832} INFO - Sync 1 DAGs
[2021-10-06 16:20:04,298] {logging_mixin.py:104} INFO - [2021-10-06 16:20:04,296] {dag.py:1851} INFO - Creating ORM DAG for example_task_group
[2021-10-06 16:20:04,303] {logging_mixin.py:104} INFO - [2021-10-06 16:20:04,303] {dag.py:2305} INFO - Setting next_dagrun for example_task_group to 2021-10-04 00:00:00+00:00
[2021-10-06 16:20:04,323] {scheduler_job.py:190} INFO - Processing /home/airflow/.local/lib/python3.6/site-packages/airflow/example_dags/example_task_group.py took 1.751 seconds
[2021-10-06 16:20:35,208] {scheduler_job.py:182} INFO - Started process (PID=186) to work on /home/airflow/.local/lib/python3.6/site-packages/airflow/example_dags/example_task_group.py
[2021-10-06 16:20:35,209] {scheduler_job.py:633} INFO - Processing file /home/airflow/.local/lib/python3.6/site-packages/airflow/example_dags/example_task_group.py for tasks to queue
[2021-10-06 16:20:35,209] {logging_mixin.py:104} INFO - [2021-10-06 16:20:35,209] {dagbag.py:487} INFO - Filling up the DagBag from /home/airflow/.local/lib/python3.6/site-packages/airflow/example_dags/example_task_group.py
[2021-10-06 16:20:35,221] {scheduler_job.py:643} INFO - DAG(s) dict_keys(['example_task_group']) retrieved from /home/airflow/.local/lib/python3.6/site-packages/airflow/example_dags/example_task_group.py
[2021-10-06 16:20:35,238] {logging_mixin.py:104} INFO - [2021-10-06 16:20:35,238] {dag.py:1832} INFO - Sync 1 DAGs
[2021-10-06 16:20:35,252] {logging_mixin.py:104} INFO - [2021-10-06 16:20:35,252] {dag.py:2305} INFO - Setting next_dagrun for example_task_group to 2021-10-04 00:00:00+00:00
[2021-10-06 16:20:35,264] {scheduler_job.py:190} INFO - Processing /home/airflow/.local/lib/python3.6/site-packages/airflow/example_dags/example_task_group.py took 0.058 seconds
[2021-10-06 16:21:05,840] {scheduler_job.py:182} INFO - Started process (PID=300) to work on /home/airflow/.local/lib/python3.6/site-packages/airflow/example_dags/example_task_group.py
[2021-10-06 16:21:05,842] {scheduler_job.py:633} INFO - Processing file /home/airflow/.local/lib/python3.6/site-packages/airflow/example_dags/example_task_group.py for tasks to queue
[2021-10-06 16:21:05,843] {logging_mixin.py:104} INFO - [2021-10-06 16:21:05,842] {dagbag.py:487} INFO - Filling up the DagBag from /home/airflow/.local/lib/python3.6/site-packages/airflow/example_dags/example_task_group.py
[2021-10-06 16:21:05,854] {scheduler_job.py:643} INFO - DAG(s) dict_keys(['example_task_group']) retrieved from /home/airflow/.local/lib/python3.6/site-packages/airflow/example_dags/example_task_group.py
[2021-10-06 16:21:05,872] {logging_mixin.py:104} INFO - [2021-10-06 16:21:05,872] {dag.py:1832} INFO - Sync 1 DAGs
[2021-10-06 16:21:05,885] {logging_mixin.py:104} INFO - [2021-10-06 16:21:05,884] {dag.py:2305} INFO - Setting next_dagrun for example_task_group to 2021-10-04 00:00:00+00:00
[2021-10-06 16:21:05,896] {scheduler_job.py:190} INFO - Processing /home/airflow/.local/lib/python3.6/site-packages/airflow/example_dags/example_task_group.py took 0.059 seconds
[2021-10-06 16:21:36,017] {scheduler_job.py:182} INFO - Started process (PID=408) to work on /home/airflow/.local/lib/python3.6/site-packages/airflow/example_dags/example_task_group.py
[2021-10-06 16:21:36,018] {scheduler_job.py:633} INFO - Processing file /home/airflow/.local/lib/python3.6/site-packages/airflow/example_dags/example_task_group.py for tasks to queue
[2021-10-06 16:21:36,019] {logging_mixin.py:104} INFO - [2021-10-06 16:21:36,019] {dagbag.py:487} INFO - Filling up the DagBag from /home/airflow/.local/lib/python3.6/site-packages/airflow/example_dags/example_task_group.py
[2021-10-06 16:21:36,031] {scheduler_job.py:643} INFO - DAG(s) dict_keys(['example_task_group']) retrieved from /home/airflow/.local/lib/python3.6/site-packages/airflow/example_dags/example_task_group.py
[2021-10-06 16:21:36,048] {logging_mixin.py:104} INFO - [2021-10-06 16:21:36,048] {dag.py:1832} INFO - Sync 1 DAGs
[2021-10-06 16:21:36,062] {logging_mixin.py:104} INFO - [2021-10-06 16:21:36,062] {dag.py:2305} INFO - Setting next_dagrun for example_task_group to 2021-10-04 00:00:00+00:00
[2021-10-06 16:21:36,070] {scheduler_job.py:190} INFO - Processing /home/airflow/.local/lib/python3.6/site-packages/airflow/example_dags/example_task_group.py took 0.055 seconds
[2021-10-06 16:22:06,115] {scheduler_job.py:182} INFO - Started process (PID=491) to work on /home/airflow/.local/lib/python3.6/site-packages/airflow/example_dags/example_task_group.py
[2021-10-06 16:22:06,117] {scheduler_job.py:633} INFO - Processing file /home/airflow/.local/lib/python3.6/site-packages/airflow/example_dags/example_task_group.py for tasks to queue
[2021-10-06 16:22:06,117] {logging_mixin.py:104} INFO - [2021-10-06 16:22:06,117] {dagbag.py:487} INFO - Filling up the DagBag from /home/airflow/.local/lib/python3.6/site-packages/airflow/example_dags/example_task_group.py
[2021-10-06 16:22:06,129] {scheduler_job.py:643} INFO - DAG(s) dict_keys(['example_task_group']) retrieved from /home/airflow/.local/lib/python3.6/site-packages/airflow/example_dags/example_task_group.py
[2021-10-06 16:22:06,147] {logging_mixin.py:104} INFO - [2021-10-06 16:22:06,147] {dag.py:1832} INFO - Sync 1 DAGs
[2021-10-06 16:22:06,159] {logging_mixin.py:104} INFO - [2021-10-06 16:22:06,158] {dag.py:2305} INFO - Setting next_dagrun for example_task_group to 2021-10-04 00:00:00+00:00
[2021-10-06 16:22:06,170] {scheduler_job.py:190} INFO - Processing /home/airflow/.local/lib/python3.6/site-packages/airflow/example_dags/example_task_group.py took 0.057 seconds
[2021-10-06 16:22:36,733] {scheduler_job.py:182} INFO - Started process (PID=601) to work on /home/airflow/.local/lib/python3.6/site-packages/airflow/example_dags/example_task_group.py
[2021-10-06 16:22:36,734] {scheduler_job.py:633} INFO - Processing file /home/airflow/.local/lib/python3.6/site-packages/airflow/example_dags/example_task_group.py for tasks to queue
[2021-10-06 16:22:36,735] {logging_mixin.py:104} INFO - [2021-10-06 16:22:36,735] {dagbag.py:487} INFO - Filling up the DagBag from /home/airflow/.local/lib/python3.6/site-packages/airflow/example_dags/example_task_group.py
[2021-10-06 16:22:36,746] {scheduler_job.py:643} INFO - DAG(s) dict_keys(['example_task_group']) retrieved from /home/airflow/.local/lib/python3.6/site-packages/airflow/example_dags/example_task_group.py
[2021-10-06 16:22:36,763] {logging_mixin.py:104} INFO - [2021-10-06 16:22:36,763] {dag.py:1832} INFO - Sync 1 DAGs
[2021-10-06 16:22:36,774] {logging_mixin.py:104} INFO - [2021-10-06 16:22:36,774] {dag.py:2305} INFO - Setting next_dagrun for example_task_group to 2021-10-04 00:00:00+00:00
[2021-10-06 16:22:36,782] {scheduler_job.py:190} INFO - Processing /home/airflow/.local/lib/python3.6/site-packages/airflow/example_dags/example_task_group.py took 0.052 seconds
[2021-10-06 16:23:06,928] {scheduler_job.py:182} INFO - Started process (PID=711) to work on /home/airflow/.local/lib/python3.6/site-packages/airflow/example_dags/example_task_group.py
[2021-10-06 16:23:06,929] {scheduler_job.py:633} INFO - Processing file /home/airflow/.local/lib/python3.6/site-packages/airflow/example_dags/example_task_group.py for tasks to queue
[2021-10-06 16:23:06,930] {logging_mixin.py:104} INFO - [2021-10-06 16:23:06,930] {dagbag.py:487} INFO - Filling up the DagBag from /home/airflow/.local/lib/python3.6/site-packages/airflow/example_dags/example_task_group.py
[2021-10-06 16:23:06,942] {scheduler_job.py:643} INFO - DAG(s) dict_keys(['example_task_group']) retrieved from /home/airflow/.local/lib/python3.6/site-packages/airflow/example_dags/example_task_group.py
[2021-10-06 16:23:06,958] {logging_mixin.py:104} INFO - [2021-10-06 16:23:06,958] {dag.py:1832} INFO - Sync 1 DAGs
[2021-10-06 16:23:06,969] {logging_mixin.py:104} INFO - [2021-10-06 16:23:06,969] {dag.py:2305} INFO - Setting next_dagrun for example_task_group to 2021-10-04 00:00:00+00:00
[2021-10-06 16:23:06,978] {scheduler_job.py:190} INFO - Processing /home/airflow/.local/lib/python3.6/site-packages/airflow/example_dags/example_task_group.py took 0.053 seconds
[2021-10-06 16:23:37,372] {scheduler_job.py:182} INFO - Started process (PID=793) to work on /home/airflow/.local/lib/python3.6/site-packages/airflow/example_dags/example_task_group.py
[2021-10-06 16:23:37,373] {scheduler_job.py:633} INFO - Processing file /home/airflow/.local/lib/python3.6/site-packages/airflow/example_dags/example_task_group.py for tasks to queue
[2021-10-06 16:23:37,374] {logging_mixin.py:104} INFO - [2021-10-06 16:23:37,374] {dagbag.py:487} INFO - Filling up the DagBag from /home/airflow/.local/lib/python3.6/site-packages/airflow/example_dags/example_task_group.py
[2021-10-06 16:23:37,384] {scheduler_job.py:643} INFO - DAG(s) dict_keys(['example_task_group']) retrieved from /home/airflow/.local/lib/python3.6/site-packages/airflow/example_dags/example_task_group.py
[2021-10-06 16:23:37,401] {logging_mixin.py:104} INFO - [2021-10-06 16:23:37,401] {dag.py:1832} INFO - Sync 1 DAGs
[2021-10-06 16:23:37,412] {logging_mixin.py:104} INFO - [2021-10-06 16:23:37,412] {dag.py:2305} INFO - Setting next_dagrun for example_task_group to 2021-10-04 00:00:00+00:00
[2021-10-06 16:23:37,421] {scheduler_job.py:190} INFO - Processing /home/airflow/.local/lib/python3.6/site-packages/airflow/example_dags/example_task_group.py took 0.052 seconds
