[2021-10-06 16:20:11,889] {scheduler_job.py:182} INFO - Started process (PID=99) to work on /home/airflow/.local/lib/python3.6/site-packages/airflow/example_dags/example_python_operator.py
[2021-10-06 16:20:11,890] {scheduler_job.py:633} INFO - Processing file /home/airflow/.local/lib/python3.6/site-packages/airflow/example_dags/example_python_operator.py for tasks to queue
[2021-10-06 16:20:11,891] {logging_mixin.py:104} INFO - [2021-10-06 16:20:11,891] {dagbag.py:487} INFO - Filling up the DagBag from /home/airflow/.local/lib/python3.6/site-packages/airflow/example_dags/example_python_operator.py
[2021-10-06 16:20:11,902] {scheduler_job.py:643} INFO - DAG(s) dict_keys(['example_python_operator']) retrieved from /home/airflow/.local/lib/python3.6/site-packages/airflow/example_dags/example_python_operator.py
[2021-10-06 16:20:13,626] {logging_mixin.py:104} INFO - [2021-10-06 16:20:13,625] {dag.py:1832} INFO - Sync 1 DAGs
[2021-10-06 16:20:13,632] {logging_mixin.py:104} INFO - [2021-10-06 16:20:13,632] {dag.py:1851} INFO - Creating ORM DAG for example_python_operator
[2021-10-06 16:20:13,636] {logging_mixin.py:104} INFO - [2021-10-06 16:20:13,636] {dag.py:2305} INFO - Setting next_dagrun for example_python_operator to None
[2021-10-06 16:20:13,644] {scheduler_job.py:190} INFO - Processing /home/airflow/.local/lib/python3.6/site-packages/airflow/example_dags/example_python_operator.py took 1.757 seconds
[2021-10-06 16:20:43,756] {scheduler_job.py:182} INFO - Started process (PID=227) to work on /home/airflow/.local/lib/python3.6/site-packages/airflow/example_dags/example_python_operator.py
[2021-10-06 16:20:43,758] {scheduler_job.py:633} INFO - Processing file /home/airflow/.local/lib/python3.6/site-packages/airflow/example_dags/example_python_operator.py for tasks to queue
[2021-10-06 16:20:43,758] {logging_mixin.py:104} INFO - [2021-10-06 16:20:43,758] {dagbag.py:487} INFO - Filling up the DagBag from /home/airflow/.local/lib/python3.6/site-packages/airflow/example_dags/example_python_operator.py
[2021-10-06 16:20:43,773] {scheduler_job.py:643} INFO - DAG(s) dict_keys(['example_python_operator']) retrieved from /home/airflow/.local/lib/python3.6/site-packages/airflow/example_dags/example_python_operator.py
[2021-10-06 16:20:43,789] {logging_mixin.py:104} INFO - [2021-10-06 16:20:43,789] {dag.py:1832} INFO - Sync 1 DAGs
[2021-10-06 16:20:43,802] {logging_mixin.py:104} INFO - [2021-10-06 16:20:43,802] {dag.py:2305} INFO - Setting next_dagrun for example_python_operator to None
[2021-10-06 16:20:43,810] {scheduler_job.py:190} INFO - Processing /home/airflow/.local/lib/python3.6/site-packages/airflow/example_dags/example_python_operator.py took 0.057 seconds
[2021-10-06 16:21:14,108] {scheduler_job.py:182} INFO - Started process (PID=336) to work on /home/airflow/.local/lib/python3.6/site-packages/airflow/example_dags/example_python_operator.py
[2021-10-06 16:21:14,109] {scheduler_job.py:633} INFO - Processing file /home/airflow/.local/lib/python3.6/site-packages/airflow/example_dags/example_python_operator.py for tasks to queue
[2021-10-06 16:21:14,109] {logging_mixin.py:104} INFO - [2021-10-06 16:21:14,109] {dagbag.py:487} INFO - Filling up the DagBag from /home/airflow/.local/lib/python3.6/site-packages/airflow/example_dags/example_python_operator.py
[2021-10-06 16:21:14,119] {scheduler_job.py:643} INFO - DAG(s) dict_keys(['example_python_operator']) retrieved from /home/airflow/.local/lib/python3.6/site-packages/airflow/example_dags/example_python_operator.py
[2021-10-06 16:21:14,135] {logging_mixin.py:104} INFO - [2021-10-06 16:21:14,135] {dag.py:1832} INFO - Sync 1 DAGs
[2021-10-06 16:21:14,146] {logging_mixin.py:104} INFO - [2021-10-06 16:21:14,146] {dag.py:2305} INFO - Setting next_dagrun for example_python_operator to None
[2021-10-06 16:21:14,158] {scheduler_job.py:190} INFO - Processing /home/airflow/.local/lib/python3.6/site-packages/airflow/example_dags/example_python_operator.py took 0.052 seconds
[2021-10-06 16:21:44,457] {scheduler_job.py:182} INFO - Started process (PID=430) to work on /home/airflow/.local/lib/python3.6/site-packages/airflow/example_dags/example_python_operator.py
[2021-10-06 16:21:44,460] {scheduler_job.py:633} INFO - Processing file /home/airflow/.local/lib/python3.6/site-packages/airflow/example_dags/example_python_operator.py for tasks to queue
[2021-10-06 16:21:44,461] {logging_mixin.py:104} INFO - [2021-10-06 16:21:44,461] {dagbag.py:487} INFO - Filling up the DagBag from /home/airflow/.local/lib/python3.6/site-packages/airflow/example_dags/example_python_operator.py
[2021-10-06 16:21:44,472] {scheduler_job.py:643} INFO - DAG(s) dict_keys(['example_python_operator']) retrieved from /home/airflow/.local/lib/python3.6/site-packages/airflow/example_dags/example_python_operator.py
[2021-10-06 16:21:44,490] {logging_mixin.py:104} INFO - [2021-10-06 16:21:44,490] {dag.py:1832} INFO - Sync 1 DAGs
[2021-10-06 16:21:44,503] {logging_mixin.py:104} INFO - [2021-10-06 16:21:44,503] {dag.py:2305} INFO - Setting next_dagrun for example_python_operator to None
[2021-10-06 16:21:44,511] {scheduler_job.py:190} INFO - Processing /home/airflow/.local/lib/python3.6/site-packages/airflow/example_dags/example_python_operator.py took 0.056 seconds
[2021-10-06 16:22:14,676] {scheduler_job.py:182} INFO - Started process (PID=528) to work on /home/airflow/.local/lib/python3.6/site-packages/airflow/example_dags/example_python_operator.py
[2021-10-06 16:22:14,677] {scheduler_job.py:633} INFO - Processing file /home/airflow/.local/lib/python3.6/site-packages/airflow/example_dags/example_python_operator.py for tasks to queue
[2021-10-06 16:22:14,678] {logging_mixin.py:104} INFO - [2021-10-06 16:22:14,678] {dagbag.py:487} INFO - Filling up the DagBag from /home/airflow/.local/lib/python3.6/site-packages/airflow/example_dags/example_python_operator.py
[2021-10-06 16:22:14,688] {scheduler_job.py:643} INFO - DAG(s) dict_keys(['example_python_operator']) retrieved from /home/airflow/.local/lib/python3.6/site-packages/airflow/example_dags/example_python_operator.py
[2021-10-06 16:22:14,704] {logging_mixin.py:104} INFO - [2021-10-06 16:22:14,704] {dag.py:1832} INFO - Sync 1 DAGs
[2021-10-06 16:22:14,716] {logging_mixin.py:104} INFO - [2021-10-06 16:22:14,715] {dag.py:2305} INFO - Setting next_dagrun for example_python_operator to None
[2021-10-06 16:22:14,724] {scheduler_job.py:190} INFO - Processing /home/airflow/.local/lib/python3.6/site-packages/airflow/example_dags/example_python_operator.py took 0.051 seconds
[2021-10-06 16:22:45,132] {scheduler_job.py:182} INFO - Started process (PID=638) to work on /home/airflow/.local/lib/python3.6/site-packages/airflow/example_dags/example_python_operator.py
[2021-10-06 16:22:45,133] {scheduler_job.py:633} INFO - Processing file /home/airflow/.local/lib/python3.6/site-packages/airflow/example_dags/example_python_operator.py for tasks to queue
[2021-10-06 16:22:45,133] {logging_mixin.py:104} INFO - [2021-10-06 16:22:45,133] {dagbag.py:487} INFO - Filling up the DagBag from /home/airflow/.local/lib/python3.6/site-packages/airflow/example_dags/example_python_operator.py
[2021-10-06 16:22:45,143] {scheduler_job.py:643} INFO - DAG(s) dict_keys(['example_python_operator']) retrieved from /home/airflow/.local/lib/python3.6/site-packages/airflow/example_dags/example_python_operator.py
[2021-10-06 16:22:45,159] {logging_mixin.py:104} INFO - [2021-10-06 16:22:45,159] {dag.py:1832} INFO - Sync 1 DAGs
[2021-10-06 16:22:45,170] {logging_mixin.py:104} INFO - [2021-10-06 16:22:45,170] {dag.py:2305} INFO - Setting next_dagrun for example_python_operator to None
[2021-10-06 16:22:45,181] {scheduler_job.py:190} INFO - Processing /home/airflow/.local/lib/python3.6/site-packages/airflow/example_dags/example_python_operator.py took 0.051 seconds
[2021-10-06 16:23:15,330] {scheduler_job.py:182} INFO - Started process (PID=728) to work on /home/airflow/.local/lib/python3.6/site-packages/airflow/example_dags/example_python_operator.py
[2021-10-06 16:23:15,331] {scheduler_job.py:633} INFO - Processing file /home/airflow/.local/lib/python3.6/site-packages/airflow/example_dags/example_python_operator.py for tasks to queue
[2021-10-06 16:23:15,332] {logging_mixin.py:104} INFO - [2021-10-06 16:23:15,332] {dagbag.py:487} INFO - Filling up the DagBag from /home/airflow/.local/lib/python3.6/site-packages/airflow/example_dags/example_python_operator.py
[2021-10-06 16:23:15,350] {scheduler_job.py:643} INFO - DAG(s) dict_keys(['example_python_operator']) retrieved from /home/airflow/.local/lib/python3.6/site-packages/airflow/example_dags/example_python_operator.py
[2021-10-06 16:23:15,375] {logging_mixin.py:104} INFO - [2021-10-06 16:23:15,375] {dag.py:1832} INFO - Sync 1 DAGs
[2021-10-06 16:23:15,396] {logging_mixin.py:104} INFO - [2021-10-06 16:23:15,396] {dag.py:2305} INFO - Setting next_dagrun for example_python_operator to None
[2021-10-06 16:23:15,406] {scheduler_job.py:190} INFO - Processing /home/airflow/.local/lib/python3.6/site-packages/airflow/example_dags/example_python_operator.py took 0.081 seconds
