[2021-10-06 16:20:16,441] {scheduler_job.py:182} INFO - Started process (PID=134) to work on /home/airflow/.local/lib/python3.6/site-packages/airflow/example_dags/example_branch_datetime_operator.py
[2021-10-06 16:20:16,443] {scheduler_job.py:633} INFO - Processing file /home/airflow/.local/lib/python3.6/site-packages/airflow/example_dags/example_branch_datetime_operator.py for tasks to queue
[2021-10-06 16:20:16,443] {logging_mixin.py:104} INFO - [2021-10-06 16:20:16,443] {dagbag.py:487} INFO - Filling up the DagBag from /home/airflow/.local/lib/python3.6/site-packages/airflow/example_dags/example_branch_datetime_operator.py
[2021-10-06 16:20:16,456] {scheduler_job.py:643} INFO - DAG(s) dict_keys(['example_branch_datetime_operator_2']) retrieved from /home/airflow/.local/lib/python3.6/site-packages/airflow/example_dags/example_branch_datetime_operator.py
[2021-10-06 16:20:17,962] {logging_mixin.py:104} INFO - [2021-10-06 16:20:17,961] {dag.py:1832} INFO - Sync 1 DAGs
[2021-10-06 16:20:17,969] {logging_mixin.py:104} INFO - [2021-10-06 16:20:17,969] {dag.py:1851} INFO - Creating ORM DAG for example_branch_datetime_operator_2
[2021-10-06 16:20:17,975] {logging_mixin.py:104} INFO - [2021-10-06 16:20:17,975] {dag.py:2305} INFO - Setting next_dagrun for example_branch_datetime_operator_2 to 2021-10-04 00:00:00+00:00
[2021-10-06 16:20:17,985] {scheduler_job.py:190} INFO - Processing /home/airflow/.local/lib/python3.6/site-packages/airflow/example_dags/example_branch_datetime_operator.py took 1.546 seconds
[2021-10-06 16:20:48,075] {scheduler_job.py:182} INFO - Started process (PID=257) to work on /home/airflow/.local/lib/python3.6/site-packages/airflow/example_dags/example_branch_datetime_operator.py
[2021-10-06 16:20:48,076] {scheduler_job.py:633} INFO - Processing file /home/airflow/.local/lib/python3.6/site-packages/airflow/example_dags/example_branch_datetime_operator.py for tasks to queue
[2021-10-06 16:20:48,077] {logging_mixin.py:104} INFO - [2021-10-06 16:20:48,077] {dagbag.py:487} INFO - Filling up the DagBag from /home/airflow/.local/lib/python3.6/site-packages/airflow/example_dags/example_branch_datetime_operator.py
[2021-10-06 16:20:48,088] {scheduler_job.py:643} INFO - DAG(s) dict_keys(['example_branch_datetime_operator_2']) retrieved from /home/airflow/.local/lib/python3.6/site-packages/airflow/example_dags/example_branch_datetime_operator.py
[2021-10-06 16:20:48,105] {logging_mixin.py:104} INFO - [2021-10-06 16:20:48,105] {dag.py:1832} INFO - Sync 1 DAGs
[2021-10-06 16:20:48,121] {logging_mixin.py:104} INFO - [2021-10-06 16:20:48,121] {dag.py:2305} INFO - Setting next_dagrun for example_branch_datetime_operator_2 to 2021-10-04 00:00:00+00:00
[2021-10-06 16:20:48,132] {scheduler_job.py:190} INFO - Processing /home/airflow/.local/lib/python3.6/site-packages/airflow/example_dags/example_branch_datetime_operator.py took 0.059 seconds
[2021-10-06 16:21:18,344] {scheduler_job.py:182} INFO - Started process (PID=341) to work on /home/airflow/.local/lib/python3.6/site-packages/airflow/example_dags/example_branch_datetime_operator.py
[2021-10-06 16:21:18,346] {scheduler_job.py:633} INFO - Processing file /home/airflow/.local/lib/python3.6/site-packages/airflow/example_dags/example_branch_datetime_operator.py for tasks to queue
[2021-10-06 16:21:18,346] {logging_mixin.py:104} INFO - [2021-10-06 16:21:18,346] {dagbag.py:487} INFO - Filling up the DagBag from /home/airflow/.local/lib/python3.6/site-packages/airflow/example_dags/example_branch_datetime_operator.py
[2021-10-06 16:21:18,355] {scheduler_job.py:643} INFO - DAG(s) dict_keys(['example_branch_datetime_operator_2']) retrieved from /home/airflow/.local/lib/python3.6/site-packages/airflow/example_dags/example_branch_datetime_operator.py
[2021-10-06 16:21:18,370] {logging_mixin.py:104} INFO - [2021-10-06 16:21:18,370] {dag.py:1832} INFO - Sync 1 DAGs
[2021-10-06 16:21:18,383] {logging_mixin.py:104} INFO - [2021-10-06 16:21:18,383] {dag.py:2305} INFO - Setting next_dagrun for example_branch_datetime_operator_2 to 2021-10-04 00:00:00+00:00
[2021-10-06 16:21:18,393] {scheduler_job.py:190} INFO - Processing /home/airflow/.local/lib/python3.6/site-packages/airflow/example_dags/example_branch_datetime_operator.py took 0.051 seconds
[2021-10-06 16:21:48,624] {scheduler_job.py:182} INFO - Started process (PID=450) to work on /home/airflow/.local/lib/python3.6/site-packages/airflow/example_dags/example_branch_datetime_operator.py
[2021-10-06 16:21:48,626] {scheduler_job.py:633} INFO - Processing file /home/airflow/.local/lib/python3.6/site-packages/airflow/example_dags/example_branch_datetime_operator.py for tasks to queue
[2021-10-06 16:21:48,627] {logging_mixin.py:104} INFO - [2021-10-06 16:21:48,626] {dagbag.py:487} INFO - Filling up the DagBag from /home/airflow/.local/lib/python3.6/site-packages/airflow/example_dags/example_branch_datetime_operator.py
[2021-10-06 16:21:48,643] {scheduler_job.py:643} INFO - DAG(s) dict_keys(['example_branch_datetime_operator_2']) retrieved from /home/airflow/.local/lib/python3.6/site-packages/airflow/example_dags/example_branch_datetime_operator.py
[2021-10-06 16:21:48,663] {logging_mixin.py:104} INFO - [2021-10-06 16:21:48,662] {dag.py:1832} INFO - Sync 1 DAGs
[2021-10-06 16:21:48,678] {logging_mixin.py:104} INFO - [2021-10-06 16:21:48,678] {dag.py:2305} INFO - Setting next_dagrun for example_branch_datetime_operator_2 to 2021-10-04 00:00:00+00:00
[2021-10-06 16:21:48,686] {scheduler_job.py:190} INFO - Processing /home/airflow/.local/lib/python3.6/site-packages/airflow/example_dags/example_branch_datetime_operator.py took 0.067 seconds
[2021-10-06 16:22:18,921] {scheduler_job.py:182} INFO - Started process (PID=544) to work on /home/airflow/.local/lib/python3.6/site-packages/airflow/example_dags/example_branch_datetime_operator.py
[2021-10-06 16:22:18,923] {scheduler_job.py:633} INFO - Processing file /home/airflow/.local/lib/python3.6/site-packages/airflow/example_dags/example_branch_datetime_operator.py for tasks to queue
[2021-10-06 16:22:18,924] {logging_mixin.py:104} INFO - [2021-10-06 16:22:18,923] {dagbag.py:487} INFO - Filling up the DagBag from /home/airflow/.local/lib/python3.6/site-packages/airflow/example_dags/example_branch_datetime_operator.py
[2021-10-06 16:22:18,933] {scheduler_job.py:643} INFO - DAG(s) dict_keys(['example_branch_datetime_operator_2']) retrieved from /home/airflow/.local/lib/python3.6/site-packages/airflow/example_dags/example_branch_datetime_operator.py
[2021-10-06 16:22:18,950] {logging_mixin.py:104} INFO - [2021-10-06 16:22:18,950] {dag.py:1832} INFO - Sync 1 DAGs
[2021-10-06 16:22:18,964] {logging_mixin.py:104} INFO - [2021-10-06 16:22:18,964] {dag.py:2305} INFO - Setting next_dagrun for example_branch_datetime_operator_2 to 2021-10-04 00:00:00+00:00
[2021-10-06 16:22:18,974] {scheduler_job.py:190} INFO - Processing /home/airflow/.local/lib/python3.6/site-packages/airflow/example_dags/example_branch_datetime_operator.py took 0.056 seconds
[2021-10-06 16:22:49,370] {scheduler_job.py:182} INFO - Started process (PID=643) to work on /home/airflow/.local/lib/python3.6/site-packages/airflow/example_dags/example_branch_datetime_operator.py
[2021-10-06 16:22:49,371] {scheduler_job.py:633} INFO - Processing file /home/airflow/.local/lib/python3.6/site-packages/airflow/example_dags/example_branch_datetime_operator.py for tasks to queue
[2021-10-06 16:22:49,372] {logging_mixin.py:104} INFO - [2021-10-06 16:22:49,372] {dagbag.py:487} INFO - Filling up the DagBag from /home/airflow/.local/lib/python3.6/site-packages/airflow/example_dags/example_branch_datetime_operator.py
[2021-10-06 16:22:49,382] {scheduler_job.py:643} INFO - DAG(s) dict_keys(['example_branch_datetime_operator_2']) retrieved from /home/airflow/.local/lib/python3.6/site-packages/airflow/example_dags/example_branch_datetime_operator.py
[2021-10-06 16:22:49,398] {logging_mixin.py:104} INFO - [2021-10-06 16:22:49,398] {dag.py:1832} INFO - Sync 1 DAGs
[2021-10-06 16:22:49,414] {logging_mixin.py:104} INFO - [2021-10-06 16:22:49,414] {dag.py:2305} INFO - Setting next_dagrun for example_branch_datetime_operator_2 to 2021-10-04 00:00:00+00:00
[2021-10-06 16:22:49,425] {scheduler_job.py:190} INFO - Processing /home/airflow/.local/lib/python3.6/site-packages/airflow/example_dags/example_branch_datetime_operator.py took 0.057 seconds
[2021-10-06 16:23:19,524] {scheduler_job.py:182} INFO - Started process (PID=752) to work on /home/airflow/.local/lib/python3.6/site-packages/airflow/example_dags/example_branch_datetime_operator.py
[2021-10-06 16:23:19,525] {scheduler_job.py:633} INFO - Processing file /home/airflow/.local/lib/python3.6/site-packages/airflow/example_dags/example_branch_datetime_operator.py for tasks to queue
[2021-10-06 16:23:19,526] {logging_mixin.py:104} INFO - [2021-10-06 16:23:19,526] {dagbag.py:487} INFO - Filling up the DagBag from /home/airflow/.local/lib/python3.6/site-packages/airflow/example_dags/example_branch_datetime_operator.py
[2021-10-06 16:23:19,535] {scheduler_job.py:643} INFO - DAG(s) dict_keys(['example_branch_datetime_operator_2']) retrieved from /home/airflow/.local/lib/python3.6/site-packages/airflow/example_dags/example_branch_datetime_operator.py
[2021-10-06 16:23:19,556] {logging_mixin.py:104} INFO - [2021-10-06 16:23:19,556] {dag.py:1832} INFO - Sync 1 DAGs
[2021-10-06 16:23:19,573] {logging_mixin.py:104} INFO - [2021-10-06 16:23:19,573] {dag.py:2305} INFO - Setting next_dagrun for example_branch_datetime_operator_2 to 2021-10-04 00:00:00+00:00
[2021-10-06 16:23:19,582] {scheduler_job.py:190} INFO - Processing /home/airflow/.local/lib/python3.6/site-packages/airflow/example_dags/example_branch_datetime_operator.py took 0.061 seconds
