[2021-10-06 16:20:13,664] {scheduler_job.py:182} INFO - Started process (PID=128) to work on /home/airflow/.local/lib/python3.6/site-packages/airflow/example_dags/example_branch_operator.py
[2021-10-06 16:20:13,665] {scheduler_job.py:633} INFO - Processing file /home/airflow/.local/lib/python3.6/site-packages/airflow/example_dags/example_branch_operator.py for tasks to queue
[2021-10-06 16:20:13,666] {logging_mixin.py:104} INFO - [2021-10-06 16:20:13,666] {dagbag.py:487} INFO - Filling up the DagBag from /home/airflow/.local/lib/python3.6/site-packages/airflow/example_dags/example_branch_operator.py
[2021-10-06 16:20:13,678] {scheduler_job.py:643} INFO - DAG(s) dict_keys(['example_branch_operator']) retrieved from /home/airflow/.local/lib/python3.6/site-packages/airflow/example_dags/example_branch_operator.py
[2021-10-06 16:20:15,172] {logging_mixin.py:104} INFO - [2021-10-06 16:20:15,171] {dag.py:1832} INFO - Sync 1 DAGs
[2021-10-06 16:20:15,179] {logging_mixin.py:104} INFO - [2021-10-06 16:20:15,178] {dag.py:1851} INFO - Creating ORM DAG for example_branch_operator
[2021-10-06 16:20:15,184] {logging_mixin.py:104} INFO - [2021-10-06 16:20:15,184] {dag.py:2305} INFO - Setting next_dagrun for example_branch_operator to 2021-10-04 00:00:00+00:00
[2021-10-06 16:20:15,194] {scheduler_job.py:190} INFO - Processing /home/airflow/.local/lib/python3.6/site-packages/airflow/example_dags/example_branch_operator.py took 1.532 seconds
[2021-10-06 16:20:45,835] {scheduler_job.py:182} INFO - Started process (PID=229) to work on /home/airflow/.local/lib/python3.6/site-packages/airflow/example_dags/example_branch_operator.py
[2021-10-06 16:20:45,837] {scheduler_job.py:633} INFO - Processing file /home/airflow/.local/lib/python3.6/site-packages/airflow/example_dags/example_branch_operator.py for tasks to queue
[2021-10-06 16:20:45,838] {logging_mixin.py:104} INFO - [2021-10-06 16:20:45,838] {dagbag.py:487} INFO - Filling up the DagBag from /home/airflow/.local/lib/python3.6/site-packages/airflow/example_dags/example_branch_operator.py
[2021-10-06 16:20:45,857] {scheduler_job.py:643} INFO - DAG(s) dict_keys(['example_branch_operator']) retrieved from /home/airflow/.local/lib/python3.6/site-packages/airflow/example_dags/example_branch_operator.py
[2021-10-06 16:20:45,880] {logging_mixin.py:104} INFO - [2021-10-06 16:20:45,880] {dag.py:1832} INFO - Sync 1 DAGs
[2021-10-06 16:20:45,902] {logging_mixin.py:104} INFO - [2021-10-06 16:20:45,901] {dag.py:2305} INFO - Setting next_dagrun for example_branch_operator to 2021-10-04 00:00:00+00:00
[2021-10-06 16:20:45,913] {scheduler_job.py:190} INFO - Processing /home/airflow/.local/lib/python3.6/site-packages/airflow/example_dags/example_branch_operator.py took 0.081 seconds
[2021-10-06 16:21:16,120] {scheduler_job.py:182} INFO - Started process (PID=337) to work on /home/airflow/.local/lib/python3.6/site-packages/airflow/example_dags/example_branch_operator.py
[2021-10-06 16:21:16,122] {scheduler_job.py:633} INFO - Processing file /home/airflow/.local/lib/python3.6/site-packages/airflow/example_dags/example_branch_operator.py for tasks to queue
[2021-10-06 16:21:16,122] {logging_mixin.py:104} INFO - [2021-10-06 16:21:16,122] {dagbag.py:487} INFO - Filling up the DagBag from /home/airflow/.local/lib/python3.6/site-packages/airflow/example_dags/example_branch_operator.py
[2021-10-06 16:21:16,133] {scheduler_job.py:643} INFO - DAG(s) dict_keys(['example_branch_operator']) retrieved from /home/airflow/.local/lib/python3.6/site-packages/airflow/example_dags/example_branch_operator.py
[2021-10-06 16:21:16,148] {logging_mixin.py:104} INFO - [2021-10-06 16:21:16,148] {dag.py:1832} INFO - Sync 1 DAGs
[2021-10-06 16:21:16,162] {logging_mixin.py:104} INFO - [2021-10-06 16:21:16,161] {dag.py:2305} INFO - Setting next_dagrun for example_branch_operator to 2021-10-04 00:00:00+00:00
[2021-10-06 16:21:16,173] {scheduler_job.py:190} INFO - Processing /home/airflow/.local/lib/python3.6/site-packages/airflow/example_dags/example_branch_operator.py took 0.055 seconds
[2021-10-06 16:21:46,527] {scheduler_job.py:182} INFO - Started process (PID=446) to work on /home/airflow/.local/lib/python3.6/site-packages/airflow/example_dags/example_branch_operator.py
[2021-10-06 16:21:46,528] {scheduler_job.py:633} INFO - Processing file /home/airflow/.local/lib/python3.6/site-packages/airflow/example_dags/example_branch_operator.py for tasks to queue
[2021-10-06 16:21:46,528] {logging_mixin.py:104} INFO - [2021-10-06 16:21:46,528] {dagbag.py:487} INFO - Filling up the DagBag from /home/airflow/.local/lib/python3.6/site-packages/airflow/example_dags/example_branch_operator.py
[2021-10-06 16:21:46,539] {scheduler_job.py:643} INFO - DAG(s) dict_keys(['example_branch_operator']) retrieved from /home/airflow/.local/lib/python3.6/site-packages/airflow/example_dags/example_branch_operator.py
[2021-10-06 16:21:46,554] {logging_mixin.py:104} INFO - [2021-10-06 16:21:46,554] {dag.py:1832} INFO - Sync 1 DAGs
[2021-10-06 16:21:46,567] {logging_mixin.py:104} INFO - [2021-10-06 16:21:46,567] {dag.py:2305} INFO - Setting next_dagrun for example_branch_operator to 2021-10-04 00:00:00+00:00
[2021-10-06 16:21:46,577] {scheduler_job.py:190} INFO - Processing /home/airflow/.local/lib/python3.6/site-packages/airflow/example_dags/example_branch_operator.py took 0.053 seconds
[2021-10-06 16:22:16,690] {scheduler_job.py:182} INFO - Started process (PID=529) to work on /home/airflow/.local/lib/python3.6/site-packages/airflow/example_dags/example_branch_operator.py
[2021-10-06 16:22:16,691] {scheduler_job.py:633} INFO - Processing file /home/airflow/.local/lib/python3.6/site-packages/airflow/example_dags/example_branch_operator.py for tasks to queue
[2021-10-06 16:22:16,692] {logging_mixin.py:104} INFO - [2021-10-06 16:22:16,692] {dagbag.py:487} INFO - Filling up the DagBag from /home/airflow/.local/lib/python3.6/site-packages/airflow/example_dags/example_branch_operator.py
[2021-10-06 16:22:16,703] {scheduler_job.py:643} INFO - DAG(s) dict_keys(['example_branch_operator']) retrieved from /home/airflow/.local/lib/python3.6/site-packages/airflow/example_dags/example_branch_operator.py
[2021-10-06 16:22:16,719] {logging_mixin.py:104} INFO - [2021-10-06 16:22:16,719] {dag.py:1832} INFO - Sync 1 DAGs
[2021-10-06 16:22:16,732] {logging_mixin.py:104} INFO - [2021-10-06 16:22:16,732] {dag.py:2305} INFO - Setting next_dagrun for example_branch_operator to 2021-10-04 00:00:00+00:00
[2021-10-06 16:22:16,740] {scheduler_job.py:190} INFO - Processing /home/airflow/.local/lib/python3.6/site-packages/airflow/example_dags/example_branch_operator.py took 0.054 seconds
[2021-10-06 16:22:47,147] {scheduler_job.py:182} INFO - Started process (PID=639) to work on /home/airflow/.local/lib/python3.6/site-packages/airflow/example_dags/example_branch_operator.py
[2021-10-06 16:22:47,148] {scheduler_job.py:633} INFO - Processing file /home/airflow/.local/lib/python3.6/site-packages/airflow/example_dags/example_branch_operator.py for tasks to queue
[2021-10-06 16:22:47,149] {logging_mixin.py:104} INFO - [2021-10-06 16:22:47,149] {dagbag.py:487} INFO - Filling up the DagBag from /home/airflow/.local/lib/python3.6/site-packages/airflow/example_dags/example_branch_operator.py
[2021-10-06 16:22:47,163] {scheduler_job.py:643} INFO - DAG(s) dict_keys(['example_branch_operator']) retrieved from /home/airflow/.local/lib/python3.6/site-packages/airflow/example_dags/example_branch_operator.py
[2021-10-06 16:22:47,181] {logging_mixin.py:104} INFO - [2021-10-06 16:22:47,181] {dag.py:1832} INFO - Sync 1 DAGs
[2021-10-06 16:22:47,195] {logging_mixin.py:104} INFO - [2021-10-06 16:22:47,195] {dag.py:2305} INFO - Setting next_dagrun for example_branch_operator to 2021-10-04 00:00:00+00:00
[2021-10-06 16:22:47,207] {scheduler_job.py:190} INFO - Processing /home/airflow/.local/lib/python3.6/site-packages/airflow/example_dags/example_branch_operator.py took 0.063 seconds
[2021-10-06 16:23:17,434] {scheduler_job.py:182} INFO - Started process (PID=748) to work on /home/airflow/.local/lib/python3.6/site-packages/airflow/example_dags/example_branch_operator.py
[2021-10-06 16:23:17,434] {scheduler_job.py:633} INFO - Processing file /home/airflow/.local/lib/python3.6/site-packages/airflow/example_dags/example_branch_operator.py for tasks to queue
[2021-10-06 16:23:17,435] {logging_mixin.py:104} INFO - [2021-10-06 16:23:17,435] {dagbag.py:487} INFO - Filling up the DagBag from /home/airflow/.local/lib/python3.6/site-packages/airflow/example_dags/example_branch_operator.py
[2021-10-06 16:23:17,447] {scheduler_job.py:643} INFO - DAG(s) dict_keys(['example_branch_operator']) retrieved from /home/airflow/.local/lib/python3.6/site-packages/airflow/example_dags/example_branch_operator.py
[2021-10-06 16:23:17,465] {logging_mixin.py:104} INFO - [2021-10-06 16:23:17,464] {dag.py:1832} INFO - Sync 1 DAGs
[2021-10-06 16:23:17,480] {logging_mixin.py:104} INFO - [2021-10-06 16:23:17,479] {dag.py:2305} INFO - Setting next_dagrun for example_branch_operator to 2021-10-04 00:00:00+00:00
[2021-10-06 16:23:17,488] {scheduler_job.py:190} INFO - Processing /home/airflow/.local/lib/python3.6/site-packages/airflow/example_dags/example_branch_operator.py took 0.057 seconds
