[2021-10-06 16:19:58,659] {scheduler_job.py:182} INFO - Started process (PID=45) to work on /home/airflow/.local/lib/python3.6/site-packages/airflow/example_dags/example_xcom.py
[2021-10-06 16:19:58,660] {scheduler_job.py:633} INFO - Processing file /home/airflow/.local/lib/python3.6/site-packages/airflow/example_dags/example_xcom.py for tasks to queue
[2021-10-06 16:19:58,661] {logging_mixin.py:104} INFO - [2021-10-06 16:19:58,661] {dagbag.py:487} INFO - Filling up the DagBag from /home/airflow/.local/lib/python3.6/site-packages/airflow/example_dags/example_xcom.py
[2021-10-06 16:19:58,670] {scheduler_job.py:643} INFO - DAG(s) dict_keys(['example_xcom']) retrieved from /home/airflow/.local/lib/python3.6/site-packages/airflow/example_dags/example_xcom.py
[2021-10-06 16:20:00,442] {logging_mixin.py:104} INFO - [2021-10-06 16:20:00,441] {dag.py:1832} INFO - Sync 1 DAGs
[2021-10-06 16:20:00,452] {logging_mixin.py:104} INFO - [2021-10-06 16:20:00,451] {dag.py:1851} INFO - Creating ORM DAG for example_xcom
[2021-10-06 16:20:00,458] {logging_mixin.py:104} INFO - [2021-10-06 16:20:00,458] {dag.py:2305} INFO - Setting next_dagrun for example_xcom to 2021-10-04 00:00:00+00:00
[2021-10-06 16:20:00,473] {scheduler_job.py:190} INFO - Processing /home/airflow/.local/lib/python3.6/site-packages/airflow/example_dags/example_xcom.py took 1.817 seconds
[2021-10-06 16:20:31,119] {scheduler_job.py:182} INFO - Started process (PID=182) to work on /home/airflow/.local/lib/python3.6/site-packages/airflow/example_dags/example_xcom.py
[2021-10-06 16:20:31,120] {scheduler_job.py:633} INFO - Processing file /home/airflow/.local/lib/python3.6/site-packages/airflow/example_dags/example_xcom.py for tasks to queue
[2021-10-06 16:20:31,121] {logging_mixin.py:104} INFO - [2021-10-06 16:20:31,121] {dagbag.py:487} INFO - Filling up the DagBag from /home/airflow/.local/lib/python3.6/site-packages/airflow/example_dags/example_xcom.py
[2021-10-06 16:20:31,131] {scheduler_job.py:643} INFO - DAG(s) dict_keys(['example_xcom']) retrieved from /home/airflow/.local/lib/python3.6/site-packages/airflow/example_dags/example_xcom.py
[2021-10-06 16:20:31,148] {logging_mixin.py:104} INFO - [2021-10-06 16:20:31,148] {dag.py:1832} INFO - Sync 1 DAGs
[2021-10-06 16:20:31,162] {logging_mixin.py:104} INFO - [2021-10-06 16:20:31,162] {dag.py:2305} INFO - Setting next_dagrun for example_xcom to 2021-10-04 00:00:00+00:00
[2021-10-06 16:20:31,175] {scheduler_job.py:190} INFO - Processing /home/airflow/.local/lib/python3.6/site-packages/airflow/example_dags/example_xcom.py took 0.059 seconds
[2021-10-06 16:21:01,736] {scheduler_job.py:182} INFO - Started process (PID=296) to work on /home/airflow/.local/lib/python3.6/site-packages/airflow/example_dags/example_xcom.py
[2021-10-06 16:21:01,737] {scheduler_job.py:633} INFO - Processing file /home/airflow/.local/lib/python3.6/site-packages/airflow/example_dags/example_xcom.py for tasks to queue
[2021-10-06 16:21:01,737] {logging_mixin.py:104} INFO - [2021-10-06 16:21:01,737] {dagbag.py:487} INFO - Filling up the DagBag from /home/airflow/.local/lib/python3.6/site-packages/airflow/example_dags/example_xcom.py
[2021-10-06 16:21:01,749] {scheduler_job.py:643} INFO - DAG(s) dict_keys(['example_xcom']) retrieved from /home/airflow/.local/lib/python3.6/site-packages/airflow/example_dags/example_xcom.py
[2021-10-06 16:21:01,775] {logging_mixin.py:104} INFO - [2021-10-06 16:21:01,775] {dag.py:1832} INFO - Sync 1 DAGs
[2021-10-06 16:21:01,793] {logging_mixin.py:104} INFO - [2021-10-06 16:21:01,793] {dag.py:2305} INFO - Setting next_dagrun for example_xcom to 2021-10-04 00:00:00+00:00
[2021-10-06 16:21:01,805] {scheduler_job.py:190} INFO - Processing /home/airflow/.local/lib/python3.6/site-packages/airflow/example_dags/example_xcom.py took 0.072 seconds
[2021-10-06 16:21:31,995] {scheduler_job.py:182} INFO - Started process (PID=380) to work on /home/airflow/.local/lib/python3.6/site-packages/airflow/example_dags/example_xcom.py
[2021-10-06 16:21:31,996] {scheduler_job.py:633} INFO - Processing file /home/airflow/.local/lib/python3.6/site-packages/airflow/example_dags/example_xcom.py for tasks to queue
[2021-10-06 16:21:31,997] {logging_mixin.py:104} INFO - [2021-10-06 16:21:31,997] {dagbag.py:487} INFO - Filling up the DagBag from /home/airflow/.local/lib/python3.6/site-packages/airflow/example_dags/example_xcom.py
[2021-10-06 16:21:32,008] {scheduler_job.py:643} INFO - DAG(s) dict_keys(['example_xcom']) retrieved from /home/airflow/.local/lib/python3.6/site-packages/airflow/example_dags/example_xcom.py
[2021-10-06 16:21:32,028] {logging_mixin.py:104} INFO - [2021-10-06 16:21:32,028] {dag.py:1832} INFO - Sync 1 DAGs
[2021-10-06 16:21:32,042] {logging_mixin.py:104} INFO - [2021-10-06 16:21:32,042] {dag.py:2305} INFO - Setting next_dagrun for example_xcom to 2021-10-04 00:00:00+00:00
[2021-10-06 16:21:32,052] {scheduler_job.py:190} INFO - Processing /home/airflow/.local/lib/python3.6/site-packages/airflow/example_dags/example_xcom.py took 0.059 seconds
[2021-10-06 16:22:02,089] {scheduler_job.py:182} INFO - Started process (PID=488) to work on /home/airflow/.local/lib/python3.6/site-packages/airflow/example_dags/example_xcom.py
[2021-10-06 16:22:02,090] {scheduler_job.py:633} INFO - Processing file /home/airflow/.local/lib/python3.6/site-packages/airflow/example_dags/example_xcom.py for tasks to queue
[2021-10-06 16:22:02,091] {logging_mixin.py:104} INFO - [2021-10-06 16:22:02,091] {dagbag.py:487} INFO - Filling up the DagBag from /home/airflow/.local/lib/python3.6/site-packages/airflow/example_dags/example_xcom.py
[2021-10-06 16:22:02,101] {scheduler_job.py:643} INFO - DAG(s) dict_keys(['example_xcom']) retrieved from /home/airflow/.local/lib/python3.6/site-packages/airflow/example_dags/example_xcom.py
[2021-10-06 16:22:02,120] {logging_mixin.py:104} INFO - [2021-10-06 16:22:02,120] {dag.py:1832} INFO - Sync 1 DAGs
[2021-10-06 16:22:02,133] {logging_mixin.py:104} INFO - [2021-10-06 16:22:02,133] {dag.py:2305} INFO - Setting next_dagrun for example_xcom to 2021-10-04 00:00:00+00:00
[2021-10-06 16:22:02,143] {scheduler_job.py:190} INFO - Processing /home/airflow/.local/lib/python3.6/site-packages/airflow/example_dags/example_xcom.py took 0.056 seconds
[2021-10-06 16:22:32,643] {scheduler_job.py:182} INFO - Started process (PID=598) to work on /home/airflow/.local/lib/python3.6/site-packages/airflow/example_dags/example_xcom.py
[2021-10-06 16:22:32,644] {scheduler_job.py:633} INFO - Processing file /home/airflow/.local/lib/python3.6/site-packages/airflow/example_dags/example_xcom.py for tasks to queue
[2021-10-06 16:22:32,645] {logging_mixin.py:104} INFO - [2021-10-06 16:22:32,644] {dagbag.py:487} INFO - Filling up the DagBag from /home/airflow/.local/lib/python3.6/site-packages/airflow/example_dags/example_xcom.py
[2021-10-06 16:22:32,654] {scheduler_job.py:643} INFO - DAG(s) dict_keys(['example_xcom']) retrieved from /home/airflow/.local/lib/python3.6/site-packages/airflow/example_dags/example_xcom.py
[2021-10-06 16:22:32,671] {logging_mixin.py:104} INFO - [2021-10-06 16:22:32,671] {dag.py:1832} INFO - Sync 1 DAGs
[2021-10-06 16:22:32,683] {logging_mixin.py:104} INFO - [2021-10-06 16:22:32,683] {dag.py:2305} INFO - Setting next_dagrun for example_xcom to 2021-10-04 00:00:00+00:00
[2021-10-06 16:22:32,692] {scheduler_job.py:190} INFO - Processing /home/airflow/.local/lib/python3.6/site-packages/airflow/example_dags/example_xcom.py took 0.052 seconds
[2021-10-06 16:23:02,838] {scheduler_job.py:182} INFO - Started process (PID=682) to work on /home/airflow/.local/lib/python3.6/site-packages/airflow/example_dags/example_xcom.py
[2021-10-06 16:23:02,840] {scheduler_job.py:633} INFO - Processing file /home/airflow/.local/lib/python3.6/site-packages/airflow/example_dags/example_xcom.py for tasks to queue
[2021-10-06 16:23:02,841] {logging_mixin.py:104} INFO - [2021-10-06 16:23:02,841] {dagbag.py:487} INFO - Filling up the DagBag from /home/airflow/.local/lib/python3.6/site-packages/airflow/example_dags/example_xcom.py
[2021-10-06 16:23:02,850] {scheduler_job.py:643} INFO - DAG(s) dict_keys(['example_xcom']) retrieved from /home/airflow/.local/lib/python3.6/site-packages/airflow/example_dags/example_xcom.py
[2021-10-06 16:23:02,866] {logging_mixin.py:104} INFO - [2021-10-06 16:23:02,866] {dag.py:1832} INFO - Sync 1 DAGs
[2021-10-06 16:23:02,879] {logging_mixin.py:104} INFO - [2021-10-06 16:23:02,879] {dag.py:2305} INFO - Setting next_dagrun for example_xcom to 2021-10-04 00:00:00+00:00
[2021-10-06 16:23:02,887] {scheduler_job.py:190} INFO - Processing /home/airflow/.local/lib/python3.6/site-packages/airflow/example_dags/example_xcom.py took 0.051 seconds
[2021-10-06 16:23:33,275] {scheduler_job.py:182} INFO - Started process (PID=790) to work on /home/airflow/.local/lib/python3.6/site-packages/airflow/example_dags/example_xcom.py
[2021-10-06 16:23:33,277] {scheduler_job.py:633} INFO - Processing file /home/airflow/.local/lib/python3.6/site-packages/airflow/example_dags/example_xcom.py for tasks to queue
[2021-10-06 16:23:33,277] {logging_mixin.py:104} INFO - [2021-10-06 16:23:33,277] {dagbag.py:487} INFO - Filling up the DagBag from /home/airflow/.local/lib/python3.6/site-packages/airflow/example_dags/example_xcom.py
[2021-10-06 16:23:33,286] {scheduler_job.py:643} INFO - DAG(s) dict_keys(['example_xcom']) retrieved from /home/airflow/.local/lib/python3.6/site-packages/airflow/example_dags/example_xcom.py
[2021-10-06 16:23:33,304] {logging_mixin.py:104} INFO - [2021-10-06 16:23:33,304] {dag.py:1832} INFO - Sync 1 DAGs
[2021-10-06 16:23:33,319] {logging_mixin.py:104} INFO - [2021-10-06 16:23:33,319] {dag.py:2305} INFO - Setting next_dagrun for example_xcom to 2021-10-04 00:00:00+00:00
[2021-10-06 16:23:33,329] {scheduler_job.py:190} INFO - Processing /home/airflow/.local/lib/python3.6/site-packages/airflow/example_dags/example_xcom.py took 0.056 seconds
