[2021-10-06 16:19:58,630] {scheduler_job.py:182} INFO - Started process (PID=44) to work on /home/airflow/.local/lib/python3.6/site-packages/airflow/example_dags/example_short_circuit_operator.py
[2021-10-06 16:19:58,631] {scheduler_job.py:633} INFO - Processing file /home/airflow/.local/lib/python3.6/site-packages/airflow/example_dags/example_short_circuit_operator.py for tasks to queue
[2021-10-06 16:19:58,632] {logging_mixin.py:104} INFO - [2021-10-06 16:19:58,632] {dagbag.py:487} INFO - Filling up the DagBag from /home/airflow/.local/lib/python3.6/site-packages/airflow/example_dags/example_short_circuit_operator.py
[2021-10-06 16:19:58,643] {scheduler_job.py:643} INFO - DAG(s) dict_keys(['example_short_circuit_operator']) retrieved from /home/airflow/.local/lib/python3.6/site-packages/airflow/example_dags/example_short_circuit_operator.py
[2021-10-06 16:20:00,464] {logging_mixin.py:104} INFO - [2021-10-06 16:20:00,463] {dag.py:1832} INFO - Sync 1 DAGs
[2021-10-06 16:20:00,474] {logging_mixin.py:104} INFO - [2021-10-06 16:20:00,473] {dag.py:1851} INFO - Creating ORM DAG for example_short_circuit_operator
[2021-10-06 16:20:00,478] {logging_mixin.py:104} INFO - [2021-10-06 16:20:00,478] {dag.py:2305} INFO - Setting next_dagrun for example_short_circuit_operator to 2021-10-04 00:00:00+00:00
[2021-10-06 16:20:00,490] {scheduler_job.py:190} INFO - Processing /home/airflow/.local/lib/python3.6/site-packages/airflow/example_dags/example_short_circuit_operator.py took 1.862 seconds
[2021-10-06 16:20:31,119] {scheduler_job.py:182} INFO - Started process (PID=181) to work on /home/airflow/.local/lib/python3.6/site-packages/airflow/example_dags/example_short_circuit_operator.py
[2021-10-06 16:20:31,120] {scheduler_job.py:633} INFO - Processing file /home/airflow/.local/lib/python3.6/site-packages/airflow/example_dags/example_short_circuit_operator.py for tasks to queue
[2021-10-06 16:20:31,121] {logging_mixin.py:104} INFO - [2021-10-06 16:20:31,121] {dagbag.py:487} INFO - Filling up the DagBag from /home/airflow/.local/lib/python3.6/site-packages/airflow/example_dags/example_short_circuit_operator.py
[2021-10-06 16:20:31,131] {scheduler_job.py:643} INFO - DAG(s) dict_keys(['example_short_circuit_operator']) retrieved from /home/airflow/.local/lib/python3.6/site-packages/airflow/example_dags/example_short_circuit_operator.py
[2021-10-06 16:20:31,148] {logging_mixin.py:104} INFO - [2021-10-06 16:20:31,148] {dag.py:1832} INFO - Sync 1 DAGs
[2021-10-06 16:20:31,162] {logging_mixin.py:104} INFO - [2021-10-06 16:20:31,162] {dag.py:2305} INFO - Setting next_dagrun for example_short_circuit_operator to 2021-10-04 00:00:00+00:00
[2021-10-06 16:20:31,175] {scheduler_job.py:190} INFO - Processing /home/airflow/.local/lib/python3.6/site-packages/airflow/example_dags/example_short_circuit_operator.py took 0.059 seconds
[2021-10-06 16:21:01,736] {scheduler_job.py:182} INFO - Started process (PID=295) to work on /home/airflow/.local/lib/python3.6/site-packages/airflow/example_dags/example_short_circuit_operator.py
[2021-10-06 16:21:01,737] {scheduler_job.py:633} INFO - Processing file /home/airflow/.local/lib/python3.6/site-packages/airflow/example_dags/example_short_circuit_operator.py for tasks to queue
[2021-10-06 16:21:01,737] {logging_mixin.py:104} INFO - [2021-10-06 16:21:01,737] {dagbag.py:487} INFO - Filling up the DagBag from /home/airflow/.local/lib/python3.6/site-packages/airflow/example_dags/example_short_circuit_operator.py
[2021-10-06 16:21:01,751] {scheduler_job.py:643} INFO - DAG(s) dict_keys(['example_short_circuit_operator']) retrieved from /home/airflow/.local/lib/python3.6/site-packages/airflow/example_dags/example_short_circuit_operator.py
[2021-10-06 16:21:01,775] {logging_mixin.py:104} INFO - [2021-10-06 16:21:01,775] {dag.py:1832} INFO - Sync 1 DAGs
[2021-10-06 16:21:01,793] {logging_mixin.py:104} INFO - [2021-10-06 16:21:01,793] {dag.py:2305} INFO - Setting next_dagrun for example_short_circuit_operator to 2021-10-04 00:00:00+00:00
[2021-10-06 16:21:01,805] {scheduler_job.py:190} INFO - Processing /home/airflow/.local/lib/python3.6/site-packages/airflow/example_dags/example_short_circuit_operator.py took 0.073 seconds
[2021-10-06 16:21:31,995] {scheduler_job.py:182} INFO - Started process (PID=379) to work on /home/airflow/.local/lib/python3.6/site-packages/airflow/example_dags/example_short_circuit_operator.py
[2021-10-06 16:21:31,996] {scheduler_job.py:633} INFO - Processing file /home/airflow/.local/lib/python3.6/site-packages/airflow/example_dags/example_short_circuit_operator.py for tasks to queue
[2021-10-06 16:21:31,997] {logging_mixin.py:104} INFO - [2021-10-06 16:21:31,997] {dagbag.py:487} INFO - Filling up the DagBag from /home/airflow/.local/lib/python3.6/site-packages/airflow/example_dags/example_short_circuit_operator.py
[2021-10-06 16:21:32,009] {scheduler_job.py:643} INFO - DAG(s) dict_keys(['example_short_circuit_operator']) retrieved from /home/airflow/.local/lib/python3.6/site-packages/airflow/example_dags/example_short_circuit_operator.py
[2021-10-06 16:21:32,029] {logging_mixin.py:104} INFO - [2021-10-06 16:21:32,029] {dag.py:1832} INFO - Sync 1 DAGs
[2021-10-06 16:21:32,043] {logging_mixin.py:104} INFO - [2021-10-06 16:21:32,043] {dag.py:2305} INFO - Setting next_dagrun for example_short_circuit_operator to 2021-10-04 00:00:00+00:00
[2021-10-06 16:21:32,052] {scheduler_job.py:190} INFO - Processing /home/airflow/.local/lib/python3.6/site-packages/airflow/example_dags/example_short_circuit_operator.py took 0.060 seconds
[2021-10-06 16:22:02,089] {scheduler_job.py:182} INFO - Started process (PID=487) to work on /home/airflow/.local/lib/python3.6/site-packages/airflow/example_dags/example_short_circuit_operator.py
[2021-10-06 16:22:02,090] {scheduler_job.py:633} INFO - Processing file /home/airflow/.local/lib/python3.6/site-packages/airflow/example_dags/example_short_circuit_operator.py for tasks to queue
[2021-10-06 16:22:02,091] {logging_mixin.py:104} INFO - [2021-10-06 16:22:02,091] {dagbag.py:487} INFO - Filling up the DagBag from /home/airflow/.local/lib/python3.6/site-packages/airflow/example_dags/example_short_circuit_operator.py
[2021-10-06 16:22:02,101] {scheduler_job.py:643} INFO - DAG(s) dict_keys(['example_short_circuit_operator']) retrieved from /home/airflow/.local/lib/python3.6/site-packages/airflow/example_dags/example_short_circuit_operator.py
[2021-10-06 16:22:02,121] {logging_mixin.py:104} INFO - [2021-10-06 16:22:02,120] {dag.py:1832} INFO - Sync 1 DAGs
[2021-10-06 16:22:02,133] {logging_mixin.py:104} INFO - [2021-10-06 16:22:02,133] {dag.py:2305} INFO - Setting next_dagrun for example_short_circuit_operator to 2021-10-04 00:00:00+00:00
[2021-10-06 16:22:02,142] {scheduler_job.py:190} INFO - Processing /home/airflow/.local/lib/python3.6/site-packages/airflow/example_dags/example_short_circuit_operator.py took 0.055 seconds
[2021-10-06 16:22:32,643] {scheduler_job.py:182} INFO - Started process (PID=597) to work on /home/airflow/.local/lib/python3.6/site-packages/airflow/example_dags/example_short_circuit_operator.py
[2021-10-06 16:22:32,644] {scheduler_job.py:633} INFO - Processing file /home/airflow/.local/lib/python3.6/site-packages/airflow/example_dags/example_short_circuit_operator.py for tasks to queue
[2021-10-06 16:22:32,645] {logging_mixin.py:104} INFO - [2021-10-06 16:22:32,644] {dagbag.py:487} INFO - Filling up the DagBag from /home/airflow/.local/lib/python3.6/site-packages/airflow/example_dags/example_short_circuit_operator.py
[2021-10-06 16:22:32,654] {scheduler_job.py:643} INFO - DAG(s) dict_keys(['example_short_circuit_operator']) retrieved from /home/airflow/.local/lib/python3.6/site-packages/airflow/example_dags/example_short_circuit_operator.py
[2021-10-06 16:22:32,671] {logging_mixin.py:104} INFO - [2021-10-06 16:22:32,671] {dag.py:1832} INFO - Sync 1 DAGs
[2021-10-06 16:22:32,683] {logging_mixin.py:104} INFO - [2021-10-06 16:22:32,683] {dag.py:2305} INFO - Setting next_dagrun for example_short_circuit_operator to 2021-10-04 00:00:00+00:00
[2021-10-06 16:22:32,693] {scheduler_job.py:190} INFO - Processing /home/airflow/.local/lib/python3.6/site-packages/airflow/example_dags/example_short_circuit_operator.py took 0.053 seconds
[2021-10-06 16:23:02,765] {scheduler_job.py:182} INFO - Started process (PID=681) to work on /home/airflow/.local/lib/python3.6/site-packages/airflow/example_dags/example_short_circuit_operator.py
[2021-10-06 16:23:02,767] {scheduler_job.py:633} INFO - Processing file /home/airflow/.local/lib/python3.6/site-packages/airflow/example_dags/example_short_circuit_operator.py for tasks to queue
[2021-10-06 16:23:02,767] {logging_mixin.py:104} INFO - [2021-10-06 16:23:02,767] {dagbag.py:487} INFO - Filling up the DagBag from /home/airflow/.local/lib/python3.6/site-packages/airflow/example_dags/example_short_circuit_operator.py
[2021-10-06 16:23:02,777] {scheduler_job.py:643} INFO - DAG(s) dict_keys(['example_short_circuit_operator']) retrieved from /home/airflow/.local/lib/python3.6/site-packages/airflow/example_dags/example_short_circuit_operator.py
[2021-10-06 16:23:02,794] {logging_mixin.py:104} INFO - [2021-10-06 16:23:02,794] {dag.py:1832} INFO - Sync 1 DAGs
[2021-10-06 16:23:02,807] {logging_mixin.py:104} INFO - [2021-10-06 16:23:02,806] {dag.py:2305} INFO - Setting next_dagrun for example_short_circuit_operator to 2021-10-04 00:00:00+00:00
[2021-10-06 16:23:02,818] {scheduler_job.py:190} INFO - Processing /home/airflow/.local/lib/python3.6/site-packages/airflow/example_dags/example_short_circuit_operator.py took 0.055 seconds
[2021-10-06 16:23:33,207] {scheduler_job.py:182} INFO - Started process (PID=789) to work on /home/airflow/.local/lib/python3.6/site-packages/airflow/example_dags/example_short_circuit_operator.py
[2021-10-06 16:23:33,208] {scheduler_job.py:633} INFO - Processing file /home/airflow/.local/lib/python3.6/site-packages/airflow/example_dags/example_short_circuit_operator.py for tasks to queue
[2021-10-06 16:23:33,209] {logging_mixin.py:104} INFO - [2021-10-06 16:23:33,209] {dagbag.py:487} INFO - Filling up the DagBag from /home/airflow/.local/lib/python3.6/site-packages/airflow/example_dags/example_short_circuit_operator.py
[2021-10-06 16:23:33,219] {scheduler_job.py:643} INFO - DAG(s) dict_keys(['example_short_circuit_operator']) retrieved from /home/airflow/.local/lib/python3.6/site-packages/airflow/example_dags/example_short_circuit_operator.py
[2021-10-06 16:23:33,235] {logging_mixin.py:104} INFO - [2021-10-06 16:23:33,235] {dag.py:1832} INFO - Sync 1 DAGs
[2021-10-06 16:23:33,248] {logging_mixin.py:104} INFO - [2021-10-06 16:23:33,248] {dag.py:2305} INFO - Setting next_dagrun for example_short_circuit_operator to 2021-10-04 00:00:00+00:00
[2021-10-06 16:23:33,256] {scheduler_job.py:190} INFO - Processing /home/airflow/.local/lib/python3.6/site-packages/airflow/example_dags/example_short_circuit_operator.py took 0.052 seconds
