[2021-10-06 16:20:10,306] {scheduler_job.py:182} INFO - Started process (PID=95) to work on /home/airflow/.local/lib/python3.6/site-packages/airflow/example_dags/example_branch_day_of_week_operator.py
[2021-10-06 16:20:10,307] {scheduler_job.py:633} INFO - Processing file /home/airflow/.local/lib/python3.6/site-packages/airflow/example_dags/example_branch_day_of_week_operator.py for tasks to queue
[2021-10-06 16:20:10,308] {logging_mixin.py:104} INFO - [2021-10-06 16:20:10,308] {dagbag.py:487} INFO - Filling up the DagBag from /home/airflow/.local/lib/python3.6/site-packages/airflow/example_dags/example_branch_day_of_week_operator.py
[2021-10-06 16:20:10,318] {scheduler_job.py:643} INFO - DAG(s) dict_keys(['example_weekday_branch_operator']) retrieved from /home/airflow/.local/lib/python3.6/site-packages/airflow/example_dags/example_branch_day_of_week_operator.py
[2021-10-06 16:20:11,844] {logging_mixin.py:104} INFO - [2021-10-06 16:20:11,843] {dag.py:1832} INFO - Sync 1 DAGs
[2021-10-06 16:20:11,852] {logging_mixin.py:104} INFO - [2021-10-06 16:20:11,851] {dag.py:1851} INFO - Creating ORM DAG for example_weekday_branch_operator
[2021-10-06 16:20:11,857] {logging_mixin.py:104} INFO - [2021-10-06 16:20:11,857] {dag.py:2305} INFO - Setting next_dagrun for example_weekday_branch_operator to 2021-10-04 00:00:00+00:00
[2021-10-06 16:20:11,866] {scheduler_job.py:190} INFO - Processing /home/airflow/.local/lib/python3.6/site-packages/airflow/example_dags/example_branch_day_of_week_operator.py took 1.563 seconds
[2021-10-06 16:20:42,751] {scheduler_job.py:182} INFO - Started process (PID=225) to work on /home/airflow/.local/lib/python3.6/site-packages/airflow/example_dags/example_branch_day_of_week_operator.py
[2021-10-06 16:20:42,752] {scheduler_job.py:633} INFO - Processing file /home/airflow/.local/lib/python3.6/site-packages/airflow/example_dags/example_branch_day_of_week_operator.py for tasks to queue
[2021-10-06 16:20:42,753] {logging_mixin.py:104} INFO - [2021-10-06 16:20:42,753] {dagbag.py:487} INFO - Filling up the DagBag from /home/airflow/.local/lib/python3.6/site-packages/airflow/example_dags/example_branch_day_of_week_operator.py
[2021-10-06 16:20:42,762] {scheduler_job.py:643} INFO - DAG(s) dict_keys(['example_weekday_branch_operator']) retrieved from /home/airflow/.local/lib/python3.6/site-packages/airflow/example_dags/example_branch_day_of_week_operator.py
[2021-10-06 16:20:42,777] {logging_mixin.py:104} INFO - [2021-10-06 16:20:42,777] {dag.py:1832} INFO - Sync 1 DAGs
[2021-10-06 16:20:42,790] {logging_mixin.py:104} INFO - [2021-10-06 16:20:42,790] {dag.py:2305} INFO - Setting next_dagrun for example_weekday_branch_operator to 2021-10-04 00:00:00+00:00
[2021-10-06 16:20:42,800] {scheduler_job.py:190} INFO - Processing /home/airflow/.local/lib/python3.6/site-packages/airflow/example_dags/example_branch_day_of_week_operator.py took 0.051 seconds
[2021-10-06 16:21:13,103] {scheduler_job.py:182} INFO - Started process (PID=334) to work on /home/airflow/.local/lib/python3.6/site-packages/airflow/example_dags/example_branch_day_of_week_operator.py
[2021-10-06 16:21:13,105] {scheduler_job.py:633} INFO - Processing file /home/airflow/.local/lib/python3.6/site-packages/airflow/example_dags/example_branch_day_of_week_operator.py for tasks to queue
[2021-10-06 16:21:13,106] {logging_mixin.py:104} INFO - [2021-10-06 16:21:13,106] {dagbag.py:487} INFO - Filling up the DagBag from /home/airflow/.local/lib/python3.6/site-packages/airflow/example_dags/example_branch_day_of_week_operator.py
[2021-10-06 16:21:13,116] {scheduler_job.py:643} INFO - DAG(s) dict_keys(['example_weekday_branch_operator']) retrieved from /home/airflow/.local/lib/python3.6/site-packages/airflow/example_dags/example_branch_day_of_week_operator.py
[2021-10-06 16:21:13,134] {logging_mixin.py:104} INFO - [2021-10-06 16:21:13,134] {dag.py:1832} INFO - Sync 1 DAGs
[2021-10-06 16:21:13,149] {logging_mixin.py:104} INFO - [2021-10-06 16:21:13,149] {dag.py:2305} INFO - Setting next_dagrun for example_weekday_branch_operator to 2021-10-04 00:00:00+00:00
[2021-10-06 16:21:13,158] {scheduler_job.py:190} INFO - Processing /home/airflow/.local/lib/python3.6/site-packages/airflow/example_dags/example_branch_day_of_week_operator.py took 0.057 seconds
[2021-10-06 16:21:43,449] {scheduler_job.py:182} INFO - Started process (PID=417) to work on /home/airflow/.local/lib/python3.6/site-packages/airflow/example_dags/example_branch_day_of_week_operator.py
[2021-10-06 16:21:43,450] {scheduler_job.py:633} INFO - Processing file /home/airflow/.local/lib/python3.6/site-packages/airflow/example_dags/example_branch_day_of_week_operator.py for tasks to queue
[2021-10-06 16:21:43,450] {logging_mixin.py:104} INFO - [2021-10-06 16:21:43,450] {dagbag.py:487} INFO - Filling up the DagBag from /home/airflow/.local/lib/python3.6/site-packages/airflow/example_dags/example_branch_day_of_week_operator.py
[2021-10-06 16:21:43,460] {scheduler_job.py:643} INFO - DAG(s) dict_keys(['example_weekday_branch_operator']) retrieved from /home/airflow/.local/lib/python3.6/site-packages/airflow/example_dags/example_branch_day_of_week_operator.py
[2021-10-06 16:21:43,474] {logging_mixin.py:104} INFO - [2021-10-06 16:21:43,474] {dag.py:1832} INFO - Sync 1 DAGs
[2021-10-06 16:21:43,487] {logging_mixin.py:104} INFO - [2021-10-06 16:21:43,487] {dag.py:2305} INFO - Setting next_dagrun for example_weekday_branch_operator to 2021-10-04 00:00:00+00:00
[2021-10-06 16:21:43,498] {scheduler_job.py:190} INFO - Processing /home/airflow/.local/lib/python3.6/site-packages/airflow/example_dags/example_branch_day_of_week_operator.py took 0.051 seconds
[2021-10-06 16:22:13,669] {scheduler_job.py:182} INFO - Started process (PID=526) to work on /home/airflow/.local/lib/python3.6/site-packages/airflow/example_dags/example_branch_day_of_week_operator.py
[2021-10-06 16:22:13,671] {scheduler_job.py:633} INFO - Processing file /home/airflow/.local/lib/python3.6/site-packages/airflow/example_dags/example_branch_day_of_week_operator.py for tasks to queue
[2021-10-06 16:22:13,672] {logging_mixin.py:104} INFO - [2021-10-06 16:22:13,672] {dagbag.py:487} INFO - Filling up the DagBag from /home/airflow/.local/lib/python3.6/site-packages/airflow/example_dags/example_branch_day_of_week_operator.py
[2021-10-06 16:22:13,682] {scheduler_job.py:643} INFO - DAG(s) dict_keys(['example_weekday_branch_operator']) retrieved from /home/airflow/.local/lib/python3.6/site-packages/airflow/example_dags/example_branch_day_of_week_operator.py
[2021-10-06 16:22:13,699] {logging_mixin.py:104} INFO - [2021-10-06 16:22:13,699] {dag.py:1832} INFO - Sync 1 DAGs
[2021-10-06 16:22:13,715] {logging_mixin.py:104} INFO - [2021-10-06 16:22:13,715] {dag.py:2305} INFO - Setting next_dagrun for example_weekday_branch_operator to 2021-10-04 00:00:00+00:00
[2021-10-06 16:22:13,728] {scheduler_job.py:190} INFO - Processing /home/airflow/.local/lib/python3.6/site-packages/airflow/example_dags/example_branch_day_of_week_operator.py took 0.062 seconds
[2021-10-06 16:22:44,060] {scheduler_job.py:182} INFO - Started process (PID=636) to work on /home/airflow/.local/lib/python3.6/site-packages/airflow/example_dags/example_branch_day_of_week_operator.py
[2021-10-06 16:22:44,061] {scheduler_job.py:633} INFO - Processing file /home/airflow/.local/lib/python3.6/site-packages/airflow/example_dags/example_branch_day_of_week_operator.py for tasks to queue
[2021-10-06 16:22:44,062] {logging_mixin.py:104} INFO - [2021-10-06 16:22:44,062] {dagbag.py:487} INFO - Filling up the DagBag from /home/airflow/.local/lib/python3.6/site-packages/airflow/example_dags/example_branch_day_of_week_operator.py
[2021-10-06 16:22:44,071] {scheduler_job.py:643} INFO - DAG(s) dict_keys(['example_weekday_branch_operator']) retrieved from /home/airflow/.local/lib/python3.6/site-packages/airflow/example_dags/example_branch_day_of_week_operator.py
[2021-10-06 16:22:44,086] {logging_mixin.py:104} INFO - [2021-10-06 16:22:44,086] {dag.py:1832} INFO - Sync 1 DAGs
[2021-10-06 16:22:44,101] {logging_mixin.py:104} INFO - [2021-10-06 16:22:44,101] {dag.py:2305} INFO - Setting next_dagrun for example_weekday_branch_operator to 2021-10-04 00:00:00+00:00
[2021-10-06 16:22:44,112] {scheduler_job.py:190} INFO - Processing /home/airflow/.local/lib/python3.6/site-packages/airflow/example_dags/example_branch_day_of_week_operator.py took 0.054 seconds
[2021-10-06 16:23:14,238] {scheduler_job.py:182} INFO - Started process (PID=719) to work on /home/airflow/.local/lib/python3.6/site-packages/airflow/example_dags/example_branch_day_of_week_operator.py
[2021-10-06 16:23:14,239] {scheduler_job.py:633} INFO - Processing file /home/airflow/.local/lib/python3.6/site-packages/airflow/example_dags/example_branch_day_of_week_operator.py for tasks to queue
[2021-10-06 16:23:14,240] {logging_mixin.py:104} INFO - [2021-10-06 16:23:14,240] {dagbag.py:487} INFO - Filling up the DagBag from /home/airflow/.local/lib/python3.6/site-packages/airflow/example_dags/example_branch_day_of_week_operator.py
[2021-10-06 16:23:14,252] {scheduler_job.py:643} INFO - DAG(s) dict_keys(['example_weekday_branch_operator']) retrieved from /home/airflow/.local/lib/python3.6/site-packages/airflow/example_dags/example_branch_day_of_week_operator.py
[2021-10-06 16:23:14,274] {logging_mixin.py:104} INFO - [2021-10-06 16:23:14,274] {dag.py:1832} INFO - Sync 1 DAGs
[2021-10-06 16:23:14,291] {logging_mixin.py:104} INFO - [2021-10-06 16:23:14,290] {dag.py:2305} INFO - Setting next_dagrun for example_weekday_branch_operator to 2021-10-04 00:00:00+00:00
[2021-10-06 16:23:14,301] {scheduler_job.py:190} INFO - Processing /home/airflow/.local/lib/python3.6/site-packages/airflow/example_dags/example_branch_day_of_week_operator.py took 0.066 seconds
