[2021-10-06 16:20:18,328] {scheduler_job.py:182} INFO - Started process (PID=140) to work on /home/airflow/.local/lib/python3.6/site-packages/airflow/example_dags/example_trigger_controller_dag.py
[2021-10-06 16:20:18,329] {scheduler_job.py:633} INFO - Processing file /home/airflow/.local/lib/python3.6/site-packages/airflow/example_dags/example_trigger_controller_dag.py for tasks to queue
[2021-10-06 16:20:18,329] {logging_mixin.py:104} INFO - [2021-10-06 16:20:18,329] {dagbag.py:487} INFO - Filling up the DagBag from /home/airflow/.local/lib/python3.6/site-packages/airflow/example_dags/example_trigger_controller_dag.py
[2021-10-06 16:20:18,339] {scheduler_job.py:643} INFO - DAG(s) dict_keys(['example_trigger_controller_dag']) retrieved from /home/airflow/.local/lib/python3.6/site-packages/airflow/example_dags/example_trigger_controller_dag.py
[2021-10-06 16:20:19,760] {logging_mixin.py:104} INFO - [2021-10-06 16:20:19,759] {dag.py:1832} INFO - Sync 1 DAGs
[2021-10-06 16:20:19,767] {logging_mixin.py:104} INFO - [2021-10-06 16:20:19,766] {dag.py:1851} INFO - Creating ORM DAG for example_trigger_controller_dag
[2021-10-06 16:20:19,771] {logging_mixin.py:104} INFO - [2021-10-06 16:20:19,770] {dag.py:2305} INFO - Setting next_dagrun for example_trigger_controller_dag to 2021-10-04 00:00:00+00:00
[2021-10-06 16:20:19,779] {scheduler_job.py:190} INFO - Processing /home/airflow/.local/lib/python3.6/site-packages/airflow/example_dags/example_trigger_controller_dag.py took 1.454 seconds
[2021-10-06 16:20:50,157] {scheduler_job.py:182} INFO - Started process (PID=260) to work on /home/airflow/.local/lib/python3.6/site-packages/airflow/example_dags/example_trigger_controller_dag.py
[2021-10-06 16:20:50,159] {scheduler_job.py:633} INFO - Processing file /home/airflow/.local/lib/python3.6/site-packages/airflow/example_dags/example_trigger_controller_dag.py for tasks to queue
[2021-10-06 16:20:50,160] {logging_mixin.py:104} INFO - [2021-10-06 16:20:50,159] {dagbag.py:487} INFO - Filling up the DagBag from /home/airflow/.local/lib/python3.6/site-packages/airflow/example_dags/example_trigger_controller_dag.py
[2021-10-06 16:20:50,169] {scheduler_job.py:643} INFO - DAG(s) dict_keys(['example_trigger_controller_dag']) retrieved from /home/airflow/.local/lib/python3.6/site-packages/airflow/example_dags/example_trigger_controller_dag.py
[2021-10-06 16:20:50,187] {logging_mixin.py:104} INFO - [2021-10-06 16:20:50,187] {dag.py:1832} INFO - Sync 1 DAGs
[2021-10-06 16:20:50,200] {logging_mixin.py:104} INFO - [2021-10-06 16:20:50,200] {dag.py:2305} INFO - Setting next_dagrun for example_trigger_controller_dag to 2021-10-04 00:00:00+00:00
[2021-10-06 16:20:50,209] {scheduler_job.py:190} INFO - Processing /home/airflow/.local/lib/python3.6/site-packages/airflow/example_dags/example_trigger_controller_dag.py took 0.055 seconds
[2021-10-06 16:21:20,420] {scheduler_job.py:182} INFO - Started process (PID=344) to work on /home/airflow/.local/lib/python3.6/site-packages/airflow/example_dags/example_trigger_controller_dag.py
[2021-10-06 16:21:20,421] {scheduler_job.py:633} INFO - Processing file /home/airflow/.local/lib/python3.6/site-packages/airflow/example_dags/example_trigger_controller_dag.py for tasks to queue
[2021-10-06 16:21:20,422] {logging_mixin.py:104} INFO - [2021-10-06 16:21:20,422] {dagbag.py:487} INFO - Filling up the DagBag from /home/airflow/.local/lib/python3.6/site-packages/airflow/example_dags/example_trigger_controller_dag.py
[2021-10-06 16:21:20,430] {scheduler_job.py:643} INFO - DAG(s) dict_keys(['example_trigger_controller_dag']) retrieved from /home/airflow/.local/lib/python3.6/site-packages/airflow/example_dags/example_trigger_controller_dag.py
[2021-10-06 16:21:20,445] {logging_mixin.py:104} INFO - [2021-10-06 16:21:20,445] {dag.py:1832} INFO - Sync 1 DAGs
[2021-10-06 16:21:20,457] {logging_mixin.py:104} INFO - [2021-10-06 16:21:20,456] {dag.py:2305} INFO - Setting next_dagrun for example_trigger_controller_dag to 2021-10-04 00:00:00+00:00
[2021-10-06 16:21:20,467] {scheduler_job.py:190} INFO - Processing /home/airflow/.local/lib/python3.6/site-packages/airflow/example_dags/example_trigger_controller_dag.py took 0.050 seconds
[2021-10-06 16:21:50,716] {scheduler_job.py:182} INFO - Started process (PID=453) to work on /home/airflow/.local/lib/python3.6/site-packages/airflow/example_dags/example_trigger_controller_dag.py
[2021-10-06 16:21:50,717] {scheduler_job.py:633} INFO - Processing file /home/airflow/.local/lib/python3.6/site-packages/airflow/example_dags/example_trigger_controller_dag.py for tasks to queue
[2021-10-06 16:21:50,718] {logging_mixin.py:104} INFO - [2021-10-06 16:21:50,718] {dagbag.py:487} INFO - Filling up the DagBag from /home/airflow/.local/lib/python3.6/site-packages/airflow/example_dags/example_trigger_controller_dag.py
[2021-10-06 16:21:50,729] {scheduler_job.py:643} INFO - DAG(s) dict_keys(['example_trigger_controller_dag']) retrieved from /home/airflow/.local/lib/python3.6/site-packages/airflow/example_dags/example_trigger_controller_dag.py
[2021-10-06 16:21:50,748] {logging_mixin.py:104} INFO - [2021-10-06 16:21:50,748] {dag.py:1832} INFO - Sync 1 DAGs
[2021-10-06 16:21:50,762] {logging_mixin.py:104} INFO - [2021-10-06 16:21:50,762] {dag.py:2305} INFO - Setting next_dagrun for example_trigger_controller_dag to 2021-10-04 00:00:00+00:00
[2021-10-06 16:21:50,772] {scheduler_job.py:190} INFO - Processing /home/airflow/.local/lib/python3.6/site-packages/airflow/example_dags/example_trigger_controller_dag.py took 0.059 seconds
[2021-10-06 16:22:21,022] {scheduler_job.py:182} INFO - Started process (PID=562) to work on /home/airflow/.local/lib/python3.6/site-packages/airflow/example_dags/example_trigger_controller_dag.py
[2021-10-06 16:22:21,023] {scheduler_job.py:633} INFO - Processing file /home/airflow/.local/lib/python3.6/site-packages/airflow/example_dags/example_trigger_controller_dag.py for tasks to queue
[2021-10-06 16:22:21,024] {logging_mixin.py:104} INFO - [2021-10-06 16:22:21,024] {dagbag.py:487} INFO - Filling up the DagBag from /home/airflow/.local/lib/python3.6/site-packages/airflow/example_dags/example_trigger_controller_dag.py
[2021-10-06 16:22:21,034] {scheduler_job.py:643} INFO - DAG(s) dict_keys(['example_trigger_controller_dag']) retrieved from /home/airflow/.local/lib/python3.6/site-packages/airflow/example_dags/example_trigger_controller_dag.py
[2021-10-06 16:22:21,052] {logging_mixin.py:104} INFO - [2021-10-06 16:22:21,052] {dag.py:1832} INFO - Sync 1 DAGs
[2021-10-06 16:22:21,067] {logging_mixin.py:104} INFO - [2021-10-06 16:22:21,067] {dag.py:2305} INFO - Setting next_dagrun for example_trigger_controller_dag to 2021-10-04 00:00:00+00:00
[2021-10-06 16:22:21,075] {scheduler_job.py:190} INFO - Processing /home/airflow/.local/lib/python3.6/site-packages/airflow/example_dags/example_trigger_controller_dag.py took 0.056 seconds
[2021-10-06 16:22:51,450] {scheduler_job.py:182} INFO - Started process (PID=646) to work on /home/airflow/.local/lib/python3.6/site-packages/airflow/example_dags/example_trigger_controller_dag.py
[2021-10-06 16:22:51,451] {scheduler_job.py:633} INFO - Processing file /home/airflow/.local/lib/python3.6/site-packages/airflow/example_dags/example_trigger_controller_dag.py for tasks to queue
[2021-10-06 16:22:51,452] {logging_mixin.py:104} INFO - [2021-10-06 16:22:51,452] {dagbag.py:487} INFO - Filling up the DagBag from /home/airflow/.local/lib/python3.6/site-packages/airflow/example_dags/example_trigger_controller_dag.py
[2021-10-06 16:22:51,460] {scheduler_job.py:643} INFO - DAG(s) dict_keys(['example_trigger_controller_dag']) retrieved from /home/airflow/.local/lib/python3.6/site-packages/airflow/example_dags/example_trigger_controller_dag.py
[2021-10-06 16:22:51,478] {logging_mixin.py:104} INFO - [2021-10-06 16:22:51,477] {dag.py:1832} INFO - Sync 1 DAGs
[2021-10-06 16:22:51,491] {logging_mixin.py:104} INFO - [2021-10-06 16:22:51,490] {dag.py:2305} INFO - Setting next_dagrun for example_trigger_controller_dag to 2021-10-04 00:00:00+00:00
[2021-10-06 16:22:51,503] {scheduler_job.py:190} INFO - Processing /home/airflow/.local/lib/python3.6/site-packages/airflow/example_dags/example_trigger_controller_dag.py took 0.055 seconds
[2021-10-06 16:23:21,666] {scheduler_job.py:182} INFO - Started process (PID=755) to work on /home/airflow/.local/lib/python3.6/site-packages/airflow/example_dags/example_trigger_controller_dag.py
[2021-10-06 16:23:21,667] {scheduler_job.py:633} INFO - Processing file /home/airflow/.local/lib/python3.6/site-packages/airflow/example_dags/example_trigger_controller_dag.py for tasks to queue
[2021-10-06 16:23:21,668] {logging_mixin.py:104} INFO - [2021-10-06 16:23:21,668] {dagbag.py:487} INFO - Filling up the DagBag from /home/airflow/.local/lib/python3.6/site-packages/airflow/example_dags/example_trigger_controller_dag.py
[2021-10-06 16:23:21,678] {scheduler_job.py:643} INFO - DAG(s) dict_keys(['example_trigger_controller_dag']) retrieved from /home/airflow/.local/lib/python3.6/site-packages/airflow/example_dags/example_trigger_controller_dag.py
[2021-10-06 16:23:21,696] {logging_mixin.py:104} INFO - [2021-10-06 16:23:21,696] {dag.py:1832} INFO - Sync 1 DAGs
[2021-10-06 16:23:21,712] {logging_mixin.py:104} INFO - [2021-10-06 16:23:21,712] {dag.py:2305} INFO - Setting next_dagrun for example_trigger_controller_dag to 2021-10-04 00:00:00+00:00
[2021-10-06 16:23:21,720] {scheduler_job.py:190} INFO - Processing /home/airflow/.local/lib/python3.6/site-packages/airflow/example_dags/example_trigger_controller_dag.py took 0.057 seconds
